\BOOKMARK [1][-]{section.1}{\376\377\000P\000r\000o\000g\000r\000a\000m\000\040\0001}{}% 1
\BOOKMARK [2][-]{subsection.1.1}{\376\377\000W\000a\000l\000l\000-\000C\000l\000o\000c\000k\000\040\000T\000i\000m\000e}{section.1}% 2
\BOOKMARK [2][-]{subsection.1.2}{\376\377\000I\000S}{section.1}% 3
\BOOKMARK [2][-]{subsection.1.3}{\376\377\000M\000H\000-\000G\000i\000b\000b\000s}{section.1}% 4
\BOOKMARK [2][-]{subsection.1.4}{\376\377\000H\000M\000C}{section.1}% 5
\BOOKMARK [1][-]{section.2}{\376\377\000P\000r\000o\000g\000r\000a\000m\000\040\0002}{}% 6
\BOOKMARK [2][-]{subsection.2.1}{\376\377\000W\000a\000l\000l\000-\000C\000l\000o\000c\000k\000\040\000T\000i\000m\000e}{section.2}% 7
\BOOKMARK [2][-]{subsection.2.2}{\376\377\000I\000S}{section.2}% 8
\BOOKMARK [2][-]{subsection.2.3}{\376\377\000M\000H\000-\000G\000i\000b\000b\000s}{section.2}% 9
\BOOKMARK [2][-]{subsection.2.4}{\376\377\000H\000M\000C}{section.2}% 10
\BOOKMARK [1][-]{section.3}{\376\377\000P\000r\000o\000g\000r\000a\000m\000\040\0003}{}% 11
\BOOKMARK [2][-]{subsection.3.1}{\376\377\000W\000a\000l\000l\000-\000C\000l\000o\000c\000k\000\040\000T\000i\000m\000e}{section.3}% 12
\BOOKMARK [2][-]{subsection.3.2}{\376\377\000I\000S}{section.3}% 13
\BOOKMARK [2][-]{subsection.3.3}{\376\377\000M\000H\000-\000G\000i\000b\000b\000s}{section.3}% 14
\BOOKMARK [1][-]{section.4}{\376\377\000P\000r\000o\000g\000r\000a\000m\000\040\0004}{}% 15
\BOOKMARK [2][-]{subsection.4.1}{\376\377\000W\000a\000l\000l\000-\000C\000l\000o\000c\000k\000\040\000T\000i\000m\000e}{section.4}% 16
\BOOKMARK [2][-]{subsection.4.2}{\376\377\000I\000S}{section.4}% 17
\BOOKMARK [2][-]{subsection.4.3}{\376\377\000M\000H\000-\000G\000i\000b\000b\000s}{section.4}% 18
\BOOKMARK [1][-]{section.5}{\376\377\000P\000r\000o\000g\000r\000a\000m\000\040\0005}{}% 19
\BOOKMARK [2][-]{subsection.5.1}{\376\377\000W\000a\000l\000l\000-\000C\000l\000o\000c\000k\000\040\000T\000i\000m\000e}{section.5}% 20
\BOOKMARK [2][-]{subsection.5.2}{\376\377\000I\000S}{section.5}% 21
\BOOKMARK [2][-]{subsection.5.3}{\376\377\000M\000H\000-\000G\000i\000b\000b\000s}{section.5}% 22
\BOOKMARK [2][-]{subsection.5.4}{\376\377\000H\000M\000C}{section.5}% 23
\BOOKMARK [1][-]{section.6}{\376\377\000C\000o\000d\000e\000\040\000S\000n\000i\000p\000p\000e\000t\000s}{}% 24
