This is pdfTeX, Version 3.14159265-2.6-1.40.21 (TeX Live 2020) (preloaded format=pdflatex 2020.4.7)  27 OCT 2021 13:35
entering extended mode
 restricted \write18 enabled.
 %&-line parsing enabled.
**532hw3.tex
(./532hw3.tex
LaTeX2e <2020-02-02> patch level 5
L3 programming layer <2020-03-06>
(/usr/local/texlive/2020/texmf-dist/tex/latex/base/article.cls
Document Class: article 2019/12/20 v1.4l Standard LaTeX document class
(/usr/local/texlive/2020/texmf-dist/tex/latex/base/size10.clo
File: size10.clo 2019/12/20 v1.4l Standard LaTeX file (size option)
)
\c@part=\count167
\c@section=\count168
\c@subsection=\count169
\c@subsubsection=\count170
\c@paragraph=\count171
\c@subparagraph=\count172
\c@figure=\count173
\c@table=\count174
\abovecaptionskip=\skip47
\belowcaptionskip=\skip48
\bibindent=\dimen134
)
(/usr/local/texlive/2020/texmf-dist/tex/latex/geometry/geometry.sty
Package: geometry 2020/01/02 v5.9 Page Geometry

(/usr/local/texlive/2020/texmf-dist/tex/latex/graphics/keyval.sty
Package: keyval 2014/10/28 v1.15 key=value parser (DPC)
\KV@toks@=\toks15
)
(/usr/local/texlive/2020/texmf-dist/tex/generic/iftex/ifvtex.sty
Package: ifvtex 2019/10/25 v1.7 ifvtex legacy package. Use iftex instead.

(/usr/local/texlive/2020/texmf-dist/tex/generic/iftex/iftex.sty
Package: iftex 2020/03/06 v1.0d TeX engine tests
))
\Gm@cnth=\count175
\Gm@cntv=\count176
\c@Gm@tempcnt=\count177
\Gm@bindingoffset=\dimen135
\Gm@wd@mp=\dimen136
\Gm@odd@mp=\dimen137
\Gm@even@mp=\dimen138
\Gm@layoutwidth=\dimen139
\Gm@layoutheight=\dimen140
\Gm@layouthoffset=\dimen141
\Gm@layoutvoffset=\dimen142
\Gm@dimlist=\toks16
)
(/usr/local/texlive/2020/texmf-dist/tex/latex/amsmath/amsmath.sty
Package: amsmath 2020/01/20 v2.17e AMS math features
\@mathmargin=\skip49

For additional information on amsmath, use the `?' option.
(/usr/local/texlive/2020/texmf-dist/tex/latex/amsmath/amstext.sty
Package: amstext 2000/06/29 v2.01 AMS text

(/usr/local/texlive/2020/texmf-dist/tex/latex/amsmath/amsgen.sty
File: amsgen.sty 1999/11/30 v2.0 generic functions
\@emptytoks=\toks17
\ex@=\dimen143
))
(/usr/local/texlive/2020/texmf-dist/tex/latex/amsmath/amsbsy.sty
Package: amsbsy 1999/11/29 v1.2d Bold Symbols
\pmbraise@=\dimen144
)
(/usr/local/texlive/2020/texmf-dist/tex/latex/amsmath/amsopn.sty
Package: amsopn 2016/03/08 v2.02 operator names
)
\inf@bad=\count178
LaTeX Info: Redefining \frac on input line 227.
\uproot@=\count179
\leftroot@=\count180
LaTeX Info: Redefining \overline on input line 389.
\classnum@=\count181
\DOTSCASE@=\count182
LaTeX Info: Redefining \ldots on input line 486.
LaTeX Info: Redefining \dots on input line 489.
LaTeX Info: Redefining \cdots on input line 610.
\Mathstrutbox@=\box45
\strutbox@=\box46
\big@size=\dimen145
LaTeX Font Info:    Redeclaring font encoding OML on input line 733.
LaTeX Font Info:    Redeclaring font encoding OMS on input line 734.
\macc@depth=\count183
\c@MaxMatrixCols=\count184
\dotsspace@=\muskip16
\c@parentequation=\count185
\dspbrk@lvl=\count186
\tag@help=\toks18
\row@=\count187
\column@=\count188
\maxfields@=\count189
\andhelp@=\toks19
\eqnshift@=\dimen146
\alignsep@=\dimen147
\tagshift@=\dimen148
\tagwidth@=\dimen149
\totwidth@=\dimen150
\lineht@=\dimen151
\@envbody=\toks20
\multlinegap=\skip50
\multlinetaggap=\skip51
\mathdisplay@stack=\toks21
LaTeX Info: Redefining \[ on input line 2859.
LaTeX Info: Redefining \] on input line 2860.
)
(/usr/local/texlive/2020/texmf-dist/tex/latex/amsfonts/amsfonts.sty
Package: amsfonts 2013/01/14 v3.01 Basic AMSFonts support
\symAMSa=\mathgroup4
\symAMSb=\mathgroup5
LaTeX Font Info:    Redeclaring math symbol \hbar on input line 98.
LaTeX Font Info:    Overwriting math alphabet `\mathfrak' in version `bold'
(Font)                  U/euf/m/n --> U/euf/b/n on input line 106.
)
(/usr/local/texlive/2020/texmf-dist/tex/latex/amscls/amsthm.sty
Package: amsthm 2017/10/31 v2.20.4
\thm@style=\toks22
\thm@bodyfont=\toks23
\thm@headfont=\toks24
\thm@notefont=\toks25
\thm@headpunct=\toks26
\thm@preskip=\skip52
\thm@postskip=\skip53
\thm@headsep=\skip54
\dth@everypar=\toks27
)
(/usr/local/texlive/2020/texmf-dist/tex/latex/amsfonts/amssymb.sty
Package: amssymb 2013/01/14 v3.01 AMS font symbols
)
(/usr/local/texlive/2020/texmf-dist/tex/latex/graphics/graphicx.sty
Package: graphicx 2019/11/30 v1.2a Enhanced LaTeX Graphics (DPC,SPQR)

(/usr/local/texlive/2020/texmf-dist/tex/latex/graphics/graphics.sty
Package: graphics 2019/11/30 v1.4a Standard LaTeX Graphics (DPC,SPQR)

(/usr/local/texlive/2020/texmf-dist/tex/latex/graphics/trig.sty
Package: trig 2016/01/03 v1.10 sin cos tan (DPC)
)
(/usr/local/texlive/2020/texmf-dist/tex/latex/graphics-cfg/graphics.cfg
File: graphics.cfg 2016/06/04 v1.11 sample graphics configuration
)
Package graphics Info: Driver file: pdftex.def on input line 105.

(/usr/local/texlive/2020/texmf-dist/tex/latex/graphics-def/pdftex.def
File: pdftex.def 2018/01/08 v1.0l Graphics/color driver for pdftex
))
\Gin@req@height=\dimen152
\Gin@req@width=\dimen153
)
(/usr/local/texlive/2020/texmf-dist/tex/latex/float/float.sty
Package: float 2001/11/08 v1.3d Float enhancements (AL)
\c@float@type=\count190
\float@exts=\toks28
\float@box=\box47
\@float@everytoks=\toks29
\@floatcapt=\box48
)
(/usr/local/texlive/2020/texmf-dist/tex/latex/setspace/setspace.sty
Package: setspace 2011/12/19 v6.7a set line spacing
)
(/usr/local/texlive/2020/texmf-dist/tex/latex/tools/bm.sty
Package: bm 2019/07/24 v1.2d Bold Symbol Support (DPC/FMi)
\symboldoperators=\mathgroup6
\symboldletters=\mathgroup7
\symboldsymbols=\mathgroup8
LaTeX Font Info:    Redeclaring math alphabet \mathbf on input line 141.
LaTeX Info: Redefining \bm on input line 209.
)
(/usr/local/texlive/2020/texmf-dist/tex/latex/base/inputenc.sty
Package: inputenc 2018/08/11 v1.3c Input encoding file
\inpenc@prehook=\toks30
\inpenc@posthook=\toks31
)
(/usr/local/texlive/2020/texmf-dist/tex/latex/titlesec/titlesec.sty
Package: titlesec 2019/10/16 v2.13 Sectioning titles
\ttl@box=\box49
\beforetitleunit=\skip55
\aftertitleunit=\skip56
\ttl@plus=\dimen154
\ttl@minus=\dimen155
\ttl@toksa=\toks32
\titlewidth=\dimen156
\titlewidthlast=\dimen157
\titlewidthfirst=\dimen158
)
(/usr/local/texlive/2020/texmf-dist/tex/latex/biblatex/biblatex.sty
Package: biblatex 2019/12/01 v3.14 programmable bibliographies (PK/MW)

(/usr/local/texlive/2020/texmf-dist/tex/latex/pdftexcmds/pdftexcmds.sty
Package: pdftexcmds 2019/11/24 v0.31 Utility functions of pdfTeX for LuaTeX (HO
)

(/usr/local/texlive/2020/texmf-dist/tex/generic/infwarerr/infwarerr.sty
Package: infwarerr 2019/12/03 v1.5 Providing info/warning/error messages (HO)
)
(/usr/local/texlive/2020/texmf-dist/tex/generic/ltxcmds/ltxcmds.sty
Package: ltxcmds 2019/12/15 v1.24 LaTeX kernel commands for general use (HO)
)
Package pdftexcmds Info: \pdf@primitive is available.
Package pdftexcmds Info: \pdf@ifprimitive is available.
Package pdftexcmds Info: \pdfdraftmode found.
)
(/usr/local/texlive/2020/texmf-dist/tex/latex/etoolbox/etoolbox.sty
Package: etoolbox 2019/09/21 v2.5h e-TeX tools for LaTeX (JAW)
\etb@tempcnta=\count191
)
(/usr/local/texlive/2020/texmf-dist/tex/latex/kvoptions/kvoptions.sty
Package: kvoptions 2019/11/29 v3.13 Key value format for package options (HO)

(/usr/local/texlive/2020/texmf-dist/tex/generic/kvsetkeys/kvsetkeys.sty
Package: kvsetkeys 2019/12/15 v1.18 Key value parser (HO)
))
(/usr/local/texlive/2020/texmf-dist/tex/latex/logreq/logreq.sty
Package: logreq 2010/08/04 v1.0 xml request logger
\lrq@indent=\count192

(/usr/local/texlive/2020/texmf-dist/tex/latex/logreq/logreq.def
File: logreq.def 2010/08/04 v1.0 logreq spec v1.0
))
(/usr/local/texlive/2020/texmf-dist/tex/latex/base/ifthen.sty
Package: ifthen 2014/09/29 v1.1c Standard LaTeX ifthen package (DPC)
)
(/usr/local/texlive/2020/texmf-dist/tex/latex/url/url.sty
\Urlmuskip=\muskip17
Package: url 2013/09/16  ver 3.4  Verb mode for urls, etc.
)
\c@tabx@nest=\count193
\c@listtotal=\count194
\c@listcount=\count195
\c@liststart=\count196
\c@liststop=\count197
\c@citecount=\count198
\c@citetotal=\count199
\c@multicitecount=\count266
\c@multicitetotal=\count267
\c@instcount=\count268
\c@maxnames=\count269
\c@minnames=\count270
\c@maxitems=\count271
\c@minitems=\count272
\c@citecounter=\count273
\c@maxcitecounter=\count274
\c@savedcitecounter=\count275
\c@uniquelist=\count276
\c@uniquename=\count277
\c@refsection=\count278
\c@refsegment=\count279
\c@maxextratitle=\count280
\c@maxextratitleyear=\count281
\c@maxextraname=\count282
\c@maxextradate=\count283
\c@maxextraalpha=\count284
\c@abbrvpenalty=\count285
\c@highnamepenalty=\count286
\c@lownamepenalty=\count287
\c@maxparens=\count288
\c@parenlevel=\count289
\blx@tempcnta=\count290
\blx@tempcntb=\count291
\blx@tempcntc=\count292
\blx@maxsection=\count293
\blx@maxsegment@0=\count294
\blx@notetype=\count295
\blx@parenlevel@text=\count296
\blx@parenlevel@foot=\count297
\blx@sectionciteorder@0=\count298
\blx@entrysetcounter=\count299
\labelnumberwidth=\skip57
\labelalphawidth=\skip58
\biblabelsep=\skip59
\bibitemsep=\skip60
\bibnamesep=\skip61
\bibinitsep=\skip62
\bibparsep=\skip63
\bibhang=\skip64
\blx@bcfin=\read2
\blx@bcfout=\write3
\blx@langwohyphens=\language86
\c@mincomprange=\count300
\c@maxcomprange=\count301
\c@mincompwidth=\count302
Package biblatex Info: Trying to load biblatex default data model...
Package biblatex Info: ... file 'blx-dm.def' found.

(/usr/local/texlive/2020/texmf-dist/tex/latex/biblatex/blx-dm.def
File: blx-dm.def 2019/12/01 v3.14 biblatex localization (PK/MW)
)
Package biblatex Info: Trying to load biblatex style data model...
Package biblatex Info: ... file 'numeric.dbx' not found.
Package biblatex Info: Trying to load biblatex custom data model...
Package biblatex Info: ... file 'biblatex-dm.cfg' not found.
\c@afterword=\count303
\c@savedafterword=\count304
\c@annotator=\count305
\c@savedannotator=\count306
\c@author=\count307
\c@savedauthor=\count308
\c@bookauthor=\count309
\c@savedbookauthor=\count310
\c@commentator=\count311
\c@savedcommentator=\count312
\c@editor=\count313
\c@savededitor=\count314
\c@editora=\count315
\c@savededitora=\count316
\c@editorb=\count317
\c@savededitorb=\count318
\c@editorc=\count319
\c@savededitorc=\count320
\c@foreword=\count321
\c@savedforeword=\count322
\c@holder=\count323
\c@savedholder=\count324
\c@introduction=\count325
\c@savedintroduction=\count326
\c@namea=\count327
\c@savednamea=\count328
\c@nameb=\count329
\c@savednameb=\count330
\c@namec=\count331
\c@savednamec=\count332
\c@translator=\count333
\c@savedtranslator=\count334
\c@shortauthor=\count335
\c@savedshortauthor=\count336
\c@shorteditor=\count337
\c@savedshorteditor=\count338
\c@labelname=\count339
\c@savedlabelname=\count340
\c@institution=\count341
\c@savedinstitution=\count342
\c@lista=\count343
\c@savedlista=\count344
\c@listb=\count345
\c@savedlistb=\count346
\c@listc=\count347
\c@savedlistc=\count348
\c@listd=\count349
\c@savedlistd=\count350
\c@liste=\count351
\c@savedliste=\count352
\c@listf=\count353
\c@savedlistf=\count354
\c@location=\count355
\c@savedlocation=\count356
\c@organization=\count357
\c@savedorganization=\count358
\c@origlocation=\count359
\c@savedoriglocation=\count360
\c@origpublisher=\count361
\c@savedorigpublisher=\count362
\c@publisher=\count363
\c@savedpublisher=\count364
\c@language=\count365
\c@savedlanguage=\count366
\c@origlanguage=\count367
\c@savedoriglanguage=\count368
\c@pageref=\count369
\c@savedpageref=\count370
\shorthandwidth=\skip65
\shortjournalwidth=\skip66
\shortserieswidth=\skip67
\shorttitlewidth=\skip68
\shortauthorwidth=\skip69
\shorteditorwidth=\skip70
\locallabelnumberwidth=\skip71
\locallabelalphawidth=\skip72
\localshorthandwidth=\skip73
\localshortjournalwidth=\skip74
\localshortserieswidth=\skip75
\localshorttitlewidth=\skip76
\localshortauthorwidth=\skip77
\localshorteditorwidth=\skip78
Package biblatex Info: Trying to load compatibility code...
Package biblatex Info: ... file 'blx-compat.def' found.

(/usr/local/texlive/2020/texmf-dist/tex/latex/biblatex/blx-compat.def
File: blx-compat.def 2019/12/01 v3.14 biblatex compatibility (PK/MW)
)
Package biblatex Info: Trying to load generic definitions...
Package biblatex Info: ... file 'biblatex.def' found.

(/usr/local/texlive/2020/texmf-dist/tex/latex/biblatex/biblatex.def
File: biblatex.def 2019/12/01 v3.14 biblatex compatibility (PK/MW)
\c@textcitecount=\count371
\c@textcitetotal=\count372
\c@textcitemaxnames=\count373
\c@biburlbigbreakpenalty=\count374
\c@biburlbreakpenalty=\count375
\c@biburlnumpenalty=\count376
\c@biburlucpenalty=\count377
\c@biburllcpenalty=\count378
\biburlbigskip=\muskip18
\biburlnumskip=\muskip19
\biburlucskip=\muskip20
\biburllcskip=\muskip21
\c@smartand=\count379
)
Package biblatex Info: Trying to load bibliography style 'numeric'...
Package biblatex Info: ... file 'numeric.bbx' found.

(/usr/local/texlive/2020/texmf-dist/tex/latex/biblatex/bbx/numeric.bbx
File: numeric.bbx 2019/12/01 v3.14 biblatex bibliography style (PK/MW)
Package biblatex Info: Trying to load bibliography style 'standard'...
Package biblatex Info: ... file 'standard.bbx' found.

(/usr/local/texlive/2020/texmf-dist/tex/latex/biblatex/bbx/standard.bbx
File: standard.bbx 2019/12/01 v3.14 biblatex bibliography style (PK/MW)
\c@bbx:relatedcount=\count380
\c@bbx:relatedtotal=\count381
))
Package biblatex Info: Trying to load citation style 'numeric'...
Package biblatex Info: ... file 'numeric.cbx' found.

(/usr/local/texlive/2020/texmf-dist/tex/latex/biblatex/cbx/numeric.cbx
File: numeric.cbx 2019/12/01 v3.14 biblatex citation style (PK/MW)
Package biblatex Info: Redefining '\cite'.
Package biblatex Info: Redefining '\parencite'.
Package biblatex Info: Redefining '\footcite'.
Package biblatex Info: Redefining '\footcitetext'.
Package biblatex Info: Redefining '\smartcite'.
Package biblatex Info: Redefining '\supercite'.
Package biblatex Info: Redefining '\textcite'.
Package biblatex Info: Redefining '\textcites'.
Package biblatex Info: Redefining '\cites'.
Package biblatex Info: Redefining '\parencites'.
Package biblatex Info: Redefining '\smartcites'.
)
Package biblatex Info: Trying to load configuration file...
Package biblatex Info: ... file 'biblatex.cfg' found.

(/usr/local/texlive/2020/texmf-dist/tex/latex/biblatex/biblatex.cfg
File: biblatex.cfg 
))
(/usr/local/texlive/2020/texmf-dist/tex/latex/csquotes/csquotes.sty
Package: csquotes 2019-12-06 v5.2j context-sensitive quotations (JAW)
\csq@reset=\count382
\csq@gtype=\count383
\csq@glevel=\count384
\csq@qlevel=\count385
\csq@maxlvl=\count386
\csq@tshold=\count387
\csq@ltx@everypar=\toks33

(/usr/local/texlive/2020/texmf-dist/tex/latex/csquotes/csquotes.def
File: csquotes.def 2019-12-06 v5.2j csquotes generic definitions (JAW)
)
Package csquotes Info: Trying to load configuration file 'csquotes.cfg'...
Package csquotes Info: ... configuration file loaded successfully.

(/usr/local/texlive/2020/texmf-dist/tex/latex/csquotes/csquotes.cfg
File: csquotes.cfg 
)
Package csquotes Info: Enabling multilingual quotes.
)
(/usr/local/texlive/2020/texmf-dist/tex/latex/breqn/breqn.sty
(/usr/local/texlive/2020/texmf-dist/tex/latex/l3kernel/expl3.sty
Package: expl3 2020-03-06 L3 programming layer (loader) 

(/usr/local/texlive/2020/texmf-dist/tex/latex/l3backend/l3backend-pdfmode.def
File: l3backend-pdfmode.def 2020-03-12 L3 backend support: PDF mode
\l__kernel_color_stack_int=\count388
\l__pdf_internal_box=\box50
))
Package: breqn 2020/02/18 v0.98i Breaking equations
(/usr/local/texlive/2020/texmf-dist/tex/latex/breqn/flexisym.sty
Package: flexisym 2020/02/18 v0.98i Make math characters macros
LaTeX Info: Redefining \textprime on input line 298.
LaTeX Info: Redefining \not on input line 356.

(/usr/local/texlive/2020/texmf-dist/tex/latex/breqn/cmbase.sym
File: cmbase.sym 2007/12/19 v0.92
LaTeX Info: Redefining \hbar on input line 323.
LaTeX Info: Redefining \surd on input line 325.
LaTeX Info: Redefining \angle on input line 333.
LaTeX Info: Redefining \neq on input line 334.
LaTeX Info: Redefining \mapsto on input line 335.
LaTeX Info: Redefining \cong on input line 336.
LaTeX Info: Redefining \notin on input line 339.
LaTeX Info: Redefining \rightleftharpoons on input line 340.
LaTeX Info: Redefining \doteq on input line 341.
LaTeX Info: Redefining \hookrightarrow on input line 342.
LaTeX Info: Redefining \hookleftarrow on input line 343.
LaTeX Info: Redefining \bowtie on input line 344.
LaTeX Info: Redefining \models on input line 345.
LaTeX Info: Redefining \Longrightarrow on input line 346.
LaTeX Info: Redefining \longrightarrow on input line 347.
LaTeX Info: Redefining \Longleftarrow on input line 348.
LaTeX Info: Redefining \longleftarrow on input line 349.
LaTeX Info: Redefining \longmapsto on input line 350.
LaTeX Info: Redefining \longleftrightarrow on input line 351.
LaTeX Info: Redefining \Longleftrightarrow on input line 352.
LaTeX Info: Redefining \cdots on input line 356.
LaTeX Info: Redefining \vdots on input line 359.
LaTeX Info: Redefining \ddots on input line 364.
)
(/usr/local/texlive/2020/texmf-dist/tex/latex/breqn/mathstyle.sty
Package: mathstyle 2020/02/18 v0.98i Tracking mathstyle implicitly
LaTeX Info: Redefining \displaystyle on input line 93.
LaTeX Info: Redefining \textstyle on input line 95.
LaTeX Info: Redefining \scriptstyle on input line 97.
LaTeX Info: Redefining \scriptscriptstyle on input line 99.
LaTeX Info: Redefining \genfrac on input line 145.
))
(/usr/local/texlive/2020/texmf-dist/tex/latex/tools/calc.sty
Package: calc 2017/05/25 v4.3 Infix arithmetic (KKT,FJ)
\calc@Acount=\count389
\calc@Bcount=\count390
\calc@Adimen=\dimen159
\calc@Bdimen=\dimen160
\calc@Askip=\skip79
\calc@Bskip=\skip80
LaTeX Info: Redefining \setlength on input line 80.
LaTeX Info: Redefining \addtolength on input line 81.
\calc@Ccount=\count391
\calc@Cskip=\skip81
)
\inf@bad=\count392
\maxint=\count393
\listwidth=\dimen161
\eqnumsep=\dimen162
\eqmargin=\dimen163
\eqlinespacing=\skip82
\eqlineskip=\skip83
\eqlineskiplimit=\dimen164
\eqbinoffset=\muskip22
\eqdelimoffset=\muskip23
\eqindentstep=\dimen165
\eqstyle=\toks34
\eqbreakdepth=\count394
\eqinterlinepenalty=\count395
\intereqpenalty=\count396
\intereqskip=\skip84
\prerelpenalty=\count397
\prebinoppenalty=\count398
\Dmedmuskip=\muskip24
\Dthickmuskip=\muskip25
\eqleftskip=\skip85
\eqrightskip=\skip86
\eq@vspan=\skip87
\eq@binoffset=\muskip26
\EQ@box=\box51
\EQ@copy=\box52
\EQ@numbox=\box53
\eq@wdNum=\dimen166
\GRP@numbox=\box54
\grp@wdNum=\dimen167
\eq@lines=\count399
\eq@curline=\count400
\eq@badness=\count401
\EQ@vims=\count402
\eq@dp=\dimen168
\eq@wdL=\dimen169
\eq@wdT=\dimen170
\eq@wdMin=\dimen171
\grp@wdL=\dimen172
\grp@wdR=\dimen173
\grp@wdT=\dimen174
\eq@wdRmax=\dimen175
\eq@firstht=\dimen176
\eq@wdCond=\dimen177
\eq@indentstep=\dimen178
\eq@linewidth=\dimen179
\grp@linewidth=\dimen180
\eq@hshift=\dimen181
\eq@given@sidespace=\dimen182
\mathindent=\dimen183
\eq@final@linecount=\count403
\eq@wdR=\dimen184
\EQ@continue=\toks35
\lr@level=\count404
\GRP@queue=\toks36
\GRP@box=\box55
\GRP@wholebox=\box56
\darraycolsep=\skip88
\cur@row=\count405
\cur@col=\count406
\conditionsep=\skip89
)
(/usr/local/texlive/2020/texmf-dist/tex/latex/subfig/subfig.sty
Package: subfig 2005/06/28 ver: 1.3 subfig package

(/usr/local/texlive/2020/texmf-dist/tex/latex/caption/caption.sty
Package: caption 2020/01/03 v3.4h Customizing captions (AR)

(/usr/local/texlive/2020/texmf-dist/tex/latex/caption/caption3.sty
Package: caption3 2020/01/03 v1.8h caption3 kernel (AR)
Package caption3 Info: TeX engine: e-TeX on input line 61.
\captionmargin=\dimen185
\captionmargin@=\dimen186
\captionwidth=\dimen187
\caption@tempdima=\dimen188
\caption@indent=\dimen189
\caption@parindent=\dimen190
\caption@hangindent=\dimen191
Package caption Info: Standard document class detected.
)
\c@caption@flags=\count407
\c@continuedfloat=\count408
Package caption Info: float package is loaded.
)
\c@KVtest=\count409
\sf@farskip=\skip90
\sf@captopadj=\dimen192
\sf@capskip=\skip91
\sf@nearskip=\skip92
\c@subfigure=\count410
\c@subfigure@save=\count411
\c@lofdepth=\count412
\c@subtable=\count413
\c@subtable@save=\count414
\c@lotdepth=\count415
\sf@top=\skip93
\sf@bottom=\skip94
)
(/usr/local/texlive/2020/texmf-dist/tex/latex/footmisc/footmisc.sty
Package: footmisc 2011/06/06 v5.5b a miscellany of footnote facilities
\FN@temptoken=\toks37
\footnotemargin=\dimen193
\c@pp@next@reset=\count416
Package footmisc Info: Declaring symbol style bringhurst on input line 855.
Package footmisc Info: Declaring symbol style chicago on input line 863.
Package footmisc Info: Declaring symbol style wiley on input line 872.
Package footmisc Info: Declaring symbol style lamport-robust on input line 883.

Package footmisc Info: Declaring symbol style lamport* on input line 903.
Package footmisc Info: Declaring symbol style lamport*-robust on input line 924
.
)
(/usr/local/texlive/2020/texmf-dist/tex/latex/adjustbox/adjustbox.sty
Package: adjustbox 2019/01/04 v1.2 Adjusting TeX boxes (trim, clip, ...)

(/usr/local/texlive/2020/texmf-dist/tex/latex/xkeyval/xkeyval.sty
Package: xkeyval 2014/12/03 v2.7a package option processing (HA)

(/usr/local/texlive/2020/texmf-dist/tex/generic/xkeyval/xkeyval.tex
(/usr/local/texlive/2020/texmf-dist/tex/generic/xkeyval/xkvutils.tex
\XKV@toks=\toks38
\XKV@tempa@toks=\toks39
)
\XKV@depth=\count417
File: xkeyval.tex 2014/12/03 v2.7a key=value parser (HA)
))
(/usr/local/texlive/2020/texmf-dist/tex/latex/adjustbox/adjcalc.sty
Package: adjcalc 2012/05/16 v1.1 Provides advanced setlength with multiple back
-ends (calc, etex, pgfmath)
)
(/usr/local/texlive/2020/texmf-dist/tex/latex/adjustbox/trimclip.sty
Package: trimclip 2018/04/08 v1.1 Trim and clip general TeX material

(/usr/local/texlive/2020/texmf-dist/tex/latex/collectbox/collectbox.sty
Package: collectbox 2012/05/17 v0.4b Collect macro arguments as boxes
\collectedbox=\box57
)
\tc@llx=\dimen194
\tc@lly=\dimen195
\tc@urx=\dimen196
\tc@ury=\dimen197
Package trimclip Info: Using driver 'tc-pdftex.def'.

(/usr/local/texlive/2020/texmf-dist/tex/latex/adjustbox/tc-pdftex.def
File: tc-pdftex.def 2019/01/04 v2.2 Clipping driver for pdftex
))
\adjbox@Width=\dimen198
\adjbox@Height=\dimen199
\adjbox@Depth=\dimen256
\adjbox@Totalheight=\dimen257
\adjbox@pwidth=\dimen258
\adjbox@pheight=\dimen259
\adjbox@pdepth=\dimen260
\adjbox@ptotalheight=\dimen261

(/usr/local/texlive/2020/texmf-dist/tex/latex/ifoddpage/ifoddpage.sty
Package: ifoddpage 2016/04/23 v1.1 Conditionals for odd/even page detection
\c@checkoddpage=\count418
)
(/usr/local/texlive/2020/texmf-dist/tex/latex/varwidth/varwidth.sty
Package: varwidth 2009/03/30 ver 0.92;  Variable-width minipages
\@vwid@box=\box58
\sift@deathcycles=\count419
\@vwid@loff=\dimen262
\@vwid@roff=\dimen263
))
(/usr/local/texlive/2020/texmf-dist/tex/latex/lipsum/lipsum.sty
(/usr/local/texlive/2020/texmf-dist/tex/latex/l3packages/xparse/xparse.sty
Package: xparse 2020-03-06 L3 Experimental document command parser
\l__xparse_current_arg_int=\count420
\g__xparse_grabber_int=\count421
\l__xparse_m_args_int=\count422
\l__xparse_v_nesting_int=\count423
)
Package: lipsum 2019/01/02 v2.2 150 paragraphs of Lorem Ipsum dummy text

(/usr/local/texlive/2020/texmf-dist/tex/latex/lipsum/lipsum.ltd.tex
File: lipsum.ltd.tex 2019/01/02 v2.2 The Lorem ipsum dummy text
))
(/usr/local/texlive/2020/texmf-dist/tex/latex/hyperref/hyperref.sty
Package: hyperref 2020/01/14 v7.00d Hypertext links for LaTeX

(/usr/local/texlive/2020/texmf-dist/tex/generic/kvdefinekeys/kvdefinekeys.sty
Package: kvdefinekeys 2019-12-19 v1.6 Define keys (HO)
)
(/usr/local/texlive/2020/texmf-dist/tex/generic/pdfescape/pdfescape.sty
Package: pdfescape 2019/12/09 v1.15 Implements pdfTeX's escape features (HO)
)
(/usr/local/texlive/2020/texmf-dist/tex/latex/hycolor/hycolor.sty
Package: hycolor 2020-01-27 v1.10 Color options for hyperref/bookmark (HO)
)
(/usr/local/texlive/2020/texmf-dist/tex/latex/letltxmacro/letltxmacro.sty
Package: letltxmacro 2019/12/03 v1.6 Let assignment for LaTeX macros (HO)
)
(/usr/local/texlive/2020/texmf-dist/tex/latex/auxhook/auxhook.sty
Package: auxhook 2019-12-17 v1.6 Hooks for auxiliary files (HO)
)
\@linkdim=\dimen264
\Hy@linkcounter=\count424
\Hy@pagecounter=\count425

(/usr/local/texlive/2020/texmf-dist/tex/latex/hyperref/pd1enc.def
File: pd1enc.def 2020/01/14 v7.00d Hyperref: PDFDocEncoding definition (HO)
Now handling font encoding PD1 ...
... no UTF-8 mapping file for font encoding PD1
)
(/usr/local/texlive/2020/texmf-dist/tex/generic/intcalc/intcalc.sty
Package: intcalc 2019/12/15 v1.3 Expandable calculations with integers (HO)
)
(/usr/local/texlive/2020/texmf-dist/tex/generic/etexcmds/etexcmds.sty
Package: etexcmds 2019/12/15 v1.7 Avoid name clashes with e-TeX commands (HO)
)
\Hy@SavedSpaceFactor=\count426
Package hyperref Info: Hyper figures OFF on input line 4547.
Package hyperref Info: Link nesting OFF on input line 4552.
Package hyperref Info: Hyper index ON on input line 4555.
Package hyperref Info: Plain pages OFF on input line 4562.
Package hyperref Info: Backreferencing OFF on input line 4567.
Package hyperref Info: Implicit mode ON; LaTeX internals redefined.
Package hyperref Info: Bookmarks ON on input line 4800.
\c@Hy@tempcnt=\count427
LaTeX Info: Redefining \url on input line 5159.
\XeTeXLinkMargin=\dimen265

(/usr/local/texlive/2020/texmf-dist/tex/generic/bitset/bitset.sty
Package: bitset 2019/12/09 v1.3 Handle bit-vector datatype (HO)

(/usr/local/texlive/2020/texmf-dist/tex/generic/bigintcalc/bigintcalc.sty
Package: bigintcalc 2019/12/15 v1.5 Expandable calculations on big integers (HO
)
))
\Fld@menulength=\count428
\Field@Width=\dimen266
\Fld@charsize=\dimen267
Package hyperref Info: Hyper figures OFF on input line 6430.
Package hyperref Info: Link nesting OFF on input line 6435.
Package hyperref Info: Hyper index ON on input line 6438.
Package hyperref Info: backreferencing OFF on input line 6445.
Package hyperref Info: Link coloring OFF on input line 6450.
Package hyperref Info: Link coloring with OCG OFF on input line 6455.
Package hyperref Info: PDF/A mode OFF on input line 6460.
LaTeX Info: Redefining \ref on input line 6500.
LaTeX Info: Redefining \pageref on input line 6504.

(/usr/local/texlive/2020/texmf-dist/tex/generic/atbegshi/atbegshi.sty
Package: atbegshi 2019/12/05 v1.19 At begin shipout hook (HO)
)
\Hy@abspage=\count429
\c@Item=\count430
\c@Hfootnote=\count431
)
Package hyperref Info: Driver (autodetected): hpdftex.

(/usr/local/texlive/2020/texmf-dist/tex/latex/hyperref/hpdftex.def
File: hpdftex.def 2020/01/14 v7.00d Hyperref driver for pdfTeX

(/usr/local/texlive/2020/texmf-dist/tex/latex/atveryend/atveryend.sty
Package: atveryend 2019-12-11 v1.11 Hooks at the very end of document (HO)
)
\Fld@listcount=\count432
\c@bookmark@seq@number=\count433

(/usr/local/texlive/2020/texmf-dist/tex/latex/rerunfilecheck/rerunfilecheck.sty
Package: rerunfilecheck 2019/12/05 v1.9 Rerun checks for auxiliary files (HO)

(/usr/local/texlive/2020/texmf-dist/tex/generic/uniquecounter/uniquecounter.sty
Package: uniquecounter 2019/12/15 v1.4 Provide unlimited unique counter (HO)
)
Package uniquecounter Info: New unique counter `rerunfilecheck' on input line 2
86.
)
\Hy@SectionHShift=\skip95
) (/usr/local/texlive/2020/texmf-dist/tex/latex/algorithm2e/algorithm2e.sty
Package: algorithm2e 2017/07/18 v5.2 algorithms environments
\c@AlgoLine=\count434
\algocf@hangindent=\skip96

(/usr/local/texlive/2020/texmf-dist/tex/latex/tools/xspace.sty
Package: xspace 2014/10/28 v1.13 Space after command names (DPC,MH)
)
(/usr/local/texlive/2020/texmf-dist/tex/latex/relsize/relsize.sty
Package: relsize 2013/03/29 ver 4.1
)
\skiptotal=\skip97
\skiplinenumber=\skip98
\skiprule=\skip99
\skiphlne=\skip100
\skiptext=\skip101
\skiplength=\skip102
\algomargin=\skip103
\skipalgocfslide=\skip104
\algowidth=\dimen268
\inoutsize=\dimen269
\inoutindent=\dimen270
\interspacetitleruled=\dimen271
\interspacealgoruled=\dimen272
\interspacetitleboxruled=\dimen273
\algocf@ruledwidth=\skip105
\algocf@inoutbox=\box59
\algocf@inputbox=\box60
\AlCapSkip=\skip106
\AlCapHSkip=\skip107
\algoskipindent=\skip108
\algocf@nlbox=\box61
\algocf@hangingbox=\box62
\algocf@untilbox=\box63
\algocf@skipuntil=\skip109
\algocf@capbox=\box64
\algocf@lcaptionbox=\skip110
\algoheightruledefault=\skip111
\algoheightrule=\skip112
\algotitleheightruledefault=\skip113
\algotitleheightrule=\skip114
\c@algocfline=\count435
\c@algocfproc=\count436
\c@algocf=\count437
\algocf@algoframe=\box65
\algocf@algobox=\box66
)
Package hyperref Info: Option `colorlinks' set `true' on input line 21.

(/usr/local/texlive/2020/texmf-dist/tex/latex/xcolor/xcolor.sty
Package: xcolor 2016/05/11 v2.12 LaTeX color extensions (UK)

(/usr/local/texlive/2020/texmf-dist/tex/latex/graphics-cfg/color.cfg
File: color.cfg 2016/01/02 v1.6 sample color configuration
)
Package xcolor Info: Driver file: pdftex.def on input line 225.

(/usr/local/texlive/2020/texmf-dist/tex/latex/colortbl/colortbl.sty
Package: colortbl 2020/01/04 v1.0e Color table columns (DPC)

(/usr/local/texlive/2020/texmf-dist/tex/latex/tools/array.sty
Package: array 2019/08/31 v2.4l Tabular extension package (FMi)
\col@sep=\dimen274
\ar@mcellbox=\box67
\extrarowheight=\dimen275
\NC@list=\toks40
\extratabsurround=\skip115
\backup@length=\skip116
\ar@cellbox=\box68
)
\everycr=\toks41
\minrowclearance=\skip117
)
\rownum=\count438
Package xcolor Info: Model `cmy' substituted by `cmy0' on input line 1348.
Package xcolor Info: Model `hsb' substituted by `rgb' on input line 1352.
Package xcolor Info: Model `RGB' extended on input line 1364.
Package xcolor Info: Model `HTML' substituted by `rgb' on input line 1366.
Package xcolor Info: Model `Hsb' substituted by `hsb' on input line 1367.
Package xcolor Info: Model `tHsb' substituted by `hsb' on input line 1368.
Package xcolor Info: Model `HSB' substituted by `hsb' on input line 1369.
Package xcolor Info: Model `Gray' substituted by `gray' on input line 1370.
Package xcolor Info: Model `wave' substituted by `hsb' on input line 1371.

(/usr/local/texlive/2020/texmf-dist/tex/latex/xcolor/x11nam.def
File: x11nam.def 2016/05/11 v2.12 Predefined colors according to Unix/X11 (UK)
))
(/usr/local/texlive/2020/texmf-dist/tex/latex/xltabular/xltabular.sty
Package: xltabular 2020/03/20 v0.2c `xltabular' package (hv,RN)

(/usr/local/texlive/2020/texmf-dist/tex/latex/tools/tabularx.sty
Package: tabularx 2020/01/15 v2.11c `tabularx' package (DPC)
\TX@col@width=\dimen276
\TX@old@table=\dimen277
\TX@old@col=\dimen278
\TX@target=\dimen279
\TX@delta=\dimen280
\TX@cols=\count439
\TX@ftn=\toks42
)
(/usr/local/texlive/2020/texmf-dist/tex/latex/tools/longtable.sty
Package: longtable 2020/01/07 v4.13 Multi-page Table package (DPC)
\LTleft=\skip118
\LTright=\skip119
\LTpre=\skip120
\LTpost=\skip121
\LTchunksize=\count440
\LTcapwidth=\dimen281
\LT@head=\box69
\LT@firsthead=\box70
\LT@foot=\box71
\LT@lastfoot=\box72
\LT@cols=\count441
\LT@rows=\count442
\c@LT@tables=\count443
\c@LT@chunks=\count444
\LT@p@ftn=\toks43
)
(/usr/local/texlive/2020/texmf-dist/tex/latex/ltablex/ltablex.sty
Package: ltablex 2014/08/13 v1.1 Modified tabularx
))
(/usr/local/texlive/2020/texmf-dist/tex/latex/multirow/multirow.sty
Package: multirow 2019/05/31 v2.5 Span multiple rows of a table
\multirow@colwidth=\skip122
\multirow@cntb=\count445
\multirow@dima=\skip123
\bigstrutjot=\dimen282
)
(/usr/local/texlive/2020/texmf-dist/tex/latex/booktabs/booktabs.sty
Package: booktabs 2020/01/12 v1.61803398 Publication quality tables
\heavyrulewidth=\dimen283
\lightrulewidth=\dimen284
\cmidrulewidth=\dimen285
\belowrulesep=\dimen286
\belowbottomsep=\dimen287
\aboverulesep=\dimen288
\abovetopsep=\dimen289
\cmidrulesep=\dimen290
\cmidrulekern=\dimen291
\defaultaddspace=\dimen292
\@cmidla=\count446
\@cmidlb=\count447
\@aboverulesep=\dimen293
\@belowrulesep=\dimen294
\@thisruleclass=\count448
\@lastruleclass=\count449
\@thisrulewidth=\dimen295
)
Package csquotes Info: Checking for multilingual support...
Package csquotes Info: ... none found.


Package csquotes Warning: No multilingual support.
(csquotes)                Cannot enable multilingual quotes on input line 43.

(./532hw3.aux

LaTeX Warning: Label `fig:a' multiply defined.


LaTeX Warning: Label `sub@fig:a' multiply defined.


LaTeX Warning: Label `fig:b' multiply defined.


LaTeX Warning: Label `sub@fig:b' multiply defined.


LaTeX Warning: Label `fig:a' multiply defined.


LaTeX Warning: Label `sub@fig:a' multiply defined.


LaTeX Warning: Label `fig:b' multiply defined.


LaTeX Warning: Label `sub@fig:b' multiply defined.


LaTeX Warning: Label `fig:a' multiply defined.


LaTeX Warning: Label `sub@fig:a' multiply defined.


LaTeX Warning: Label `fig:b' multiply defined.


LaTeX Warning: Label `sub@fig:b' multiply defined.


LaTeX Warning: Label `fig:a' multiply defined.


LaTeX Warning: Label `sub@fig:a' multiply defined.


LaTeX Warning: Label `fig:b' multiply defined.


LaTeX Warning: Label `sub@fig:b' multiply defined.


LaTeX Warning: Label `fig:a' multiply defined.


LaTeX Warning: Label `sub@fig:a' multiply defined.


LaTeX Warning: Label `fig:b' multiply defined.


LaTeX Warning: Label `sub@fig:b' multiply defined.


LaTeX Warning: Label `fig:a' multiply defined.


LaTeX Warning: Label `sub@fig:a' multiply defined.


LaTeX Warning: Label `fig:b' multiply defined.


LaTeX Warning: Label `sub@fig:b' multiply defined.


LaTeX Warning: Label `fig:a' multiply defined.


LaTeX Warning: Label `sub@fig:a' multiply defined.


LaTeX Warning: Label `fig:b' multiply defined.


LaTeX Warning: Label `sub@fig:b' multiply defined.


LaTeX Warning: Label `fig:a' multiply defined.


LaTeX Warning: Label `sub@fig:a' multiply defined.


LaTeX Warning: Label `fig:b' multiply defined.


LaTeX Warning: Label `sub@fig:b' multiply defined.


LaTeX Warning: Label `fig:a' multiply defined.


LaTeX Warning: Label `sub@fig:a' multiply defined.


LaTeX Warning: Label `fig:b' multiply defined.


LaTeX Warning: Label `sub@fig:b' multiply defined.


LaTeX Warning: Label `fig:a' multiply defined.


LaTeX Warning: Label `sub@fig:a' multiply defined.


LaTeX Warning: Label `fig:b' multiply defined.


LaTeX Warning: Label `sub@fig:b' multiply defined.


LaTeX Warning: Label `fig:a' multiply defined.


LaTeX Warning: Label `sub@fig:a' multiply defined.


LaTeX Warning: Label `fig:b' multiply defined.


LaTeX Warning: Label `sub@fig:b' multiply defined.


LaTeX Warning: Label `fig:a' multiply defined.


LaTeX Warning: Label `sub@fig:a' multiply defined.


LaTeX Warning: Label `fig:b' multiply defined.


LaTeX Warning: Label `sub@fig:b' multiply defined.


LaTeX Warning: Label `fig:a' multiply defined.


LaTeX Warning: Label `sub@fig:a' multiply defined.


LaTeX Warning: Label `fig:b' multiply defined.


LaTeX Warning: Label `sub@fig:b' multiply defined.

)
\openout1 = `532hw3.aux'.

LaTeX Font Info:    Checking defaults for OML/cmm/m/it on input line 43.
LaTeX Font Info:    ... okay on input line 43.
LaTeX Font Info:    Checking defaults for OMS/cmsy/m/n on input line 43.
LaTeX Font Info:    ... okay on input line 43.
LaTeX Font Info:    Checking defaults for OT1/cmr/m/n on input line 43.
LaTeX Font Info:    ... okay on input line 43.
LaTeX Font Info:    Checking defaults for T1/cmr/m/n on input line 43.
LaTeX Font Info:    ... okay on input line 43.
LaTeX Font Info:    Checking defaults for TS1/cmr/m/n on input line 43.
LaTeX Font Info:    ... okay on input line 43.
LaTeX Font Info:    Checking defaults for OMX/cmex/m/n on input line 43.
LaTeX Font Info:    ... okay on input line 43.
LaTeX Font Info:    Checking defaults for U/cmr/m/n on input line 43.
LaTeX Font Info:    ... okay on input line 43.
LaTeX Font Info:    Checking defaults for PD1/pdf/m/n on input line 43.
LaTeX Font Info:    ... okay on input line 43.

*geometry* driver: auto-detecting
*geometry* detected driver: pdftex
*geometry* verbose mode - [ preamble ] result:
* driver: pdftex
* paper: a4paper
* layout: <same size as paper>
* layoutoffset:(h,v)=(0.0pt,0.0pt)
* modes: 
* h-part:(L,W,R)=(45.80893pt, 505.89pt, 45.80894pt)
* v-part:(T,H,B)=(63.39273pt, 686.56499pt, 95.08913pt)
* \paperwidth=597.50787pt
* \paperheight=845.04684pt
* \textwidth=505.89pt
* \textheight=686.56499pt
* \oddsidemargin=-26.46106pt
* \evensidemargin=-26.46106pt
* \topmargin=-45.87726pt
* \headheight=12.0pt
* \headsep=25.0pt
* \topskip=10.0pt
* \footskip=30.0pt
* \marginparwidth=65.0pt
* \marginparsep=11.0pt
* \columnsep=10.0pt
* \skip\footins=9.0pt plus 4.0pt minus 2.0pt
* \hoffset=0.0pt
* \voffset=0.0pt
* \mag=1000
* \@twocolumnfalse
* \@twosidefalse
* \@mparswitchfalse
* \@reversemarginfalse
* (1in=72.27pt=25.4mm, 1cm=28.453pt)

(/usr/local/texlive/2020/texmf-dist/tex/context/base/mkii/supp-pdf.mkii
[Loading MPS to PDF converter (version 2006.09.02).]
\scratchcounter=\count450
\scratchdimen=\dimen296
\scratchbox=\box73
\nofMPsegments=\count451
\nofMParguments=\count452
\everyMPshowfont=\toks44
\MPscratchCnt=\count453
\MPscratchDim=\dimen297
\MPnumerator=\count454
\makeMPintoPDFobject=\count455
\everyMPtoPDFconversion=\toks45
) (/usr/local/texlive/2020/texmf-dist/tex/latex/epstopdf-pkg/epstopdf-base.sty
Package: epstopdf-base 2020-01-24 v2.11 Base part for package epstopdf
Package epstopdf-base Info: Redefining graphics rule for `.eps' on input line 4
85.

(/usr/local/texlive/2020/texmf-dist/tex/latex/latexconfig/epstopdf-sys.cfg
File: epstopdf-sys.cfg 2010/07/13 v1.3 Configuration of (r)epstopdf for TeX Liv
e
))
Package biblatex Info: Trying to load language 'english'...
Package biblatex Info: ... file 'english.lbx' found.

(/usr/local/texlive/2020/texmf-dist/tex/latex/biblatex/lbx/english.lbx
File: english.lbx 2019/12/01 v3.14 biblatex localization (PK/MW)
)
Package biblatex Info: Input encoding 'utf8' detected.
Package biblatex Info: Automatic encoding selection.
(biblatex)             Assuming data encoding 'utf8'.
\openout3 = `532hw3.bcf'.

Package biblatex Info: Trying to load bibliographic data...
Package biblatex Info: ... file '532hw3.bbl' not found.

No file 532hw3.bbl.
Package biblatex Info: Reference section=0 on input line 43.
Package biblatex Info: Reference segment=0 on input line 43.
Package caption Info: Begin \AtBeginDocument code.
Package caption Info: subfig package v1.3 is loaded.
Package caption Info: hyperref package is loaded.
Package caption Info: longtable package is loaded.
(/usr/local/texlive/2020/texmf-dist/tex/latex/caption/ltcaption.sty
Package: ltcaption 2018/08/26 v1.4a longtable captions (AR)
)
Package caption Info: End \AtBeginDocument code.
\AtBeginShipoutBox=\box74
Package hyperref Info: Link coloring ON on input line 43.

(/usr/local/texlive/2020/texmf-dist/tex/latex/hyperref/nameref.sty
Package: nameref 2019/09/16 v2.46 Cross-referencing by name of section

(/usr/local/texlive/2020/texmf-dist/tex/latex/refcount/refcount.sty
Package: refcount 2019/12/15 v3.6 Data extraction from label references (HO)
)
(/usr/local/texlive/2020/texmf-dist/tex/generic/gettitlestring/gettitlestring.s
ty
Package: gettitlestring 2019/12/15 v1.6 Cleanup title references (HO)
)
\c@section@level=\count456
)
LaTeX Info: Redefining \ref on input line 43.
LaTeX Info: Redefining \pageref on input line 43.
LaTeX Info: Redefining \nameref on input line 43.
 (./532hw3.out) (./532hw3.out)
\@outlinefile=\write4
\openout4 = `532hw3.out'.

LaTeX Font Info:    Trying to load font information for U+msa on input line 46.


(/usr/local/texlive/2020/texmf-dist/tex/latex/amsfonts/umsa.fd
File: umsa.fd 2013/01/14 v3.01 AMS symbols A
)
LaTeX Font Info:    Trying to load font information for U+msb on input line 46.


(/usr/local/texlive/2020/texmf-dist/tex/latex/amsfonts/umsb.fd
File: umsb.fd 2013/01/14 v3.01 AMS symbols B
)
<../figs/IS/1_program_results.png, id=4, 737.75626pt x 136.51pt>
File: ../figs/IS/1_program_results.png Graphic file (type png)
<use ../figs/IS/1_program_results.png>
Package pdftex.def Info: ../figs/IS/1_program_results.png  used on input line 5
5.
(pdftex.def)             Requested size: 442.65717pt x 81.90662pt.
<../figs/IS/posterior_histogram_1_daphne.png, id=6, 578.16pt x 433.62pt>
File: ../figs/IS/posterior_histogram_1_daphne.png Graphic file (type png)
<use ../figs/IS/posterior_histogram_1_daphne.png>
Package pdftex.def Info: ../figs/IS/posterior_histogram_1_daphne.png  used on i
nput line 60.
(pdftex.def)             Requested size: 346.89867pt x 260.17401pt.
 [1

{/usr/local/texlive/2020/texmf-var/fonts/map/pdftex/updmap/pdftex.map} <../figs
/IS/1_program_results.png> <../figs/IS/posterior_histogram_1_daphne.png>]
<../figs/Gibbs/1_program_results.png, id=21, 684.5575pt x 138.5175pt>
File: ../figs/Gibbs/1_program_results.png Graphic file (type png)
<use ../figs/Gibbs/1_program_results.png>
Package pdftex.def Info: ../figs/Gibbs/1_program_results.png  used on input lin
e 69.
(pdftex.def)             Requested size: 342.27791pt x 69.25858pt.
<../figs/Gibbs/posterior_histogram_1_daphne.png, id=22, 578.16pt x 433.62pt>
File: ../figs/Gibbs/posterior_histogram_1_daphne.png Graphic file (type png)
<use ../figs/Gibbs/posterior_histogram_1_daphne.png>
Package pdftex.def Info: ../figs/Gibbs/posterior_histogram_1_daphne.png  used o
n input line 74.
(pdftex.def)             Requested size: 289.07928pt x 216.80946pt.
<../figs/Gibbs/trace_plot_1_daphne.png, id=23, 578.16pt x 433.62pt>
File: ../figs/Gibbs/trace_plot_1_daphne.png Graphic file (type png)
<use ../figs/Gibbs/trace_plot_1_daphne.png>
Package pdftex.def Info: ../figs/Gibbs/trace_plot_1_daphne.png  used on input l
ine 81.
(pdftex.def)             Requested size: 289.07928pt x 216.80946pt.
<../figs/Gibbs/joint_log_likelihood_1_daphne.png, id=24, 578.16pt x 433.62pt>
File: ../figs/Gibbs/joint_log_likelihood_1_daphne.png Graphic file (type png)
<use ../figs/Gibbs/joint_log_likelihood_1_daphne.png>
Package pdftex.def Info: ../figs/Gibbs/joint_log_likelihood_1_daphne.png  used 
on input line 88.
(pdftex.def)             Requested size: 289.07928pt x 216.80946pt.
 [2 <../figs/Gibbs/1_program_results.png> <../figs/Gibbs/posterior_histogram_1_
daphne.png> <../figs/Gibbs/trace_plot_1_daphne.png>]
<../figs/HMC/1_program_results.png, id=36, 618.31pt x 137.51375pt>
File: ../figs/HMC/1_program_results.png Graphic file (type png)
<use ../figs/HMC/1_program_results.png>
Package pdftex.def Info: ../figs/HMC/1_program_results.png  used on input line 
97.
(pdftex.def)             Requested size: 370.98886pt x 82.50888pt.
<../figs/HMC/posterior_histogram_1_daphne.png, id=37, 578.16pt x 433.62pt>
File: ../figs/HMC/posterior_histogram_1_daphne.png Graphic file (type png)
<use ../figs/HMC/posterior_histogram_1_daphne.png>
Package pdftex.def Info: ../figs/HMC/posterior_histogram_1_daphne.png  used on 
input line 102.
(pdftex.def)             Requested size: 346.89867pt x 260.17401pt.
<../figs/HMC/trace_plot_1_daphne.png, id=38, 578.16pt x 433.62pt>
File: ../figs/HMC/trace_plot_1_daphne.png Graphic file (type png)
<use ../figs/HMC/trace_plot_1_daphne.png>
Package pdftex.def Info: ../figs/HMC/trace_plot_1_daphne.png  used on input lin
e 108.
(pdftex.def)             Requested size: 346.89867pt x 260.17401pt.
<../figs/HMC/joint_log_likelihood_1_daphne.png, id=39, 578.16pt x 433.62pt>
File: ../figs/HMC/joint_log_likelihood_1_daphne.png Graphic file (type png)
<use ../figs/HMC/joint_log_likelihood_1_daphne.png>
Package pdftex.def Info: ../figs/HMC/joint_log_likelihood_1_daphne.png  used on
 input line 115.
(pdftex.def)             Requested size: 346.89867pt x 260.17401pt.
 [3 <../figs/Gibbs/joint_log_likelihood_1_daphne.png> <../figs/HMC/1_program_re
sults.png> <../figs/HMC/posterior_histogram_1_daphne.png>] [4 <../figs/HMC/trac
e_plot_1_daphne.png> <../figs/HMC/joint_log_likelihood_1_daphne.png>]
<../figs/IS/2_program_results.png, id=60, 880.28876pt x 155.58125pt>
File: ../figs/IS/2_program_results.png Graphic file (type png)
<use ../figs/IS/2_program_results.png>
Package pdftex.def Info: ../figs/IS/2_program_results.png  used on input line 1
28.
(pdftex.def)             Requested size: 440.1433pt x 77.79042pt.
<../figs/IS/posterior_histogram_2_slope__daphne.png, id=61, 578.16pt x 433.62pt
>
File: ../figs/IS/posterior_histogram_2_slope__daphne.png Graphic file (type png
)
<use ../figs/IS/posterior_histogram_2_slope__daphne.png>
Package pdftex.def Info: ../figs/IS/posterior_histogram_2_slope__daphne.png  us
ed on input line 136.
(pdftex.def)             Requested size: 252.94499pt x 189.70828pt.
<../figs/IS/posterior_histogram_2_bias__daphne.png, id=62, 578.16pt x 433.62pt>

File: ../figs/IS/posterior_histogram_2_bias__daphne.png Graphic file (type png)

<use ../figs/IS/posterior_histogram_2_bias__daphne.png>
Package pdftex.def Info: ../figs/IS/posterior_histogram_2_bias__daphne.png  use
d on input line 141.
(pdftex.def)             Requested size: 252.94499pt x 189.70828pt.
 [5 <../figs/IS/2_program_results.png> <../figs/IS/posterior_histogram_2_slope_
_daphne.png> <../figs/IS/posterior_histogram_2_bias__daphne.png>]
<../figs/Gibbs/2_program_results.png, id=76, 908.39375pt x 157.58875pt>
File: ../figs/Gibbs/2_program_results.png Graphic file (type png)
<use ../figs/Gibbs/2_program_results.png>
Package pdftex.def Info: ../figs/Gibbs/2_program_results.png  used on input lin
e 150.
(pdftex.def)             Requested size: 454.19577pt x 78.79417pt.
<../figs/Gibbs/posterior_histogram_2_slope_daphne.png, id=77, 578.16pt x 433.62
pt>
File: ../figs/Gibbs/posterior_histogram_2_slope_daphne.png Graphic file (type p
ng)
<use ../figs/Gibbs/posterior_histogram_2_slope_daphne.png>
Package pdftex.def Info: ../figs/Gibbs/posterior_histogram_2_slope_daphne.png  
used on input line 158.
(pdftex.def)             Requested size: 252.94499pt x 189.70828pt.
<../figs/Gibbs/posterior_histogram_2_bias_daphne.png, id=78, 578.16pt x 433.62p
t>
File: ../figs/Gibbs/posterior_histogram_2_bias_daphne.png Graphic file (type pn
g)
<use ../figs/Gibbs/posterior_histogram_2_bias_daphne.png>
Package pdftex.def Info: ../figs/Gibbs/posterior_histogram_2_bias_daphne.png  u
sed on input line 163.
(pdftex.def)             Requested size: 252.94499pt x 189.70828pt.
<../figs/Gibbs/trace_plot_2_slope_daphne.png, id=79, 578.16pt x 433.62pt>
File: ../figs/Gibbs/trace_plot_2_slope_daphne.png Graphic file (type png)
<use ../figs/Gibbs/trace_plot_2_slope_daphne.png>
Package pdftex.def Info: ../figs/Gibbs/trace_plot_2_slope_daphne.png  used on i
nput line 172.
(pdftex.def)             Requested size: 252.94499pt x 189.70828pt.
<../figs/Gibbs/trace_plot_2_bias_daphne.png, id=80, 578.16pt x 433.62pt>
File: ../figs/Gibbs/trace_plot_2_bias_daphne.png Graphic file (type png)
<use ../figs/Gibbs/trace_plot_2_bias_daphne.png>
Package pdftex.def Info: ../figs/Gibbs/trace_plot_2_bias_daphne.png  used on in
put line 177.
(pdftex.def)             Requested size: 252.94499pt x 189.70828pt.
<../figs/Gibbs/joint_log_likelihood_2_slope_daphne.png, id=81, 578.16pt x 433.6
2pt>
File: ../figs/Gibbs/joint_log_likelihood_2_slope_daphne.png Graphic file (type 
png)
<use ../figs/Gibbs/joint_log_likelihood_2_slope_daphne.png>
Package pdftex.def Info: ../figs/Gibbs/joint_log_likelihood_2_slope_daphne.png 
 used on input line 187.
(pdftex.def)             Requested size: 252.94499pt x 189.70828pt.
<../figs/Gibbs/joint_log_likelihood_2_bias_daphne.png, id=82, 578.16pt x 433.62
pt>
File: ../figs/Gibbs/joint_log_likelihood_2_bias_daphne.png Graphic file (type p
ng)
<use ../figs/Gibbs/joint_log_likelihood_2_bias_daphne.png>
Package pdftex.def Info: ../figs/Gibbs/joint_log_likelihood_2_bias_daphne.png  
used on input line 192.
(pdftex.def)             Requested size: 252.94499pt x 189.70828pt.
<../figs/Gibbs/joint_log_likelihood_2_daphne.png, id=83, 578.16pt x 433.62pt>
File: ../figs/Gibbs/joint_log_likelihood_2_daphne.png Graphic file (type png)
<use ../figs/Gibbs/joint_log_likelihood_2_daphne.png>
Package pdftex.def Info: ../figs/Gibbs/joint_log_likelihood_2_daphne.png  used 
on input line 198.
(pdftex.def)             Requested size: 289.07928pt x 216.80946pt.
 [6 <../figs/Gibbs/2_program_results.png> <../figs/Gibbs/posterior_histogram_2_
slope_daphne.png> <../figs/Gibbs/posterior_histogram_2_bias_daphne.png> <../fig
s/Gibbs/trace_plot_2_slope_daphne.png> <../figs/Gibbs/trace_plot_2_bias_daphne.
png>]
<../figs/HMC/2_program_results.png, id=101, 903.375pt x 151.56625pt>
File: ../figs/HMC/2_program_results.png Graphic file (type png)
<use ../figs/HMC/2_program_results.png>
Package pdftex.def Info: ../figs/HMC/2_program_results.png  used on input line 
207.
(pdftex.def)             Requested size: 451.6864pt x 75.78293pt.
<../figs/HMC/posterior_histogram_slope_2_daphne.png, id=102, 578.16pt x 433.62p
t>
File: ../figs/HMC/posterior_histogram_slope_2_daphne.png Graphic file (type png
)
<use ../figs/HMC/posterior_histogram_slope_2_daphne.png>
Package pdftex.def Info: ../figs/HMC/posterior_histogram_slope_2_daphne.png  us
ed on input line 215.
(pdftex.def)             Requested size: 252.94499pt x 189.70828pt.
<../figs/HMC/posterior_histogram_bias_2_daphne.png, id=103, 578.16pt x 433.62pt
>
File: ../figs/HMC/posterior_histogram_bias_2_daphne.png Graphic file (type png)

<use ../figs/HMC/posterior_histogram_bias_2_daphne.png>
Package pdftex.def Info: ../figs/HMC/posterior_histogram_bias_2_daphne.png  use
d on input line 220.
(pdftex.def)             Requested size: 252.94499pt x 189.70828pt.
<../figs/HMC/trace_plot_2_slope_daphne.png, id=104, 578.16pt x 433.62pt>
File: ../figs/HMC/trace_plot_2_slope_daphne.png Graphic file (type png)
<use ../figs/HMC/trace_plot_2_slope_daphne.png>
Package pdftex.def Info: ../figs/HMC/trace_plot_2_slope_daphne.png  used on inp
ut line 229.
(pdftex.def)             Requested size: 252.94499pt x 189.70828pt.
<../figs/HMC/trace_plot_2_bias_daphne.png, id=105, 578.16pt x 433.62pt>
File: ../figs/HMC/trace_plot_2_bias_daphne.png Graphic file (type png)
<use ../figs/HMC/trace_plot_2_bias_daphne.png>
Package pdftex.def Info: ../figs/HMC/trace_plot_2_bias_daphne.png  used on inpu
t line 234.
(pdftex.def)             Requested size: 252.94499pt x 189.70828pt.
<../figs/HMC/joint_log_likelihood_2_slope_daphne.png, id=106, 578.16pt x 433.62
pt>
File: ../figs/HMC/joint_log_likelihood_2_slope_daphne.png Graphic file (type pn
g)
<use ../figs/HMC/joint_log_likelihood_2_slope_daphne.png>
Package pdftex.def Info: ../figs/HMC/joint_log_likelihood_2_slope_daphne.png  u
sed on input line 244.
(pdftex.def)             Requested size: 252.94499pt x 189.70828pt.
<../figs/HMC/joint_log_likelihood_2_bias_daphne.png, id=107, 578.16pt x 433.62p
t>
File: ../figs/HMC/joint_log_likelihood_2_bias_daphne.png Graphic file (type png
)
<use ../figs/HMC/joint_log_likelihood_2_bias_daphne.png>
Package pdftex.def Info: ../figs/HMC/joint_log_likelihood_2_bias_daphne.png  us
ed on input line 249.
(pdftex.def)             Requested size: 252.94499pt x 189.70828pt.
File: ../figs/Gibbs/joint_log_likelihood_2_daphne.png Graphic file (type png)
<use ../figs/Gibbs/joint_log_likelihood_2_daphne.png>
Package pdftex.def Info: ../figs/Gibbs/joint_log_likelihood_2_daphne.png  used 
on input line 255.
(pdftex.def)             Requested size: 289.07928pt x 216.80946pt.
 [7 <../figs/Gibbs/joint_log_likelihood_2_slope_daphne.png> <../figs/Gibbs/join
t_log_likelihood_2_bias_daphne.png> <../figs/Gibbs/joint_log_likelihood_2_daphn
e.png> <../figs/HMC/2_program_results.png>] [8 <../figs/HMC/posterior_histogram
_slope_2_daphne.png> <../figs/HMC/posterior_histogram_bias_2_daphne.png> <../fi
gs/HMC/trace_plot_2_slope_daphne.png> <../figs/HMC/trace_plot_2_bias_daphne.png
>]
<../figs/IS/3_program_results.png, id=137, 590.205pt x 113.42375pt>
File: ../figs/IS/3_program_results.png Graphic file (type png)
<use ../figs/IS/3_program_results.png>
Package pdftex.def Info: ../figs/IS/3_program_results.png  used on input line 2
68.
(pdftex.def)             Requested size: 295.10178pt x 56.71173pt.
<../figs/IS/posterior_histogram_3_daphne.png, id=138, 578.16pt x 433.62pt>
File: ../figs/IS/posterior_histogram_3_daphne.png Graphic file (type png)
<use ../figs/IS/posterior_histogram_3_daphne.png>
Package pdftex.def Info: ../figs/IS/posterior_histogram_3_daphne.png  used on i
nput line 273.
(pdftex.def)             Requested size: 289.07928pt x 216.80946pt.
 [9 <../figs/HMC/joint_log_likelihood_2_slope_daphne.png> <../figs/HMC/joint_lo
g_likelihood_2_bias_daphne.png> <../figs/IS/3_program_results.png>]
<../figs/Gibbs/3_program_results.png, id=153, 518.93875pt x 117.43875pt>
File: ../figs/Gibbs/3_program_results.png Graphic file (type png)
<use ../figs/Gibbs/3_program_results.png>
Package pdftex.def Info: ../figs/Gibbs/3_program_results.png  used on input lin
e 282.
(pdftex.def)             Requested size: 259.46873pt x 58.71922pt.
<../figs/Gibbs/posterior_histogram_3_daphne.png, id=154, 578.16pt x 433.62pt>
File: ../figs/Gibbs/posterior_histogram_3_daphne.png Graphic file (type png)
<use ../figs/Gibbs/posterior_histogram_3_daphne.png>
Package pdftex.def Info: ../figs/Gibbs/posterior_histogram_3_daphne.png  used o
n input line 287.
(pdftex.def)             Requested size: 289.07928pt x 216.80946pt.
<../figs/IS/4_program_results.png, id=155, 777.90625pt x 104.39pt>
File: ../figs/IS/4_program_results.png Graphic file (type png)
<use ../figs/IS/4_program_results.png>
Package pdftex.def Info: ../figs/IS/4_program_results.png  used on input line 2
99.
(pdftex.def)             Requested size: 466.74734pt x 62.63446pt.
<../figs/IS/posterior_histogram_4_daphne.png, id=156, 578.16pt x 433.62pt>
File: ../figs/IS/posterior_histogram_4_daphne.png Graphic file (type png)
<use ../figs/IS/posterior_histogram_4_daphne.png>
Package pdftex.def Info: ../figs/IS/posterior_histogram_4_daphne.png  used on i
nput line 304.
(pdftex.def)             Requested size: 289.07928pt x 216.80946pt.
 [10 <../figs/IS/posterior_histogram_3_daphne.png> <../figs/Gibbs/3_program_res
ults.png> <../figs/Gibbs/posterior_histogram_3_daphne.png>]
<../figs/Gibbs/4_program_results.png, id=170, 760.8425pt x 96.36pt>
File: ../figs/Gibbs/4_program_results.png Graphic file (type png)
<use ../figs/Gibbs/4_program_results.png>
Package pdftex.def Info: ../figs/Gibbs/4_program_results.png  used on input lin
e 313.
(pdftex.def)             Requested size: 380.42032pt x 48.17987pt.
<../figs/Gibbs/posterior_histogram_4_daphne.png, id=171, 578.16pt x 433.62pt>
File: ../figs/Gibbs/posterior_histogram_4_daphne.png Graphic file (type png)
<use ../figs/Gibbs/posterior_histogram_4_daphne.png>
Package pdftex.def Info: ../figs/Gibbs/posterior_histogram_4_daphne.png  used o
n input line 318.
(pdftex.def)             Requested size: 346.89867pt x 260.17401pt.
 [11 <../figs/IS/4_program_results.png> <../figs/IS/posterior_histogram_4_daphn
e.png> <../figs/Gibbs/4_program_results.png>] [12 <../figs/Gibbs/posterior_hist
ogram_4_daphne.png>]
<../figs/IS/5_program_results.png, id=200, 720.6925pt x 221.82875pt>
File: ../figs/IS/5_program_results.png Graphic file (type png)
<use ../figs/IS/5_program_results.png>
Package pdftex.def Info: ../figs/IS/5_program_results.png  used on input line 3
44.
(pdftex.def)             Requested size: 360.34537pt x 110.9141pt.
<../figs/IS/posterior_histogram_5_x_daphne.png, id=201, 578.16pt x 433.62pt>
File: ../figs/IS/posterior_histogram_5_x_daphne.png Graphic file (type png)
<use ../figs/IS/posterior_histogram_5_x_daphne.png>
Package pdftex.def Info: ../figs/IS/posterior_histogram_5_x_daphne.png  used on
 input line 352.
(pdftex.def)             Requested size: 252.94499pt x 189.70828pt.
<../figs/IS/posterior_histogram_5_y_daphne.png, id=202, 578.16pt x 433.62pt>
File: ../figs/IS/posterior_histogram_5_y_daphne.png Graphic file (type png)
<use ../figs/IS/posterior_histogram_5_y_daphne.png>
Package pdftex.def Info: ../figs/IS/posterior_histogram_5_y_daphne.png  used on
 input line 357.
(pdftex.def)             Requested size: 252.94499pt x 189.70828pt.
 [13 <../figs/IS/5_program_results.png> <../figs/IS/posterior_histogram_5_x_dap
hne.png> <../figs/IS/posterior_histogram_5_y_daphne.png>]
<../figs/Gibbs/5_program_results.png, id=216, 617.30624pt x 222.8325pt>
File: ../figs/Gibbs/5_program_results.png Graphic file (type png)
<use ../figs/Gibbs/5_program_results.png>
Package pdftex.def Info: ../figs/Gibbs/5_program_results.png  used on input lin
e 366.
(pdftex.def)             Requested size: 308.65236pt x 111.41597pt.
<../figs/Gibbs/posterior_histogram_5_x_daphne.png, id=217, 578.16pt x 433.62pt>

File: ../figs/Gibbs/posterior_histogram_5_x_daphne.png Graphic file (type png)
<use ../figs/Gibbs/posterior_histogram_5_x_daphne.png>
Package pdftex.def Info: ../figs/Gibbs/posterior_histogram_5_x_daphne.png  used
 on input line 374.
(pdftex.def)             Requested size: 252.94499pt x 189.70828pt.
<../figs/Gibbs/posterior_histogram_5_y_daphne.png, id=218, 578.16pt x 433.62pt>

File: ../figs/Gibbs/posterior_histogram_5_y_daphne.png Graphic file (type png)
<use ../figs/Gibbs/posterior_histogram_5_y_daphne.png>
Package pdftex.def Info: ../figs/Gibbs/posterior_histogram_5_y_daphne.png  used
 on input line 379.
(pdftex.def)             Requested size: 252.94499pt x 189.70828pt.
<../figs/Gibbs/trace_plot_5_x_daphne.png, id=219, 578.16pt x 433.62pt>
File: ../figs/Gibbs/trace_plot_5_x_daphne.png Graphic file (type png)
<use ../figs/Gibbs/trace_plot_5_x_daphne.png>
Package pdftex.def Info: ../figs/Gibbs/trace_plot_5_x_daphne.png  used on input
 line 388.
(pdftex.def)             Requested size: 252.94499pt x 189.70828pt.
<../figs/Gibbs/trace_plot_5_y_daphne.png, id=220, 578.16pt x 433.62pt>
File: ../figs/Gibbs/trace_plot_5_y_daphne.png Graphic file (type png)
<use ../figs/Gibbs/trace_plot_5_y_daphne.png>
Package pdftex.def Info: ../figs/Gibbs/trace_plot_5_y_daphne.png  used on input
 line 393.
(pdftex.def)             Requested size: 252.94499pt x 189.70828pt.
<../figs/Gibbs/joint_log_likelihood_5_x_daphne.png, id=221, 578.16pt x 433.62pt
>
File: ../figs/Gibbs/joint_log_likelihood_5_x_daphne.png Graphic file (type png)

<use ../figs/Gibbs/joint_log_likelihood_5_x_daphne.png>
Package pdftex.def Info: ../figs/Gibbs/joint_log_likelihood_5_x_daphne.png  use
d on input line 403.
(pdftex.def)             Requested size: 252.94499pt x 189.70828pt.
<../figs/Gibbs/joint_log_likelihood_5_y_daphne.png, id=222, 578.16pt x 433.62pt
>
File: ../figs/Gibbs/joint_log_likelihood_5_y_daphne.png Graphic file (type png)

<use ../figs/Gibbs/joint_log_likelihood_5_y_daphne.png>
Package pdftex.def Info: ../figs/Gibbs/joint_log_likelihood_5_y_daphne.png  use
d on input line 408.
(pdftex.def)             Requested size: 252.94499pt x 189.70828pt.
<../figs/Gibbs/joint_log_likelihood_5_daphne.png, id=223, 578.16pt x 433.62pt>
File: ../figs/Gibbs/joint_log_likelihood_5_daphne.png Graphic file (type png)
<use ../figs/Gibbs/joint_log_likelihood_5_daphne.png>
Package pdftex.def Info: ../figs/Gibbs/joint_log_likelihood_5_daphne.png  used 
on input line 414.
(pdftex.def)             Requested size: 289.07928pt x 216.80946pt.
 [14 <../figs/Gibbs/5_program_results.png> <../figs/Gibbs/posterior_histogram_5
_x_daphne.png> <../figs/Gibbs/posterior_histogram_5_y_daphne.png> <../figs/Gibb
s/trace_plot_5_x_daphne.png> <../figs/Gibbs/trace_plot_5_y_daphne.png>]
<../figs/HMC/5_program_results.png, id=241, 596.2275pt x 226.8475pt>
File: ../figs/HMC/5_program_results.png Graphic file (type png)
<use ../figs/HMC/5_program_results.png>
Package pdftex.def Info: ../figs/HMC/5_program_results.png  used on input line 
423.
(pdftex.def)             Requested size: 298.11302pt x 113.42346pt.
<../figs/HMC/posterior_histogram_5_x_daphne.png, id=242, 578.16pt x 433.62pt>
File: ../figs/HMC/posterior_histogram_5_x_daphne.png Graphic file (type png)
<use ../figs/HMC/posterior_histogram_5_x_daphne.png>
Package pdftex.def Info: ../figs/HMC/posterior_histogram_5_x_daphne.png  used o
n input line 431.
(pdftex.def)             Requested size: 252.94499pt x 189.70828pt.
<../figs/HMC/posterior_histogram_5_y_daphne.png, id=243, 578.16pt x 433.62pt>
File: ../figs/HMC/posterior_histogram_5_y_daphne.png Graphic file (type png)
<use ../figs/HMC/posterior_histogram_5_y_daphne.png>
Package pdftex.def Info: ../figs/HMC/posterior_histogram_5_y_daphne.png  used o
n input line 436.
(pdftex.def)             Requested size: 252.94499pt x 189.70828pt.
<../figs/HMC/trace_plot_5_x_daphne.png, id=244, 578.16pt x 433.62pt>
File: ../figs/HMC/trace_plot_5_x_daphne.png Graphic file (type png)
<use ../figs/HMC/trace_plot_5_x_daphne.png>
Package pdftex.def Info: ../figs/HMC/trace_plot_5_x_daphne.png  used on input l
ine 445.
(pdftex.def)             Requested size: 252.94499pt x 189.70828pt.
<../figs/HMC/trace_plot_5_y_daphne.png, id=245, 578.16pt x 433.62pt>
File: ../figs/HMC/trace_plot_5_y_daphne.png Graphic file (type png)
<use ../figs/HMC/trace_plot_5_y_daphne.png>
Package pdftex.def Info: ../figs/HMC/trace_plot_5_y_daphne.png  used on input l
ine 450.
(pdftex.def)             Requested size: 252.94499pt x 189.70828pt.
<../figs/HMC/joint_log_likelihood_5_x_daphne.png, id=246, 578.16pt x 433.62pt>
File: ../figs/HMC/joint_log_likelihood_5_x_daphne.png Graphic file (type png)
<use ../figs/HMC/joint_log_likelihood_5_x_daphne.png>
Package pdftex.def Info: ../figs/HMC/joint_log_likelihood_5_x_daphne.png  used 
on input line 460.
(pdftex.def)             Requested size: 252.94499pt x 189.70828pt.
<../figs/HMC/joint_log_likelihood_5_y_daphne.png, id=247, 578.16pt x 433.62pt>
File: ../figs/HMC/joint_log_likelihood_5_y_daphne.png Graphic file (type png)
<use ../figs/HMC/joint_log_likelihood_5_y_daphne.png>
Package pdftex.def Info: ../figs/HMC/joint_log_likelihood_5_y_daphne.png  used 
on input line 465.
(pdftex.def)             Requested size: 252.94499pt x 189.70828pt.
<../figs/HMC/joint_log_likelihood_5_daphne.png, id=248, 578.16pt x 433.62pt>
File: ../figs/HMC/joint_log_likelihood_5_daphne.png Graphic file (type png)
<use ../figs/HMC/joint_log_likelihood_5_daphne.png>
Package pdftex.def Info: ../figs/HMC/joint_log_likelihood_5_daphne.png  used on
 input line 471.
(pdftex.def)             Requested size: 289.07928pt x 216.80946pt.
Package atveryend Info: Empty hook `BeforeClearDocument' on input line 476.
 [15 <../figs/Gibbs/joint_log_likelihood_5_x_daphne.png> <../figs/Gibbs/joint_l
og_likelihood_5_y_daphne.png> <../figs/Gibbs/joint_log_likelihood_5_daphne.png>
 <../figs/HMC/5_program_results.png>] [16 <../figs/HMC/posterior_histogram_5_x_
daphne.png> <../figs/HMC/posterior_histogram_5_y_daphne.png> <../figs/HMC/trace
_plot_5_x_daphne.png> <../figs/HMC/trace_plot_5_y_daphne.png>] [17 <../figs/HMC
/joint_log_likelihood_5_x_daphne.png> <../figs/HMC/joint_log_likelihood_5_y_dap
hne.png> <../figs/HMC/joint_log_likelihood_5_daphne.png>]
Package atveryend Info: Empty hook `AfterLastShipout' on input line 476.
 (./532hw3.aux)
Package atveryend Info: Executing hook `AtVeryEndDocument' on input line 476.
Package atveryend Info: Executing hook `AtEndAfterFileList' on input line 476.
Package rerunfilecheck Info: File `532hw3.out' has not changed.
(rerunfilecheck)             Checksum: D41D8CD98F00B204E9800998ECF8427E;0.


LaTeX Warning: There were multiply-defined labels.

Package logreq Info: Writing requests to '532hw3.run.xml'.
\openout1 = `532hw3.run.xml'.

 ) 
Here is how much of TeX's memory you used:
 20750 strings out of 480608
 361866 string characters out of 5903631
 1143674 words of memory out of 5000000
 36169 multiletter control sequences out of 15000+600000
 544806 words of font info for 70 fonts, out of 8000000 for 9000
 1141 hyphenation exceptions out of 8191
 50i,10n,87p,1455b,790s stack positions out of 5000i,500n,10000p,200000b,80000s
</usr/local/texlive/2020/texmf-dist/fonts/type1/public/amsfonts/cm/cmbx10.pfb
></usr/local/texlive/2020/texmf-dist/fonts/type1/public/amsfonts/cm/cmex10.pfb>
</usr/local/texlive/2020/texmf-dist/fonts/type1/public/amsfonts/cm/cmmi10.pfb><
/usr/local/texlive/2020/texmf-dist/fonts/type1/public/amsfonts/cm/cmr10.pfb></u
sr/local/texlive/2020/texmf-dist/fonts/type1/public/amsfonts/cm/cmr12.pfb></usr
/local/texlive/2020/texmf-dist/fonts/type1/public/amsfonts/cm/cmr17.pfb></usr/l
ocal/texlive/2020/texmf-dist/fonts/type1/public/amsfonts/cm/cmr7.pfb></usr/loca
l/texlive/2020/texmf-dist/fonts/type1/public/amsfonts/cm/cmr8.pfb></usr/local/t
exlive/2020/texmf-dist/fonts/type1/public/amsfonts/cm/cmsy10.pfb></usr/local/te
xlive/2020/texmf-dist/fonts/type1/public/amsfonts/cm/cmsy7.pfb>
Output written on 532hw3.pdf (17 pages, 1796936 bytes).
PDF statistics:
 347 PDF objects out of 1000 (max. 8388607)
 205 compressed objects within 3 object streams
 109 named destinations out of 1000 (max. 500000)
 276 words of extra memory for PDF output out of 10000 (max. 10000000)

