\BOOKMARK [1][-]{section.1}{Introduction}{}% 1
\BOOKMARK [2][-]{subsection.1.1}{DNA Methylation}{section.1}% 2
\BOOKMARK [1][-]{section.2}{Related Work}{}% 3
\BOOKMARK [2][-]{subsection.2.1}{Variational Inference}{section.2}% 4
\BOOKMARK [2][-]{subsection.2.2}{Dirichlet Process }{section.2}% 5
\BOOKMARK [1][-]{section.3}{Methods}{}% 6
\BOOKMARK [2][-]{subsection.3.1}{Model}{section.3}% 7
\BOOKMARK [2][-]{subsection.3.2}{Plots}{section.3}% 8
\BOOKMARK [1][-]{section.4}{Headings: first level}{}% 9
\BOOKMARK [2][-]{subsection.4.1}{Headings: second level}{section.4}% 10
\BOOKMARK [3][-]{subsubsection.4.1.1}{Headings: third level}{subsection.4.1}% 11
\BOOKMARK [1][-]{section.5}{Citations, figures, tables, references}{}% 12
\BOOKMARK [2][-]{subsection.5.1}{Citations within the text}{section.5}% 13
\BOOKMARK [2][-]{subsection.5.2}{Footnotes}{section.5}% 14
\BOOKMARK [2][-]{subsection.5.3}{Figures}{section.5}% 15
\BOOKMARK [2][-]{subsection.5.4}{Tables}{section.5}% 16
\BOOKMARK [1][-]{section.6}{Final instructions}{}% 17
\BOOKMARK [1][-]{section.7}{Preparing PDF files}{}% 18
\BOOKMARK [2][-]{subsection.7.1}{Margins in LaTeX}{section.7}% 19
\BOOKMARK [1][-]{appendix.A}{Appendix}{}% 20
