This is pdfTeX, Version 3.141592653-2.6-1.40.22 (TeX Live 2021) (preloaded format=pdflatex 2021.4.7)  4 NOV 2021 22:42
entering extended mode
 restricted \write18 enabled.
 %&-line parsing enabled.
**532hw4.tex
(./532hw4.tex
LaTeX2e <2020-10-01> patch level 4
L3 programming layer <2021-02-18>
(/usr/local/texlive/2021/texmf-dist/tex/latex/base/article.cls
Document Class: article 2020/04/10 v1.4m Standard LaTeX document class
(/usr/local/texlive/2021/texmf-dist/tex/latex/base/size10.clo
File: size10.clo 2020/04/10 v1.4m Standard LaTeX file (size option)
)
\c@part=\count179
\c@section=\count180
\c@subsection=\count181
\c@subsubsection=\count182
\c@paragraph=\count183
\c@subparagraph=\count184
\c@figure=\count185
\c@table=\count186
\abovecaptionskip=\skip47
\belowcaptionskip=\skip48
\bibindent=\dimen138
)
(/usr/local/texlive/2021/texmf-dist/tex/latex/geometry/geometry.sty
Package: geometry 2020/01/02 v5.9 Page Geometry

(/usr/local/texlive/2021/texmf-dist/tex/latex/graphics/keyval.sty
Package: keyval 2014/10/28 v1.15 key=value parser (DPC)
\KV@toks@=\toks15
)
(/usr/local/texlive/2021/texmf-dist/tex/generic/iftex/ifvtex.sty
Package: ifvtex 2019/10/25 v1.7 ifvtex legacy package. Use iftex instead.

(/usr/local/texlive/2021/texmf-dist/tex/generic/iftex/iftex.sty
Package: iftex 2020/03/06 v1.0d TeX engine tests
))
\Gm@cnth=\count187
\Gm@cntv=\count188
\c@Gm@tempcnt=\count189
\Gm@bindingoffset=\dimen139
\Gm@wd@mp=\dimen140
\Gm@odd@mp=\dimen141
\Gm@even@mp=\dimen142
\Gm@layoutwidth=\dimen143
\Gm@layoutheight=\dimen144
\Gm@layouthoffset=\dimen145
\Gm@layoutvoffset=\dimen146
\Gm@dimlist=\toks16
)
(/usr/local/texlive/2021/texmf-dist/tex/latex/amsmath/amsmath.sty
Package: amsmath 2020/09/23 v2.17i AMS math features
\@mathmargin=\skip49

For additional information on amsmath, use the `?' option.
(/usr/local/texlive/2021/texmf-dist/tex/latex/amsmath/amstext.sty
Package: amstext 2000/06/29 v2.01 AMS text

(/usr/local/texlive/2021/texmf-dist/tex/latex/amsmath/amsgen.sty
File: amsgen.sty 1999/11/30 v2.0 generic functions
\@emptytoks=\toks17
\ex@=\dimen147
))
(/usr/local/texlive/2021/texmf-dist/tex/latex/amsmath/amsbsy.sty
Package: amsbsy 1999/11/29 v1.2d Bold Symbols
\pmbraise@=\dimen148
)
(/usr/local/texlive/2021/texmf-dist/tex/latex/amsmath/amsopn.sty
Package: amsopn 2016/03/08 v2.02 operator names
)
\inf@bad=\count190
LaTeX Info: Redefining \frac on input line 234.
\uproot@=\count191
\leftroot@=\count192
LaTeX Info: Redefining \overline on input line 399.
\classnum@=\count193
\DOTSCASE@=\count194
LaTeX Info: Redefining \ldots on input line 496.
LaTeX Info: Redefining \dots on input line 499.
LaTeX Info: Redefining \cdots on input line 620.
\Mathstrutbox@=\box47
\strutbox@=\box48
\big@size=\dimen149
LaTeX Font Info:    Redeclaring font encoding OML on input line 743.
LaTeX Font Info:    Redeclaring font encoding OMS on input line 744.
\macc@depth=\count195
\c@MaxMatrixCols=\count196
\dotsspace@=\muskip16
\c@parentequation=\count197
\dspbrk@lvl=\count198
\tag@help=\toks18
\row@=\count199
\column@=\count266
\maxfields@=\count267
\andhelp@=\toks19
\eqnshift@=\dimen150
\alignsep@=\dimen151
\tagshift@=\dimen152
\tagwidth@=\dimen153
\totwidth@=\dimen154
\lineht@=\dimen155
\@envbody=\toks20
\multlinegap=\skip50
\multlinetaggap=\skip51
\mathdisplay@stack=\toks21
LaTeX Info: Redefining \[ on input line 2923.
LaTeX Info: Redefining \] on input line 2924.
)
(/usr/local/texlive/2021/texmf-dist/tex/latex/amsfonts/amsfonts.sty
Package: amsfonts 2013/01/14 v3.01 Basic AMSFonts support
\symAMSa=\mathgroup4
\symAMSb=\mathgroup5
LaTeX Font Info:    Redeclaring math symbol \hbar on input line 98.
LaTeX Font Info:    Overwriting math alphabet `\mathfrak' in version `bold'
(Font)                  U/euf/m/n --> U/euf/b/n on input line 106.
)
(/usr/local/texlive/2021/texmf-dist/tex/latex/amscls/amsthm.sty
Package: amsthm 2020/05/29 v2.20.6
\thm@style=\toks22
\thm@bodyfont=\toks23
\thm@headfont=\toks24
\thm@notefont=\toks25
\thm@headpunct=\toks26
\thm@preskip=\skip52
\thm@postskip=\skip53
\thm@headsep=\skip54
\dth@everypar=\toks27
)
(/usr/local/texlive/2021/texmf-dist/tex/latex/amsfonts/amssymb.sty
Package: amssymb 2013/01/14 v3.01 AMS font symbols
)
(/usr/local/texlive/2021/texmf-dist/tex/latex/graphics/graphicx.sty
Package: graphicx 2020/09/09 v1.2b Enhanced LaTeX Graphics (DPC,SPQR)

(/usr/local/texlive/2021/texmf-dist/tex/latex/graphics/graphics.sty
Package: graphics 2020/08/30 v1.4c Standard LaTeX Graphics (DPC,SPQR)

(/usr/local/texlive/2021/texmf-dist/tex/latex/graphics/trig.sty
Package: trig 2016/01/03 v1.10 sin cos tan (DPC)
)
(/usr/local/texlive/2021/texmf-dist/tex/latex/graphics-cfg/graphics.cfg
File: graphics.cfg 2016/06/04 v1.11 sample graphics configuration
)
Package graphics Info: Driver file: pdftex.def on input line 105.

(/usr/local/texlive/2021/texmf-dist/tex/latex/graphics-def/pdftex.def
File: pdftex.def 2020/10/05 v1.2a Graphics/color driver for pdftex
))
\Gin@req@height=\dimen156
\Gin@req@width=\dimen157
)
(/usr/local/texlive/2021/texmf-dist/tex/latex/float/float.sty
Package: float 2001/11/08 v1.3d Float enhancements (AL)
\c@float@type=\count268
\float@exts=\toks28
\float@box=\box49
\@float@everytoks=\toks29
\@floatcapt=\box50
)
(/usr/local/texlive/2021/texmf-dist/tex/latex/setspace/setspace.sty
Package: setspace 2011/12/19 v6.7a set line spacing
)
(/usr/local/texlive/2021/texmf-dist/tex/latex/tools/bm.sty
Package: bm 2019/07/24 v1.2d Bold Symbol Support (DPC/FMi)
\symboldoperators=\mathgroup6
\symboldletters=\mathgroup7
\symboldsymbols=\mathgroup8
LaTeX Font Info:    Redeclaring math alphabet \mathbf on input line 141.
LaTeX Info: Redefining \bm on input line 209.
)
(/usr/local/texlive/2021/texmf-dist/tex/latex/base/inputenc.sty
Package: inputenc 2020/08/01 v1.3d Input encoding file
\inpenc@prehook=\toks30
\inpenc@posthook=\toks31
)
(/usr/local/texlive/2021/texmf-dist/tex/latex/titlesec/titlesec.sty
Package: titlesec 2019/10/16 v2.13 Sectioning titles
\ttl@box=\box51
\beforetitleunit=\skip55
\aftertitleunit=\skip56
\ttl@plus=\dimen158
\ttl@minus=\dimen159
\ttl@toksa=\toks32
\titlewidth=\dimen160
\titlewidthlast=\dimen161
\titlewidthfirst=\dimen162
)
(/usr/local/texlive/2021/texmf-dist/tex/latex/biblatex/biblatex.sty
Package: biblatex 2020/12/31 v3.16 programmable bibliographies (PK/MW)

(/usr/local/texlive/2021/texmf-dist/tex/generic/pdftexcmds/pdftexcmds.sty
Package: pdftexcmds 2020-06-27 v0.33 Utility functions of pdfTeX for LuaTeX (HO
)

(/usr/local/texlive/2021/texmf-dist/tex/generic/infwarerr/infwarerr.sty
Package: infwarerr 2019/12/03 v1.5 Providing info/warning/error messages (HO)
)
(/usr/local/texlive/2021/texmf-dist/tex/generic/ltxcmds/ltxcmds.sty
Package: ltxcmds 2020-05-10 v1.25 LaTeX kernel commands for general use (HO)
)
Package pdftexcmds Info: \pdf@primitive is available.
Package pdftexcmds Info: \pdf@ifprimitive is available.
Package pdftexcmds Info: \pdfdraftmode found.
)
(/usr/local/texlive/2021/texmf-dist/tex/latex/etoolbox/etoolbox.sty
Package: etoolbox 2020/10/05 v2.5k e-TeX tools for LaTeX (JAW)
\etb@tempcnta=\count269
)
(/usr/local/texlive/2021/texmf-dist/tex/latex/kvoptions/kvoptions.sty
Package: kvoptions 2020-10-07 v3.14 Key value format for package options (HO)

(/usr/local/texlive/2021/texmf-dist/tex/generic/kvsetkeys/kvsetkeys.sty
Package: kvsetkeys 2019/12/15 v1.18 Key value parser (HO)
))
(/usr/local/texlive/2021/texmf-dist/tex/latex/logreq/logreq.sty
Package: logreq 2010/08/04 v1.0 xml request logger
\lrq@indent=\count270

(/usr/local/texlive/2021/texmf-dist/tex/latex/logreq/logreq.def
File: logreq.def 2010/08/04 v1.0 logreq spec v1.0
))
(/usr/local/texlive/2021/texmf-dist/tex/latex/base/ifthen.sty
Package: ifthen 2014/09/29 v1.1c Standard LaTeX ifthen package (DPC)
)
(/usr/local/texlive/2021/texmf-dist/tex/latex/url/url.sty
\Urlmuskip=\muskip17
Package: url 2013/09/16  ver 3.4  Verb mode for urls, etc.
)
\c@tabx@nest=\count271
\c@listtotal=\count272
\c@listcount=\count273
\c@liststart=\count274
\c@liststop=\count275
\c@citecount=\count276
\c@citetotal=\count277
\c@multicitecount=\count278
\c@multicitetotal=\count279
\c@instcount=\count280
\c@maxnames=\count281
\c@minnames=\count282
\c@maxitems=\count283
\c@minitems=\count284
\c@citecounter=\count285
\c@maxcitecounter=\count286
\c@savedcitecounter=\count287
\c@uniquelist=\count288
\c@uniquename=\count289
\c@refsection=\count290
\c@refsegment=\count291
\c@maxextratitle=\count292
\c@maxextratitleyear=\count293
\c@maxextraname=\count294
\c@maxextradate=\count295
\c@maxextraalpha=\count296
\c@abbrvpenalty=\count297
\c@highnamepenalty=\count298
\c@lownamepenalty=\count299
\c@maxparens=\count300
\c@parenlevel=\count301
\blx@tempcnta=\count302
\blx@tempcntb=\count303
\blx@tempcntc=\count304
\blx@maxsection=\count305
\blx@maxsegment@0=\count306
\blx@notetype=\count307
\blx@parenlevel@text=\count308
\blx@parenlevel@foot=\count309
\blx@sectionciteorder@0=\count310
\blx@entrysetcounter=\count311
\blx@biblioinstance=\count312
\labelnumberwidth=\skip57
\labelalphawidth=\skip58
\biblabelsep=\skip59
\bibitemsep=\skip60
\bibnamesep=\skip61
\bibinitsep=\skip62
\bibparsep=\skip63
\bibhang=\skip64
\blx@bcfin=\read2
\blx@bcfout=\write3
\blx@langwohyphens=\language87
\c@mincomprange=\count313
\c@maxcomprange=\count314
\c@mincompwidth=\count315
Package biblatex Info: Trying to load biblatex default data model...
Package biblatex Info: ... file 'blx-dm.def' found.

(/usr/local/texlive/2021/texmf-dist/tex/latex/biblatex/blx-dm.def
File: blx-dm.def 2020/12/31 v3.16 biblatex localization (PK/MW)
)
Package biblatex Info: Trying to load biblatex style data model...
Package biblatex Info: ... file 'numeric.dbx' not found.
Package biblatex Info: Trying to load biblatex custom data model...
Package biblatex Info: ... file 'biblatex-dm.cfg' not found.
\c@afterword=\count316
\c@savedafterword=\count317
\c@annotator=\count318
\c@savedannotator=\count319
\c@author=\count320
\c@savedauthor=\count321
\c@bookauthor=\count322
\c@savedbookauthor=\count323
\c@commentator=\count324
\c@savedcommentator=\count325
\c@editor=\count326
\c@savededitor=\count327
\c@editora=\count328
\c@savededitora=\count329
\c@editorb=\count330
\c@savededitorb=\count331
\c@editorc=\count332
\c@savededitorc=\count333
\c@foreword=\count334
\c@savedforeword=\count335
\c@holder=\count336
\c@savedholder=\count337
\c@introduction=\count338
\c@savedintroduction=\count339
\c@namea=\count340
\c@savednamea=\count341
\c@nameb=\count342
\c@savednameb=\count343
\c@namec=\count344
\c@savednamec=\count345
\c@translator=\count346
\c@savedtranslator=\count347
\c@shortauthor=\count348
\c@savedshortauthor=\count349
\c@shorteditor=\count350
\c@savedshorteditor=\count351
\c@labelname=\count352
\c@savedlabelname=\count353
\c@institution=\count354
\c@savedinstitution=\count355
\c@lista=\count356
\c@savedlista=\count357
\c@listb=\count358
\c@savedlistb=\count359
\c@listc=\count360
\c@savedlistc=\count361
\c@listd=\count362
\c@savedlistd=\count363
\c@liste=\count364
\c@savedliste=\count365
\c@listf=\count366
\c@savedlistf=\count367
\c@location=\count368
\c@savedlocation=\count369
\c@organization=\count370
\c@savedorganization=\count371
\c@origlocation=\count372
\c@savedoriglocation=\count373
\c@origpublisher=\count374
\c@savedorigpublisher=\count375
\c@publisher=\count376
\c@savedpublisher=\count377
\c@language=\count378
\c@savedlanguage=\count379
\c@origlanguage=\count380
\c@savedoriglanguage=\count381
\c@pageref=\count382
\c@savedpageref=\count383
\shorthandwidth=\skip65
\shortjournalwidth=\skip66
\shortserieswidth=\skip67
\shorttitlewidth=\skip68
\shortauthorwidth=\skip69
\shorteditorwidth=\skip70
\locallabelnumberwidth=\skip71
\locallabelalphawidth=\skip72
\localshorthandwidth=\skip73
\localshortjournalwidth=\skip74
\localshortserieswidth=\skip75
\localshorttitlewidth=\skip76
\localshortauthorwidth=\skip77
\localshorteditorwidth=\skip78
Package biblatex Info: Trying to load compatibility code...
Package biblatex Info: ... file 'blx-compat.def' found.

(/usr/local/texlive/2021/texmf-dist/tex/latex/biblatex/blx-compat.def
File: blx-compat.def 2020/12/31 v3.16 biblatex compatibility (PK/MW)
)
Package biblatex Info: Trying to load generic definitions...
Package biblatex Info: ... file 'biblatex.def' found.

(/usr/local/texlive/2021/texmf-dist/tex/latex/biblatex/biblatex.def
File: biblatex.def 2020/12/31 v3.16 biblatex compatibility (PK/MW)
\c@textcitecount=\count384
\c@textcitetotal=\count385
\c@textcitemaxnames=\count386
\c@biburlbigbreakpenalty=\count387
\c@biburlbreakpenalty=\count388
\c@biburlnumpenalty=\count389
\c@biburlucpenalty=\count390
\c@biburllcpenalty=\count391
\biburlbigskip=\muskip18
\biburlnumskip=\muskip19
\biburlucskip=\muskip20
\biburllcskip=\muskip21
\c@smartand=\count392
)
Package biblatex Info: Trying to load bibliography style 'numeric'...
Package biblatex Info: ... file 'numeric.bbx' found.

(/usr/local/texlive/2021/texmf-dist/tex/latex/biblatex/bbx/numeric.bbx
File: numeric.bbx 2020/12/31 v3.16 biblatex bibliography style (PK/MW)
Package biblatex Info: Trying to load bibliography style 'standard'...
Package biblatex Info: ... file 'standard.bbx' found.

(/usr/local/texlive/2021/texmf-dist/tex/latex/biblatex/bbx/standard.bbx
File: standard.bbx 2020/12/31 v3.16 biblatex bibliography style (PK/MW)
\c@bbx:relatedcount=\count393
\c@bbx:relatedtotal=\count394
))
Package biblatex Info: Trying to load citation style 'numeric'...
Package biblatex Info: ... file 'numeric.cbx' found.

(/usr/local/texlive/2021/texmf-dist/tex/latex/biblatex/cbx/numeric.cbx
File: numeric.cbx 2020/12/31 v3.16 biblatex citation style (PK/MW)
Package biblatex Info: Redefining '\cite'.
Package biblatex Info: Redefining '\parencite'.
Package biblatex Info: Redefining '\footcite'.
Package biblatex Info: Redefining '\footcitetext'.
Package biblatex Info: Redefining '\smartcite'.
Package biblatex Info: Redefining '\supercite'.
Package biblatex Info: Redefining '\textcite'.
Package biblatex Info: Redefining '\textcites'.
Package biblatex Info: Redefining '\cites'.
Package biblatex Info: Redefining '\parencites'.
Package biblatex Info: Redefining '\smartcites'.
)
Package biblatex Info: Trying to load configuration file...
Package biblatex Info: ... file 'biblatex.cfg' found.

(/usr/local/texlive/2021/texmf-dist/tex/latex/biblatex/biblatex.cfg
File: biblatex.cfg 
))
(/usr/local/texlive/2021/texmf-dist/tex/latex/csquotes/csquotes.sty
Package: csquotes 2021-02-22 v5.2l context-sensitive quotations (JAW)
\csq@reset=\count395
\csq@gtype=\count396
\csq@glevel=\count397
\csq@qlevel=\count398
\csq@maxlvl=\count399
\csq@tshold=\count400
\csq@ltx@everypar=\toks33

(/usr/local/texlive/2021/texmf-dist/tex/latex/csquotes/csquotes.def
File: csquotes.def 2021-02-22 v5.2l csquotes generic definitions (JAW)
)
Package csquotes Info: Trying to load configuration file 'csquotes.cfg'...
Package csquotes Info: ... configuration file loaded successfully.

(/usr/local/texlive/2021/texmf-dist/tex/latex/csquotes/csquotes.cfg
File: csquotes.cfg 
)
Package csquotes Info: Enabling multilingual quotes.
)
(/usr/local/texlive/2021/texmf-dist/tex/latex/breqn/breqn.sty
(/usr/local/texlive/2021/texmf-dist/tex/latex/l3kernel/expl3.sty
Package: expl3 2021-02-18 L3 programming layer (loader) 

(/usr/local/texlive/2021/texmf-dist/tex/latex/l3backend/l3backend-pdftex.def
File: l3backend-pdftex.def 2021-03-18 L3 backend support: PDF output (pdfTeX)
\l__color_backend_stack_int=\count401
\l__pdf_internal_box=\box52
))
Package: breqn 2020/09/24 v0.98k Breaking equations

(/usr/local/texlive/2021/texmf-dist/tex/latex/breqn/flexisym.sty
Package: flexisym 2020/09/24 v0.98k Make math characters macros
LaTeX Info: Redefining \textprime on input line 299.
LaTeX Info: Redefining \not on input line 357.

(/usr/local/texlive/2021/texmf-dist/tex/latex/breqn/cmbase.sym
File: cmbase.sym 2007/12/19 v0.92
LaTeX Info: Redefining \hbar on input line 324.
LaTeX Info: Redefining \surd on input line 326.
LaTeX Info: Redefining \angle on input line 334.
LaTeX Info: Redefining \neq on input line 335.
LaTeX Info: Redefining \mapsto on input line 336.
LaTeX Info: Redefining \cong on input line 337.
LaTeX Info: Redefining \notin on input line 340.
LaTeX Info: Redefining \rightleftharpoons on input line 341.
LaTeX Info: Redefining \doteq on input line 342.
LaTeX Info: Redefining \hookrightarrow on input line 343.
LaTeX Info: Redefining \hookleftarrow on input line 344.
LaTeX Info: Redefining \bowtie on input line 345.
LaTeX Info: Redefining \models on input line 346.
LaTeX Info: Redefining \Longrightarrow on input line 347.
LaTeX Info: Redefining \longrightarrow on input line 348.
LaTeX Info: Redefining \Longleftarrow on input line 349.
LaTeX Info: Redefining \longleftarrow on input line 350.
LaTeX Info: Redefining \longmapsto on input line 351.
LaTeX Info: Redefining \longleftrightarrow on input line 352.
LaTeX Info: Redefining \Longleftrightarrow on input line 353.
LaTeX Info: Redefining \cdots on input line 357.
LaTeX Info: Redefining \vdots on input line 360.
LaTeX Info: Redefining \ddots on input line 365.
)
(/usr/local/texlive/2021/texmf-dist/tex/latex/breqn/mathstyle.sty
Package: mathstyle 2020/09/24 v0.98k Tracking mathstyle implicitly
LaTeX Info: Redefining \displaystyle on input line 95.
LaTeX Info: Redefining \textstyle on input line 97.
LaTeX Info: Redefining \scriptstyle on input line 99.
LaTeX Info: Redefining \scriptscriptstyle on input line 101.
LaTeX Info: Redefining \genfrac on input line 149.
))
(/usr/local/texlive/2021/texmf-dist/tex/latex/tools/calc.sty
Package: calc 2017/05/25 v4.3 Infix arithmetic (KKT,FJ)
\calc@Acount=\count402
\calc@Bcount=\count403
\calc@Adimen=\dimen163
\calc@Bdimen=\dimen164
\calc@Askip=\skip79
\calc@Bskip=\skip80
LaTeX Info: Redefining \setlength on input line 80.
LaTeX Info: Redefining \addtolength on input line 81.
\calc@Ccount=\count404
\calc@Cskip=\skip81
)
\inf@bad=\count405
\maxint=\count406
\listwidth=\dimen165
\eqnumsep=\dimen166
\eqmargin=\dimen167
\eqlinespacing=\skip82
\eqlineskip=\skip83
\eqlineskiplimit=\dimen168
\eqbinoffset=\muskip22
\eqdelimoffset=\muskip23
\eqindentstep=\dimen169
\eqstyle=\toks34
\eqbreakdepth=\count407
\eqinterlinepenalty=\count408
\intereqpenalty=\count409
\intereqskip=\skip84
\prerelpenalty=\count410
\prebinoppenalty=\count411
\Dmedmuskip=\muskip24
\Dthickmuskip=\muskip25
\eqleftskip=\skip85
\eqrightskip=\skip86
\eq@vspan=\skip87
\eq@binoffset=\muskip26
\EQ@box=\box53
\EQ@copy=\box54
\EQ@numbox=\box55
\eq@wdNum=\dimen170
\GRP@numbox=\box56
\grp@wdNum=\dimen171
\eq@lines=\count412
\eq@curline=\count413
\eq@badness=\count414
\EQ@vims=\count415
\eq@dp=\dimen172
\eq@wdL=\dimen173
\eq@wdT=\dimen174
\eq@wdMin=\dimen175
\grp@wdL=\dimen176
\grp@wdR=\dimen177
\grp@wdT=\dimen178
\eq@wdRmax=\dimen179
\eq@firstht=\dimen180
\eq@wdCond=\dimen181
\eq@indentstep=\dimen182
\eq@linewidth=\dimen183
\grp@linewidth=\dimen184
\eq@hshift=\dimen185
\eq@given@sidespace=\dimen186
\mathindent=\dimen187
\eq@final@linecount=\count416
\eq@wdR=\dimen188
\EQ@continue=\toks35
\lr@level=\count417
\GRP@queue=\toks36
\GRP@box=\box57
\GRP@wholebox=\box58
\darraycolsep=\skip88
\cur@row=\count418
\cur@col=\count419
\conditionsep=\skip89
)
(/usr/local/texlive/2021/texmf-dist/tex/latex/subfig/subfig.sty
Package: subfig 2005/06/28 ver: 1.3 subfig package

(/usr/local/texlive/2021/texmf-dist/tex/latex/caption/caption.sty
Package: caption 2020/10/26 v3.5g Customizing captions (AR)

(/usr/local/texlive/2021/texmf-dist/tex/latex/caption/caption3.sty
Package: caption3 2020/10/21 v2.2e caption3 kernel (AR)
\captionmargin=\dimen189
\captionmargin@=\dimen190
\captionwidth=\dimen191
\caption@tempdima=\dimen192
\caption@indent=\dimen193
\caption@parindent=\dimen194
\caption@hangindent=\dimen195
Package caption Info: Standard document class detected.
)
\c@caption@flags=\count420
\c@continuedfloat=\count421
Package caption Info: float package is loaded.
)
\c@KVtest=\count422
\sf@farskip=\skip90
\sf@captopadj=\dimen196
\sf@capskip=\skip91
\sf@nearskip=\skip92
\c@subfigure=\count423
\c@subfigure@save=\count424
\c@lofdepth=\count425
\c@subtable=\count426
\c@subtable@save=\count427
\c@lotdepth=\count428
\sf@top=\skip93
\sf@bottom=\skip94
)
(/usr/local/texlive/2021/texmf-dist/tex/latex/footmisc/footmisc.sty
Package: footmisc 2011/06/06 v5.5b a miscellany of footnote facilities
\FN@temptoken=\toks37
\footnotemargin=\dimen197
\c@pp@next@reset=\count429
Package footmisc Info: Declaring symbol style bringhurst on input line 855.
Package footmisc Info: Declaring symbol style chicago on input line 863.
Package footmisc Info: Declaring symbol style wiley on input line 872.
Package footmisc Info: Declaring symbol style lamport-robust on input line 883.

Package footmisc Info: Declaring symbol style lamport* on input line 903.
Package footmisc Info: Declaring symbol style lamport*-robust on input line 924
.
)
(/usr/local/texlive/2021/texmf-dist/tex/latex/adjustbox/adjustbox.sty
Package: adjustbox 2020/08/19 v1.3 Adjusting TeX boxes (trim, clip, ...)

(/usr/local/texlive/2021/texmf-dist/tex/latex/xkeyval/xkeyval.sty
Package: xkeyval 2020/11/20 v2.8 package option processing (HA)

(/usr/local/texlive/2021/texmf-dist/tex/generic/xkeyval/xkeyval.tex
(/usr/local/texlive/2021/texmf-dist/tex/generic/xkeyval/xkvutils.tex
\XKV@toks=\toks38
\XKV@tempa@toks=\toks39
)
\XKV@depth=\count430
File: xkeyval.tex 2014/12/03 v2.7a key=value parser (HA)
))
(/usr/local/texlive/2021/texmf-dist/tex/latex/adjustbox/adjcalc.sty
Package: adjcalc 2012/05/16 v1.1 Provides advanced setlength with multiple back
-ends (calc, etex, pgfmath)
)
(/usr/local/texlive/2021/texmf-dist/tex/latex/adjustbox/trimclip.sty
Package: trimclip 2020/08/19 v1.2 Trim and clip general TeX material

(/usr/local/texlive/2021/texmf-dist/tex/latex/collectbox/collectbox.sty
Package: collectbox 2012/05/17 v0.4b Collect macro arguments as boxes
\collectedbox=\box59
)
\tc@llx=\dimen198
\tc@lly=\dimen199
\tc@urx=\dimen256
\tc@ury=\dimen257
Package trimclip Info: Using driver 'tc-pdftex.def'.

(/usr/local/texlive/2021/texmf-dist/tex/latex/adjustbox/tc-pdftex.def
File: tc-pdftex.def 2019/01/04 v2.2 Clipping driver for pdftex
))
\adjbox@Width=\dimen258
\adjbox@Height=\dimen259
\adjbox@Depth=\dimen260
\adjbox@Totalheight=\dimen261
\adjbox@pwidth=\dimen262
\adjbox@pheight=\dimen263
\adjbox@pdepth=\dimen264
\adjbox@ptotalheight=\dimen265

(/usr/local/texlive/2021/texmf-dist/tex/latex/ifoddpage/ifoddpage.sty
Package: ifoddpage 2016/04/23 v1.1 Conditionals for odd/even page detection
\c@checkoddpage=\count431
)
(/usr/local/texlive/2021/texmf-dist/tex/latex/varwidth/varwidth.sty
Package: varwidth 2009/03/30 ver 0.92;  Variable-width minipages
\@vwid@box=\box60
\sift@deathcycles=\count432
\@vwid@loff=\dimen266
\@vwid@roff=\dimen267
))
(/usr/local/texlive/2021/texmf-dist/tex/latex/lipsum/lipsum.sty
(/usr/local/texlive/2021/texmf-dist/tex/latex/l3packages/xparse/xparse.sty
(/usr/local/texlive/2021/texmf-dist/tex/latex/l3packages/xparse/xparse-2020-10-
01.sty
(/usr/local/texlive/2021/texmf-dist/tex/latex/l3packages/xparse/xparse-generic.
tex)))
Package: lipsum 2021-03-03 v2.3 150 paragraphs of Lorem Ipsum dummy text
 (/usr/local/texlive/2021/texmf-dist/tex/latex/lipsum/lipsum.ltd.tex
File: lipsum.ltd.tex 2021-03-03 v2.3 The Lorem ipsum dummy text
))
(/usr/local/texlive/2021/texmf-dist/tex/latex/hyperref/hyperref.sty
Package: hyperref 2021-02-27 v7.00k Hypertext links for LaTeX

(/usr/local/texlive/2021/texmf-dist/tex/generic/kvdefinekeys/kvdefinekeys.sty
Package: kvdefinekeys 2019-12-19 v1.6 Define keys (HO)
)
(/usr/local/texlive/2021/texmf-dist/tex/generic/pdfescape/pdfescape.sty
Package: pdfescape 2019/12/09 v1.15 Implements pdfTeX's escape features (HO)
)
(/usr/local/texlive/2021/texmf-dist/tex/latex/hycolor/hycolor.sty
Package: hycolor 2020-01-27 v1.10 Color options for hyperref/bookmark (HO)
)
(/usr/local/texlive/2021/texmf-dist/tex/latex/letltxmacro/letltxmacro.sty
Package: letltxmacro 2019/12/03 v1.6 Let assignment for LaTeX macros (HO)
)
(/usr/local/texlive/2021/texmf-dist/tex/latex/auxhook/auxhook.sty
Package: auxhook 2019-12-17 v1.6 Hooks for auxiliary files (HO)
)
\@linkdim=\dimen268
\Hy@linkcounter=\count433
\Hy@pagecounter=\count434

(/usr/local/texlive/2021/texmf-dist/tex/latex/hyperref/pd1enc.def
File: pd1enc.def 2021-02-27 v7.00k Hyperref: PDFDocEncoding definition (HO)
Now handling font encoding PD1 ...
... no UTF-8 mapping file for font encoding PD1
)
(/usr/local/texlive/2021/texmf-dist/tex/latex/hyperref/hyperref-langpatches.def
File: hyperref-langpatches.def 2021-02-27 v7.00k Hyperref: patches for babel la
nguages
) (/usr/local/texlive/2021/texmf-dist/tex/generic/intcalc/intcalc.sty
Package: intcalc 2019/12/15 v1.3 Expandable calculations with integers (HO)
)
(/usr/local/texlive/2021/texmf-dist/tex/generic/etexcmds/etexcmds.sty
Package: etexcmds 2019/12/15 v1.7 Avoid name clashes with e-TeX commands (HO)
)
\Hy@SavedSpaceFactor=\count435

(/usr/local/texlive/2021/texmf-dist/tex/latex/hyperref/puenc.def
File: puenc.def 2021-02-27 v7.00k Hyperref: PDF Unicode definition (HO)
Now handling font encoding PU ...
... no UTF-8 mapping file for font encoding PU
)
Package hyperref Info: Hyper figures OFF on input line 4192.
Package hyperref Info: Link nesting OFF on input line 4197.
Package hyperref Info: Hyper index ON on input line 4200.
Package hyperref Info: Plain pages OFF on input line 4207.
Package hyperref Info: Backreferencing OFF on input line 4212.
Package hyperref Info: Implicit mode ON; LaTeX internals redefined.
Package hyperref Info: Bookmarks ON on input line 4445.
\c@Hy@tempcnt=\count436
LaTeX Info: Redefining \url on input line 4804.
\XeTeXLinkMargin=\dimen269

(/usr/local/texlive/2021/texmf-dist/tex/generic/bitset/bitset.sty
Package: bitset 2019/12/09 v1.3 Handle bit-vector datatype (HO)

(/usr/local/texlive/2021/texmf-dist/tex/generic/bigintcalc/bigintcalc.sty
Package: bigintcalc 2019/12/15 v1.5 Expandable calculations on big integers (HO
)
))
\Fld@menulength=\count437
\Field@Width=\dimen270
\Fld@charsize=\dimen271
Package hyperref Info: Hyper figures OFF on input line 6075.
Package hyperref Info: Link nesting OFF on input line 6080.
Package hyperref Info: Hyper index ON on input line 6083.
Package hyperref Info: backreferencing OFF on input line 6090.
Package hyperref Info: Link coloring OFF on input line 6095.
Package hyperref Info: Link coloring with OCG OFF on input line 6100.
Package hyperref Info: PDF/A mode OFF on input line 6105.
LaTeX Info: Redefining \ref on input line 6145.
LaTeX Info: Redefining \pageref on input line 6149.

(/usr/local/texlive/2021/texmf-dist/tex/latex/base/atbegshi-ltx.sty
Package: atbegshi-ltx 2020/08/17 v1.0a Emulation of the original atbegshi packa
ge
with kernel methods
)
\Hy@abspage=\count438
\c@Item=\count439
\c@Hfootnote=\count440
)
Package hyperref Info: Driver (autodetected): hpdftex.

(/usr/local/texlive/2021/texmf-dist/tex/latex/hyperref/hpdftex.def
File: hpdftex.def 2021-02-27 v7.00k Hyperref driver for pdfTeX

(/usr/local/texlive/2021/texmf-dist/tex/latex/base/atveryend-ltx.sty
Package: atveryend-ltx 2020/08/19 v1.0a Emulation of the original atvery packag
e
with kernel methods
)
\Fld@listcount=\count441
\c@bookmark@seq@number=\count442

(/usr/local/texlive/2021/texmf-dist/tex/latex/rerunfilecheck/rerunfilecheck.sty
Package: rerunfilecheck 2019/12/05 v1.9 Rerun checks for auxiliary files (HO)

(/usr/local/texlive/2021/texmf-dist/tex/generic/uniquecounter/uniquecounter.sty
Package: uniquecounter 2019/12/15 v1.4 Provide unlimited unique counter (HO)
)
Package uniquecounter Info: New unique counter `rerunfilecheck' on input line 2
86.
)
\Hy@SectionHShift=\skip95
) (/usr/local/texlive/2021/texmf-dist/tex/latex/algorithm2e/algorithm2e.sty
Package: algorithm2e 2017/07/18 v5.2 algorithms environments
\c@AlgoLine=\count443
\algocf@hangindent=\skip96

(/usr/local/texlive/2021/texmf-dist/tex/latex/tools/xspace.sty
Package: xspace 2014/10/28 v1.13 Space after command names (DPC,MH)
)
(/usr/local/texlive/2021/texmf-dist/tex/latex/relsize/relsize.sty
Package: relsize 2013/03/29 ver 4.1
)
\skiptotal=\skip97
\skiplinenumber=\skip98
\skiprule=\skip99
\skiphlne=\skip100
\skiptext=\skip101
\skiplength=\skip102
\algomargin=\skip103
\skipalgocfslide=\skip104
\algowidth=\dimen272
\inoutsize=\dimen273
\inoutindent=\dimen274
\interspacetitleruled=\dimen275
\interspacealgoruled=\dimen276
\interspacetitleboxruled=\dimen277
\algocf@ruledwidth=\skip105
\algocf@inoutbox=\box61
\algocf@inputbox=\box62
\AlCapSkip=\skip106
\AlCapHSkip=\skip107
\algoskipindent=\skip108
\algocf@nlbox=\box63
\algocf@hangingbox=\box64
\algocf@untilbox=\box65
\algocf@skipuntil=\skip109
\algocf@capbox=\box66
\algocf@lcaptionbox=\skip110
\algoheightruledefault=\skip111
\algoheightrule=\skip112
\algotitleheightruledefault=\skip113
\algotitleheightrule=\skip114
\c@algocfline=\count444
\c@algocfproc=\count445
\c@algocf=\count446
\algocf@algoframe=\box67
\algocf@algobox=\box68
)
Package hyperref Info: Option `colorlinks' set `true' on input line 21.

(/usr/local/texlive/2021/texmf-dist/tex/latex/xcolor/xcolor.sty
Package: xcolor 2016/05/11 v2.12 LaTeX color extensions (UK)

(/usr/local/texlive/2021/texmf-dist/tex/latex/graphics-cfg/color.cfg
File: color.cfg 2016/01/02 v1.6 sample color configuration
)
Package xcolor Info: Driver file: pdftex.def on input line 225.

(/usr/local/texlive/2021/texmf-dist/tex/latex/colortbl/colortbl.sty
Package: colortbl 2020/01/04 v1.0e Color table columns (DPC)

(/usr/local/texlive/2021/texmf-dist/tex/latex/tools/array.sty
Package: array 2020/10/01 v2.5c Tabular extension package (FMi)
\col@sep=\dimen278
\ar@mcellbox=\box69
\extrarowheight=\dimen279
\NC@list=\toks40
\extratabsurround=\skip115
\backup@length=\skip116
\ar@cellbox=\box70
)
\everycr=\toks41
\minrowclearance=\skip117
)
\rownum=\count447
Package xcolor Info: Model `cmy' substituted by `cmy0' on input line 1348.
Package xcolor Info: Model `hsb' substituted by `rgb' on input line 1352.
Package xcolor Info: Model `RGB' extended on input line 1364.
Package xcolor Info: Model `HTML' substituted by `rgb' on input line 1366.
Package xcolor Info: Model `Hsb' substituted by `hsb' on input line 1367.
Package xcolor Info: Model `tHsb' substituted by `hsb' on input line 1368.
Package xcolor Info: Model `HSB' substituted by `hsb' on input line 1369.
Package xcolor Info: Model `Gray' substituted by `gray' on input line 1370.
Package xcolor Info: Model `wave' substituted by `hsb' on input line 1371.

(/usr/local/texlive/2021/texmf-dist/tex/latex/xcolor/x11nam.def
File: x11nam.def 2016/05/11 v2.12 Predefined colors according to Unix/X11 (UK)
))
(/usr/local/texlive/2021/texmf-dist/tex/latex/xltabular/xltabular.sty
Package: xltabular 2020/11/04 v0.2e `xltabular' package (hv,RN)

(/usr/local/texlive/2021/texmf-dist/tex/latex/tools/tabularx.sty
Package: tabularx 2020/01/15 v2.11c `tabularx' package (DPC)
\TX@col@width=\dimen280
\TX@old@table=\dimen281
\TX@old@col=\dimen282
\TX@target=\dimen283
\TX@delta=\dimen284
\TX@cols=\count448
\TX@ftn=\toks42
)
(/usr/local/texlive/2021/texmf-dist/tex/latex/ltablex/ltablex.sty
Package: ltablex 2014/08/13 v1.1 Modified tabularx

(/usr/local/texlive/2021/texmf-dist/tex/latex/tools/longtable.sty
Package: longtable 2020/01/07 v4.13 Multi-page Table package (DPC)
\LTleft=\skip118
\LTright=\skip119
\LTpre=\skip120
\LTpost=\skip121
\LTchunksize=\count449
\LTcapwidth=\dimen285
\LT@head=\box71
\LT@firsthead=\box72
\LT@foot=\box73
\LT@lastfoot=\box74
\LT@cols=\count450
\LT@rows=\count451
\c@LT@tables=\count452
\c@LT@chunks=\count453
\LT@p@ftn=\toks43
)))
(/usr/local/texlive/2021/texmf-dist/tex/latex/multirow/multirow.sty
Package: multirow 2021/03/15 v2.8 Span multiple rows of a table
\multirow@colwidth=\skip122
\multirow@cntb=\count454
\multirow@dima=\skip123
\bigstrutjot=\dimen286
)
(/usr/local/texlive/2021/texmf-dist/tex/latex/booktabs/booktabs.sty
Package: booktabs 2020/01/12 v1.61803398 Publication quality tables
\heavyrulewidth=\dimen287
\lightrulewidth=\dimen288
\cmidrulewidth=\dimen289
\belowrulesep=\dimen290
\belowbottomsep=\dimen291
\aboverulesep=\dimen292
\abovetopsep=\dimen293
\cmidrulesep=\dimen294
\cmidrulekern=\dimen295
\defaultaddspace=\dimen296
\@cmidla=\count455
\@cmidlb=\count456
\@aboverulesep=\dimen297
\@belowrulesep=\dimen298
\@thisruleclass=\count457
\@lastruleclass=\count458
\@thisrulewidth=\dimen299
)
Package csquotes Info: Checking for multilingual support...
Package csquotes Info: ... none found.


Package csquotes Warning: No multilingual support.
(csquotes)                Cannot enable multilingual quotes on input line 43.

(./532hw4.aux

LaTeX Warning: Label `fig:a' multiply defined.


LaTeX Warning: Label `sub@fig:a' multiply defined.


LaTeX Warning: Label `fig:b' multiply defined.


LaTeX Warning: Label `sub@fig:b' multiply defined.


LaTeX Warning: Label `fig:a' multiply defined.


LaTeX Warning: Label `sub@fig:a' multiply defined.


LaTeX Warning: Label `fig:b' multiply defined.


LaTeX Warning: Label `sub@fig:b' multiply defined.


LaTeX Warning: Label `fig:a' multiply defined.


LaTeX Warning: Label `sub@fig:a' multiply defined.


LaTeX Warning: Label `fig:b' multiply defined.


LaTeX Warning: Label `sub@fig:b' multiply defined.


LaTeX Warning: Label `fig:a' multiply defined.


LaTeX Warning: Label `sub@fig:a' multiply defined.


LaTeX Warning: Label `fig:b' multiply defined.


LaTeX Warning: Label `sub@fig:b' multiply defined.

)
\openout1 = `532hw4.aux'.

LaTeX Font Info:    Checking defaults for OML/cmm/m/it on input line 43.
LaTeX Font Info:    ... okay on input line 43.
LaTeX Font Info:    Checking defaults for OMS/cmsy/m/n on input line 43.
LaTeX Font Info:    ... okay on input line 43.
LaTeX Font Info:    Checking defaults for OT1/cmr/m/n on input line 43.
LaTeX Font Info:    ... okay on input line 43.
LaTeX Font Info:    Checking defaults for T1/cmr/m/n on input line 43.
LaTeX Font Info:    ... okay on input line 43.
LaTeX Font Info:    Checking defaults for TS1/cmr/m/n on input line 43.
LaTeX Font Info:    ... okay on input line 43.
LaTeX Font Info:    Checking defaults for OMX/cmex/m/n on input line 43.
LaTeX Font Info:    ... okay on input line 43.
LaTeX Font Info:    Checking defaults for U/cmr/m/n on input line 43.
LaTeX Font Info:    ... okay on input line 43.
LaTeX Font Info:    Checking defaults for PD1/pdf/m/n on input line 43.
LaTeX Font Info:    ... okay on input line 43.
LaTeX Font Info:    Checking defaults for PU/pdf/m/n on input line 43.
LaTeX Font Info:    ... okay on input line 43.

*geometry* driver: auto-detecting
*geometry* detected driver: pdftex
*geometry* verbose mode - [ preamble ] result:
* driver: pdftex
* paper: a4paper
* layout: <same size as paper>
* layoutoffset:(h,v)=(0.0pt,0.0pt)
* modes: 
* h-part:(L,W,R)=(45.80893pt, 505.89pt, 45.80894pt)
* v-part:(T,H,B)=(63.39273pt, 686.56499pt, 95.08913pt)
* \paperwidth=597.50787pt
* \paperheight=845.04684pt
* \textwidth=505.89pt
* \textheight=686.56499pt
* \oddsidemargin=-26.46106pt
* \evensidemargin=-26.46106pt
* \topmargin=-45.87726pt
* \headheight=12.0pt
* \headsep=25.0pt
* \topskip=10.0pt
* \footskip=30.0pt
* \marginparwidth=65.0pt
* \marginparsep=11.0pt
* \columnsep=10.0pt
* \skip\footins=9.0pt plus 4.0pt minus 2.0pt
* \hoffset=0.0pt
* \voffset=0.0pt
* \mag=1000
* \@twocolumnfalse
* \@twosidefalse
* \@mparswitchfalse
* \@reversemarginfalse
* (1in=72.27pt=25.4mm, 1cm=28.453pt)

(/usr/local/texlive/2021/texmf-dist/tex/context/base/mkii/supp-pdf.mkii
[Loading MPS to PDF converter (version 2006.09.02).]
\scratchcounter=\count459
\scratchdimen=\dimen300
\scratchbox=\box75
\nofMPsegments=\count460
\nofMParguments=\count461
\everyMPshowfont=\toks44
\MPscratchCnt=\count462
\MPscratchDim=\dimen301
\MPnumerator=\count463
\makeMPintoPDFobject=\count464
\everyMPtoPDFconversion=\toks45
) (/usr/local/texlive/2021/texmf-dist/tex/latex/epstopdf-pkg/epstopdf-base.sty
Package: epstopdf-base 2020-01-24 v2.11 Base part for package epstopdf
Package epstopdf-base Info: Redefining graphics rule for `.eps' on input line 4
85.

(/usr/local/texlive/2021/texmf-dist/tex/latex/latexconfig/epstopdf-sys.cfg
File: epstopdf-sys.cfg 2010/07/13 v1.3 Configuration of (r)epstopdf for TeX Liv
e
))
Package biblatex Info: Trying to load language 'english'...
Package biblatex Info: ... file 'english.lbx' found.

(/usr/local/texlive/2021/texmf-dist/tex/latex/biblatex/lbx/english.lbx
File: english.lbx 2020/12/31 v3.16 biblatex localization (PK/MW)
)
Package biblatex Info: Input encoding 'utf8' detected.
Package biblatex Info: Automatic encoding selection.
(biblatex)             Assuming data encoding 'utf8'.
Package biblatex Info: Document encoding is UTF8 ....
Package biblatex Info: ... and expl3
(biblatex)             2021-02-18 L3 programming layer (loader) 
(biblatex)             is new enough (at least 2020/04/06),
(biblatex)             setting 'casechanger=expl3'.

(/usr/local/texlive/2021/texmf-dist/tex/latex/biblatex/blx-case-expl3.sty
Package: blx-case-expl3 2020/12/31 v3.16 expl3 case changing code for biblatex
)
\openout3 = `532hw4.bcf'.

Package biblatex Info: Trying to load bibliographic data...
Package biblatex Info: ... file '532hw4.bbl' not found.

No file 532hw4.bbl.
Package biblatex Info: Reference section=0 on input line 43.
Package biblatex Info: Reference segment=0 on input line 43.
Package caption Info: Begin \AtBeginDocument code.
Package caption Info: subfig package v1.3 is loaded.
Package caption Info: hyperref package is loaded.
Package caption Info: longtable package is loaded.
(/usr/local/texlive/2021/texmf-dist/tex/latex/caption/ltcaption.sty
Package: ltcaption 2020/05/30 v1.4b longtable captions (AR)
)
Package caption Info: End \AtBeginDocument code.
Package hyperref Info: Link coloring ON on input line 43.

(/usr/local/texlive/2021/texmf-dist/tex/latex/hyperref/nameref.sty
Package: nameref 2021-04-02 v2.47 Cross-referencing by name of section

(/usr/local/texlive/2021/texmf-dist/tex/latex/refcount/refcount.sty
Package: refcount 2019/12/15 v3.6 Data extraction from label references (HO)
)
(/usr/local/texlive/2021/texmf-dist/tex/generic/gettitlestring/gettitlestring.s
ty
Package: gettitlestring 2019/12/15 v1.6 Cleanup title references (HO)
)
\c@section@level=\count465
)
LaTeX Info: Redefining \ref on input line 43.
LaTeX Info: Redefining \pageref on input line 43.
LaTeX Info: Redefining \nameref on input line 43.
 (./532hw4.out) (./532hw4.out)
\@outlinefile=\write4
\openout4 = `532hw4.out'.

LaTeX Font Info:    Trying to load font information for U+msa on input line 46.


(/usr/local/texlive/2021/texmf-dist/tex/latex/amsfonts/umsa.fd
File: umsa.fd 2013/01/14 v3.01 AMS symbols A
)
LaTeX Font Info:    Trying to load font information for U+msb on input line 46.


(/usr/local/texlive/2021/texmf-dist/tex/latex/amsfonts/umsb.fd
File: umsb.fd 2013/01/14 v3.01 AMS symbols B
)
<../figs/graph_evaluator_1.png, id=4, 622.325pt x 109.40875pt>
File: ../figs/graph_evaluator_1.png Graphic file (type png)
<use ../figs/graph_evaluator_1.png>
Package pdftex.def Info: ../figs/graph_evaluator_1.png  used on input line 53.
(pdftex.def)             Requested size: 311.16173pt x 54.70422pt.
<../figs/graph_evaluator_2.png, id=6, 766.865pt x 687.56876pt>
File: ../figs/graph_evaluator_2.png Graphic file (type png)
<use ../figs/graph_evaluator_2.png>
Package pdftex.def Info: ../figs/graph_evaluator_2.png  used on input line 59.
(pdftex.def)             Requested size: 383.43156pt x 343.78354pt.
 [1

{/usr/local/texlive/2021/texmf-var/fonts/map/pdftex/updmap/pdftex.map} <../figs
/graph_evaluator_1.png> <../figs/graph_evaluator_2.png>]
<../figs/graph_evaluator_3.png, id=20, 650.43pt x 277.035pt>
File: ../figs/graph_evaluator_3.png Graphic file (type png)
<use ../figs/graph_evaluator_3.png>
Package pdftex.def Info: ../figs/graph_evaluator_3.png  used on input line 66.
(pdftex.def)             Requested size: 325.2142pt x 138.51715pt.
<../figs/bbvi_1.png, id=21, 870.25125pt x 690.58pt>
File: ../figs/bbvi_1.png Graphic file (type png)
<use ../figs/bbvi_1.png>
Package pdftex.def Info: ../figs/bbvi_1.png  used on input line 72.
(pdftex.def)             Requested size: 435.12456pt x 345.28915pt.
 [2 <../figs/graph_evaluator_3.png> <../figs/bbvi_1.png>]
<../figs/bbvi_2.png, id=30, 873.2625pt x 206.7725pt>
File: ../figs/bbvi_2.png Graphic file (type png)
<use ../figs/bbvi_2.png>
Package pdftex.def Info: ../figs/bbvi_2.png  used on input line 79.
(pdftex.def)             Requested size: 436.63017pt x 103.38599pt.
<../figs/bbvi_3.png, id=31, 616.3025pt x 391.4625pt>
File: ../figs/bbvi_3.png Graphic file (type png)
<use ../figs/bbvi_3.png>
Package pdftex.def Info: ../figs/bbvi_3.png  used on input line 85.
(pdftex.def)             Requested size: 308.1505pt x 195.73076pt.
 [3 <../figs/bbvi_2.png> <../figs/bbvi_3.png>]
<../figs/bbvi_4.png, id=40, 879.285pt x 725.71124pt>
File: ../figs/bbvi_4.png Graphic file (type png)
<use ../figs/bbvi_4.png>
Package pdftex.def Info: ../figs/bbvi_4.png  used on input line 92.
(pdftex.def)             Requested size: 439.64143pt x 362.85474pt.
 [4 <../figs/bbvi_4.png>]
<../figs/1_daphne_results.png, id=47, 636.3775pt x 182.6825pt>
File: ../figs/1_daphne_results.png Graphic file (type png)
<use ../figs/1_daphne_results.png>
Package pdftex.def Info: ../figs/1_daphne_results.png  used on input line 103.
(pdftex.def)             Requested size: 318.18797pt x 91.34102pt.
<../figs/1_daphne_histogram.png, id=48, 578.16pt x 433.62pt>
File: ../figs/1_daphne_histogram.png Graphic file (type png)
<use ../figs/1_daphne_histogram.png>
Package pdftex.def Info: ../figs/1_daphne_histogram.png  used on input line 108
.
(pdftex.def)             Requested size: 289.07928pt x 216.80946pt.
<../figs/1_daphne_pdf.png, id=49, 578.16pt x 433.62pt>
File: ../figs/1_daphne_pdf.png Graphic file (type png)
<use ../figs/1_daphne_pdf.png>
Package pdftex.def Info: ../figs/1_daphne_pdf.png  used on input line 114.
(pdftex.def)             Requested size: 289.07928pt x 216.80946pt.
<../figs/1_daphne_loc_trace.png, id=50, 578.16pt x 433.62pt>
File: ../figs/1_daphne_loc_trace.png Graphic file (type png)
<use ../figs/1_daphne_loc_trace.png>
Package pdftex.def Info: ../figs/1_daphne_loc_trace.png  used on input line 120
.
(pdftex.def)             Requested size: 289.07928pt x 216.80946pt.
 [5 <../figs/1_daphne_results.png> <../figs/1_daphne_histogram.png> <../figs/1_
daphne_pdf.png>]
<../figs/1_daphne_scale_trace.png, id=63, 578.16pt x 433.62pt>
File: ../figs/1_daphne_scale_trace.png Graphic file (type png)
<use ../figs/1_daphne_scale_trace.png>
Package pdftex.def Info: ../figs/1_daphne_scale_trace.png  used on input line 1
27.
(pdftex.def)             Requested size: 289.07928pt x 216.80946pt.
<../figs/1_daphne_ELBO.png, id=64, 578.16pt x 433.62pt>
File: ../figs/1_daphne_ELBO.png Graphic file (type png)
<use ../figs/1_daphne_ELBO.png>
Package pdftex.def Info: ../figs/1_daphne_ELBO.png  used on input line 133.
(pdftex.def)             Requested size: 289.07928pt x 216.80946pt.
 [6 <../figs/1_daphne_loc_trace.png> <../figs/1_daphne_scale_trace.png>]
<../figs/2_daphne_results.png, id=73, 770.88pt x 101.37875pt>
File: ../figs/2_daphne_results.png Graphic file (type png)
<use ../figs/2_daphne_results.png>
Package pdftex.def Info: ../figs/2_daphne_results.png  used on input line 142.
(pdftex.def)             Requested size: 385.43906pt x 50.68924pt.
<../figs/2_daphne_slope_histogram.png, id=74, 578.16pt x 433.62pt>
File: ../figs/2_daphne_slope_histogram.png Graphic file (type png)
<use ../figs/2_daphne_slope_histogram.png>
Package pdftex.def Info: ../figs/2_daphne_slope_histogram.png  used on input li
ne 151.
(pdftex.def)             Requested size: 252.94499pt x 189.70828pt.
<../figs/2_daphne_bias_histogram.png, id=75, 578.16pt x 433.62pt>
File: ../figs/2_daphne_bias_histogram.png Graphic file (type png)
<use ../figs/2_daphne_bias_histogram.png>
Package pdftex.def Info: ../figs/2_daphne_bias_histogram.png  used on input lin
e 156.
(pdftex.def)             Requested size: 252.94499pt x 189.70828pt.
<../figs/2_daphne_ELBO.png, id=76, 578.16pt x 433.62pt>
File: ../figs/2_daphne_ELBO.png Graphic file (type png)
<use ../figs/2_daphne_ELBO.png>
Package pdftex.def Info: ../figs/2_daphne_ELBO.png  used on input line 162.
(pdftex.def)             Requested size: 289.07928pt x 216.80946pt.
 [7 <../figs/1_daphne_ELBO.png> <../figs/2_daphne_results.png> <../figs/2_daphn
e_slope_histogram.png> <../figs/2_daphne_bias_histogram.png>]
<../figs/3_daphne_results.png, id=93, 876.27374pt x 92.345pt>
File: ../figs/3_daphne_results.png Graphic file (type png)
<use ../figs/3_daphne_results.png>
Package pdftex.def Info: ../figs/3_daphne_results.png  used on input line 171.
(pdftex.def)             Requested size: 438.13579pt x 46.17238pt.
<../figs/3_daphne_ELBO.png, id=94, 578.16pt x 433.62pt>
File: ../figs/3_daphne_ELBO.png Graphic file (type png)
<use ../figs/3_daphne_ELBO.png>
Package pdftex.def Info: ../figs/3_daphne_ELBO.png  used on input line 177.
(pdftex.def)             Requested size: 289.07928pt x 216.80946pt.
 [8 <../figs/2_daphne_ELBO.png> <../figs/3_daphne_results.png> <../figs/3_daphn
e_ELBO.png>]
<../figs/4_daphne_results.png, id=106, 566.115pt x 36.135pt>
File: ../figs/4_daphne_results.png Graphic file (type png)
<use ../figs/4_daphne_results.png>
Package pdftex.def Info: ../figs/4_daphne_results.png  used on input line 187.
(pdftex.def)             Requested size: 283.05681pt x 18.06744pt.
<../figs/4_daphne_ELBO.png, id=107, 578.16pt x 433.62pt>
File: ../figs/4_daphne_ELBO.png Graphic file (type png)
<use ../figs/4_daphne_ELBO.png>
Package pdftex.def Info: ../figs/4_daphne_ELBO.png  used on input line 192.
(pdftex.def)             Requested size: 289.07928pt x 216.80946pt.
<../figs/4_daphne_w0_mean_heatmap.png, id=108, 578.16pt x 433.62pt>
File: ../figs/4_daphne_w0_mean_heatmap.png Graphic file (type png)
<use ../figs/4_daphne_w0_mean_heatmap.png>
Package pdftex.def Info: ../figs/4_daphne_w0_mean_heatmap.png  used on input li
ne 201.
(pdftex.def)             Requested size: 252.94499pt x 189.70828pt.
<../figs/4_daphne_w0_variance_heatmap.png, id=109, 578.16pt x 433.62pt>
File: ../figs/4_daphne_w0_variance_heatmap.png Graphic file (type png)
<use ../figs/4_daphne_w0_variance_heatmap.png>
Package pdftex.def Info: ../figs/4_daphne_w0_variance_heatmap.png  used on inpu
t line 206.
(pdftex.def)             Requested size: 252.94499pt x 189.70828pt.
<../figs/4_daphne_b0_mean_heatmap.png, id=110, 578.16pt x 433.62pt>
File: ../figs/4_daphne_b0_mean_heatmap.png Graphic file (type png)
<use ../figs/4_daphne_b0_mean_heatmap.png>
Package pdftex.def Info: ../figs/4_daphne_b0_mean_heatmap.png  used on input li
ne 215.
(pdftex.def)             Requested size: 252.94499pt x 189.70828pt.
<../figs/4_daphne_b0_variance_heatmap.png, id=111, 578.16pt x 433.62pt>
File: ../figs/4_daphne_b0_variance_heatmap.png Graphic file (type png)
<use ../figs/4_daphne_b0_variance_heatmap.png>
Package pdftex.def Info: ../figs/4_daphne_b0_variance_heatmap.png  used on inpu
t line 220.
(pdftex.def)             Requested size: 252.94499pt x 189.70828pt.
<../figs/4_daphne_w1_mean_heatmap.png, id=112, 578.16pt x 433.62pt>
File: ../figs/4_daphne_w1_mean_heatmap.png Graphic file (type png)
<use ../figs/4_daphne_w1_mean_heatmap.png>
Package pdftex.def Info: ../figs/4_daphne_w1_mean_heatmap.png  used on input li
ne 229.
(pdftex.def)             Requested size: 252.94499pt x 189.70828pt.
<../figs/4_daphne_w1_variance_heatmap.png, id=113, 578.16pt x 433.62pt>
File: ../figs/4_daphne_w1_variance_heatmap.png Graphic file (type png)
<use ../figs/4_daphne_w1_variance_heatmap.png>
Package pdftex.def Info: ../figs/4_daphne_w1_variance_heatmap.png  used on inpu
t line 234.
(pdftex.def)             Requested size: 252.94499pt x 189.70828pt.
<../figs/4_daphne_b1_mean_heatmap.png, id=114, 578.16pt x 433.62pt>
File: ../figs/4_daphne_b1_mean_heatmap.png Graphic file (type png)
<use ../figs/4_daphne_b1_mean_heatmap.png>
Package pdftex.def Info: ../figs/4_daphne_b1_mean_heatmap.png  used on input li
ne 243.
(pdftex.def)             Requested size: 252.94499pt x 189.70828pt.
<../figs/4_daphne_b1_variance_heatmap.png, id=115, 578.16pt x 433.62pt>
File: ../figs/4_daphne_b1_variance_heatmap.png Graphic file (type png)
<use ../figs/4_daphne_b1_variance_heatmap.png>
Package pdftex.def Info: ../figs/4_daphne_b1_variance_heatmap.png  used on inpu
t line 248.
(pdftex.def)             Requested size: 252.94499pt x 189.70828pt.
 [9 <../figs/4_daphne_results.png> <../figs/4_daphne_ELBO.png> <../figs/4_daphn
e_w0_mean_heatmap.png> <../figs/4_daphne_w0_variance_heatmap.png>] [10 <../figs
/4_daphne_b0_mean_heatmap.png> <../figs/4_daphne_b0_variance_heatmap.png> <../f
igs/4_daphne_w1_mean_heatmap.png> <../figs/4_daphne_w1_variance_heatmap.png>]
<../figs/5_daphne_results.png, id=144, 605.26125pt x 133.49875pt>
File: ../figs/5_daphne_results.png Graphic file (type png)
<use ../figs/5_daphne_results.png>
Package pdftex.def Info: ../figs/5_daphne_results.png  used on input line 262.
(pdftex.def)             Requested size: 302.62987pt x 66.74919pt.
<../figs/5_daphne_ELBO.png, id=145, 578.16pt x 433.62pt>
File: ../figs/5_daphne_ELBO.png Graphic file (type png)
<use ../figs/5_daphne_ELBO.png>
Package pdftex.def Info: ../figs/5_daphne_ELBO.png  used on input line 267.
(pdftex.def)             Requested size: 289.07928pt x 216.80946pt.
<../figs/5_daphne_s_histogram.png, id=146, 578.16pt x 433.62pt>
File: ../figs/5_daphne_s_histogram.png Graphic file (type png)
<use ../figs/5_daphne_s_histogram.png>
Package pdftex.def Info: ../figs/5_daphne_s_histogram.png  used on input line 2
72.
(pdftex.def)             Requested size: 289.07928pt x 216.80946pt.
<../figs/5_daphne_pdf.png, id=147, 578.16pt x 433.62pt>
File: ../figs/5_daphne_pdf.png Graphic file (type png)
<use ../figs/5_daphne_pdf.png>
Package pdftex.def Info: ../figs/5_daphne_pdf.png  used on input line 277.
(pdftex.def)             Requested size: 289.07928pt x 216.80946pt.
 [11 <../figs/4_daphne_b1_mean_heatmap.png> <../figs/4_daphne_b1_variance_heatm
ap.png> <../figs/5_daphne_results.png>] [12 <../figs/5_daphne_ELBO.png> <../fig
s/5_daphne_s_histogram.png> <../figs/5_daphne_pdf.png>]
(./532hw4.aux)

LaTeX Warning: There were multiply-defined labels.

Package rerunfilecheck Info: File `532hw4.out' has not changed.
(rerunfilecheck)             Checksum: D41D8CD98F00B204E9800998ECF8427E;0.
Package logreq Info: Writing requests to '532hw4.run.xml'.
\openout1 = `532hw4.run.xml'.

 ) 
Here is how much of TeX's memory you used:
 23279 strings out of 478994
 389060 string characters out of 5858185
 1246453 words of memory out of 5000000
 40330 multiletter control sequences out of 15000+600000
 415898 words of font info for 73 fonts, out of 8000000 for 9000
 1141 hyphenation exceptions out of 8191
 73i,10n,89p,1455b,806s stack positions out of 5000i,500n,10000p,200000b,80000s
</usr/local/texlive/2021/texmf-dist/fonts/type1/public/amsfonts/cm/cmmi10.pfb
></usr/local/texlive/2021/texmf-dist/fonts/type1/public/amsfonts/cm/cmr10.pfb><
/usr/local/texlive/2021/texmf-dist/fonts/type1/public/amsfonts/cm/cmr12.pfb></u
sr/local/texlive/2021/texmf-dist/fonts/type1/public/amsfonts/cm/cmr17.pfb></usr
/local/texlive/2021/texmf-dist/fonts/type1/public/amsfonts/cm/cmr8.pfb>
Output written on 532hw4.pdf (12 pages, 1209105 bytes).
PDF statistics:
 203 PDF objects out of 1000 (max. 8388607)
 116 compressed objects within 2 object streams
 57 named destinations out of 1000 (max. 500000)
 166 words of extra memory for PDF output out of 10000 (max. 10000000)

