This is pdfTeX, Version 3.141592653-2.6-1.40.23 (MiKTeX 21.8) (preloaded format=pdflatex 2021.8.26)  15 NOV 2021 16:10
entering extended mode
**./hw6.tex
(hw6.tex
LaTeX2e <2021-06-01> patch level 1
L3 programming layer <2021-07-12> (homeworg.cls
Document Class: homeworg 2020/11/05 Gijs's homework template
(C:\Users\kevin\AppData\Local\Programs\MiKTeX\tex/latex/base\article.cls
Document Class: article 2021/02/12 v1.4n Standard LaTeX document class
(C:\Users\kevin\AppData\Local\Programs\MiKTeX\tex/latex/base\size12.clo
File: size12.clo 2021/02/12 v1.4n Standard LaTeX file (size option)
)
\c@part=\count182
\c@section=\count183
\c@subsection=\count184
\c@subsubsection=\count185
\c@paragraph=\count186
\c@subparagraph=\count187
\c@figure=\count188
\c@table=\count189
\abovecaptionskip=\skip47
\belowcaptionskip=\skip48
\bibindent=\dimen138
)
(C:\Users\kevin\AppData\Local\Programs\MiKTeX\tex/latex/libertinus-type1\libert
inus-type1.sty
Package: libertinus-type1 2021/02/14 (Bob Tennent) Supports libertinus fonts fo
r latex/pdflatex.

(C:\Users\kevin\AppData\Local\Programs\MiKTeX\tex/generic/iftex\ifxetex.sty
Package: ifxetex 2019/10/25 v0.7 ifxetex legacy package. Use iftex instead.

(C:\Users\kevin\AppData\Local\Programs\MiKTeX\tex/generic/iftex\iftex.sty
Package: iftex 2020/03/06 v1.0d TeX engine tests
))
(C:\Users\kevin\AppData\Local\Programs\MiKTeX\tex/generic/iftex\ifluatex.sty
Package: ifluatex 2019/10/25 v1.5 ifluatex legacy package. Use iftex instead.
)
(C:\Users\kevin\AppData\Local\Programs\MiKTeX\tex/latex/xkeyval\xkeyval.sty
Package: xkeyval 2020/11/20 v2.8 package option processing (HA)

(C:\Users\kevin\AppData\Local\Programs\MiKTeX\tex/generic/xkeyval\xkeyval.tex
(C:\Users\kevin\AppData\Local\Programs\MiKTeX\tex/generic/xkeyval\xkvutils.tex
\XKV@toks=\toks16
\XKV@tempa@toks=\toks17

(C:\Users\kevin\AppData\Local\Programs\MiKTeX\tex/generic/xkeyval\keyval.tex))
\XKV@depth=\count190
File: xkeyval.tex 2014/12/03 v2.7a key=value parser (HA)
)) (C:\Users\kevin\AppData\Local\Programs\MiKTeX\tex/latex/base\textcomp.sty
Package: textcomp 2020/02/02 v2.0n Standard LaTeX package
)
(C:\Users\kevin\AppData\Local\Programs\MiKTeX\tex/latex/base\fontenc.sty
Package: fontenc 2021/04/29 v2.0v Standard LaTeX package
)
(C:\Users\kevin\AppData\Local\Programs\MiKTeX\tex/latex/fontaxes\fontaxes.sty
Package: fontaxes 2020/07/21 v1.0e Font selection axes
LaTeX Info: Redefining \upshape on input line 29.
LaTeX Info: Redefining \itshape on input line 31.
LaTeX Info: Redefining \slshape on input line 33.
LaTeX Info: Redefining \swshape on input line 35.
LaTeX Info: Redefining \scshape on input line 37.
LaTeX Info: Redefining \sscshape on input line 39.
LaTeX Info: Redefining \ulcshape on input line 41.
LaTeX Info: Redefining \textsw on input line 47.
LaTeX Info: Redefining \textssc on input line 48.
LaTeX Info: Redefining \textulc on input line 49.
))
(C:\Users\kevin\AppData\Local\Programs\MiKTeX\tex/latex/libertinust1math\libert
inust1math.sty
Package: libertinust1math 2021/06/01 v1.2.4---latex support for LibertinusT1Mat
h (msharpe)

(C:\Users\kevin\AppData\Local\Programs\MiKTeX\tex/latex/amsmath\amsmath.sty
Package: amsmath 2021/04/20 v2.17j AMS math features
\@mathmargin=\skip49

For additional information on amsmath, use the `?' option.
(C:\Users\kevin\AppData\Local\Programs\MiKTeX\tex/latex/amsmath\amstext.sty
Package: amstext 2000/06/29 v2.01 AMS text

(C:\Users\kevin\AppData\Local\Programs\MiKTeX\tex/latex/amsmath\amsgen.sty
File: amsgen.sty 1999/11/30 v2.0 generic functions
\@emptytoks=\toks18
\ex@=\dimen139
))
(C:\Users\kevin\AppData\Local\Programs\MiKTeX\tex/latex/amsmath\amsbsy.sty
Package: amsbsy 1999/11/29 v1.2d Bold Symbols
\pmbraise@=\dimen140
)
(C:\Users\kevin\AppData\Local\Programs\MiKTeX\tex/latex/amsmath\amsopn.sty
Package: amsopn 2016/03/08 v2.02 operator names
)
\inf@bad=\count191
LaTeX Info: Redefining \frac on input line 234.
\uproot@=\count192
\leftroot@=\count193
LaTeX Info: Redefining \overline on input line 399.
\classnum@=\count194
\DOTSCASE@=\count195
LaTeX Info: Redefining \ldots on input line 496.
LaTeX Info: Redefining \dots on input line 499.
LaTeX Info: Redefining \cdots on input line 620.
\Mathstrutbox@=\box50
\strutbox@=\box51
\big@size=\dimen141
LaTeX Font Info:    Redeclaring font encoding OML on input line 743.
LaTeX Font Info:    Redeclaring font encoding OMS on input line 744.
\macc@depth=\count196
\c@MaxMatrixCols=\count197
\dotsspace@=\muskip16
\c@parentequation=\count198
\dspbrk@lvl=\count199
\tag@help=\toks19
\row@=\count266
\column@=\count267
\maxfields@=\count268
\andhelp@=\toks20
\eqnshift@=\dimen142
\alignsep@=\dimen143
\tagshift@=\dimen144
\tagwidth@=\dimen145
\totwidth@=\dimen146
\lineht@=\dimen147
\@envbody=\toks21
\multlinegap=\skip50
\multlinetaggap=\skip51
\mathdisplay@stack=\toks22
LaTeX Info: Redefining \[ on input line 2923.
LaTeX Info: Redefining \] on input line 2924.
)
Now handling font encoding LS1 ...
... no UTF-8 mapping file for font encoding LS1
Now handling font encoding LS2 ...
... no UTF-8 mapping file for font encoding LS2
LaTeX Font Info:    Redeclaring symbol font `letters' on input line 68.
LaTeX Font Info:    Encoding `OML' has changed to `LS1' for symbol font
(Font)              `letters' in the math version `normal' on input line 68.
LaTeX Font Info:    Overwriting symbol font `letters' in version `normal'
(Font)                  OML/cmm/m/it --> LS1/libertinust1math/m/it on input lin
e 68.
LaTeX Font Info:    Encoding `OML' has changed to `LS1' for symbol font
(Font)              `letters' in the math version `bold' on input line 68.
LaTeX Font Info:    Overwriting symbol font `letters' in version `bold'
(Font)                  OML/cmm/b/it --> LS1/libertinust1math/m/it on input lin
e 68.
LaTeX Font Info:    Redeclaring symbol font `operators' on input line 69.
LaTeX Font Info:    Encoding `OT1' has changed to `LS1' for symbol font
(Font)              `operators' in the math version `normal' on input line 69.
LaTeX Font Info:    Overwriting symbol font `operators' in version `normal'
(Font)                  OT1/cmr/m/n --> LS1/libertinust1math/m/n on input line 
69.
LaTeX Font Info:    Encoding `OT1' has changed to `LS1' for symbol font
(Font)              `operators' in the math version `bold' on input line 69.
LaTeX Font Info:    Overwriting symbol font `operators' in version `bold'
(Font)                  OT1/cmr/bx/n --> LS1/libertinust1math/m/n on input line
 69.
\symsymbolsbb=\mathgroup4
LaTeX Font Info:    Redeclaring symbol font `symbols' on input line 71.
LaTeX Font Info:    Encoding `OMS' has changed to `LS2' for symbol font
(Font)              `symbols' in the math version `normal' on input line 71.
LaTeX Font Info:    Overwriting symbol font `symbols' in version `normal'
(Font)                  OMS/cmsy/m/n --> LS2/libertinust1mathsym/m/n on input l
ine 71.
LaTeX Font Info:    Encoding `OMS' has changed to `LS2' for symbol font
(Font)              `symbols' in the math version `bold' on input line 71.
LaTeX Font Info:    Overwriting symbol font `symbols' in version `bold'
(Font)                  OMS/cmsy/b/n --> LS2/libertinust1mathsym/m/n on input l
ine 71.
LaTeX Font Info:    Redeclaring symbol font `largesymbols' on input line 72.
LaTeX Font Info:    Encoding `OMX' has changed to `LS2' for symbol font
(Font)              `largesymbols' in the math version `normal' on input line 7
2.
LaTeX Font Info:    Overwriting symbol font `largesymbols' in version `normal'
(Font)                  OMX/cmex/m/n --> LS2/libertinust1mathex/m/n on input li
ne 72.
LaTeX Font Info:    Encoding `OMX' has changed to `LS2' for symbol font
(Font)              `largesymbols' in the math version `bold' on input line 72.

LaTeX Font Info:    Overwriting symbol font `largesymbols' in version `bold'
(Font)                  OMX/cmex/m/n --> LS2/libertinust1mathex/m/n on input li
ne 72.
LaTeX Font Info:    Redeclaring math alphabet \mathsf on input line 73.
LaTeX Font Info:    Overwriting math alphabet `\mathsf' in version `normal'
(Font)                  OT1/cmss/m/n --> LS1/libertinust1mathsf/m/n on input li
ne 73.
LaTeX Font Info:    Overwriting math alphabet `\mathsf' in version `bold'
(Font)                  OT1/cmss/bx/n --> LS1/libertinust1mathsf/m/n on input l
ine 73.
LaTeX Font Info:    Redeclaring math alphabet \mathsfbf on input line 82.
LaTeX Font Info:    Overwriting math alphabet `\mathsfbf' in version `normal'
(Font)                  LS1/libertinust1mathsf/b/n --> LS1/libertinust1mathsf/b
/n on input line 82.
LaTeX Font Info:    Overwriting math alphabet `\mathsfbf' in version `bold'
(Font)                  LS1/libertinust1mathsf/b/n --> LS1/libertinust1mathsf/b
/n on input line 82.
LaTeX Font Info:    Overwriting symbol font `letters' in version `bold'
(Font)                  LS1/libertinust1math/m/it --> LS1/libertinust1math/b/it
 on input line 84.
LaTeX Font Info:    Overwriting symbol font `operators' in version `bold'
(Font)                  LS1/libertinust1math/m/n --> LS1/libertinust1math/b/n o
n input line 85.
\symbold-operators=\mathgroup5
\symbold-letters=\mathgroup6
LaTeX Font Info:    Redeclaring math alphabet \mathit on input line 88.
LaTeX Font Info:    Redeclaring math alphabet \mathbf on input line 90.
LaTeX Font Info:    Overwriting math alphabet `\mathsf' in version `bold'
(Font)                  LS1/libertinust1mathsf/m/n --> LS1/libertinust1mathsf/b
/n on input line 118.
LaTeX Font Info:    Redeclaring math alphabet \mathcal on input line 130.
LaTeX Font Info:    Overwriting math alphabet `\mathcal' in version `bold'
(Font)                  U/stixcal/m/n --> U/stixcal/b/n on input line 131.
LaTeX Font Info:    Redeclaring math symbol \hbar on input line 362.
LaTeX Font Info:    Redeclaring math accent \grave on input line 659.
LaTeX Font Info:    Redeclaring math accent \acute on input line 660.
LaTeX Font Info:    Redeclaring math accent \hat on input line 661.
LaTeX Font Info:    Redeclaring math accent \tilde on input line 662.
LaTeX Font Info:    Redeclaring math accent \bar on input line 663.
LaTeX Font Info:    Redeclaring math accent \breve on input line 664.
LaTeX Font Info:    Redeclaring math accent \dot on input line 665.
LaTeX Font Info:    Redeclaring math accent \ddot on input line 666.
LaTeX Font Info:    Redeclaring math accent \mathring on input line 668.
LaTeX Font Info:    Redeclaring math accent \check on input line 669.
LaTeX Font Info:    Redeclaring math accent \vec on input line 677.
LaTeX Info: Redefining \vdots on input line 1086.
LaTeX Info: Redefining \cdots on input line 1091.
LaTeX Info: Redefining \not on input line 1333.
)
(C:\Users\kevin\AppData\Local\Programs\MiKTeX\tex/latex/base\fontenc.sty
Package: fontenc 2021/04/29 v2.0v Standard LaTeX package
LaTeX Font Info:    Trying to load font information for T1+LibertinusSerif-TLF 
on input line 112.

(C:\Users\kevin\AppData\Local\Programs\MiKTeX\tex/latex/libertinus-type1\t1libe
rtinusserif-tlf.fd
File: T1LibertinusSerif-TLF.fd 2020/08/22 (autoinst) Font definitions for T1/Li
bertinusSerif-TLF.
)
LaTeX Font Info:    Font shape `T1/LibertinusSerif-TLF/m/n' will be
(Font)              scaled to size 12.0pt on input line 112.
)
(C:\Users\kevin\AppData\Local\Programs\MiKTeX\tex/latex/base\inputenc.sty
Package: inputenc 2021/02/14 v1.3d Input encoding file
\inpenc@prehook=\toks23
\inpenc@posthook=\toks24
)
(C:\Users\kevin\AppData\Local\Programs\MiKTeX\tex/generic/babel\babel.sty
Package: babel 2021/07/22 3.63 The Babel package

(C:\Users\kevin\AppData\Local\Programs\MiKTeX\tex/generic/babel\babel.def
File: babel.def 2021/07/22 3.63 Babel common definitions
\babel@savecnt=\count269
\U@D=\dimen148
\l@unhyphenated=\language79

(C:\Users\kevin\AppData\Local\Programs\MiKTeX\tex/generic/babel\txtbabel.def)
\bbl@readstream=\read2
)
\bbl@dirlevel=\count270

*************************************
* Local config file bblopts.cfg used
*
(C:\Users\kevin\AppData\Local\Programs\MiKTeX\tex/latex/arabi\bblopts.cfg
File: bblopts.cfg 2005/09/08 v0.1 add Arabic and Farsi to "declared" options of
 babel
)
(C:\Users\kevin\AppData\Local\Programs\MiKTeX\tex/latex/babel-english\american.
ldf
Language: american 2017/06/06 v3.3r English support from the babel system

(C:\Users\kevin\AppData\Local\Programs\MiKTeX\tex/latex/babel-english\english.l
df
Language: english 2017/06/06 v3.3r English support from the babel system
Package babel Info: Hyphen rules for 'canadian' set to \l@english
(babel)             (\language0). Reported on input line 102.
Package babel Info: Hyphen rules for 'australian' set to \l@ukenglish
(babel)             (\language73). Reported on input line 105.
Package babel Info: Hyphen rules for 'newzealand' set to \l@ukenglish
(babel)             (\language73). Reported on input line 108.
)))
(C:\Users\kevin\AppData\Local\Programs\MiKTeX\tex/latex/oberdiek\aliascnt.sty
Package: aliascnt 2018/09/07 v1.5 Alias counters (HO)
)
(C:\Users\kevin\AppData\Local\Programs\MiKTeX\tex/latex/amsfonts\amssymb.sty
Package: amssymb 2013/01/14 v3.01 AMS font symbols

(C:\Users\kevin\AppData\Local\Programs\MiKTeX\tex/latex/amsfonts\amsfonts.sty
Package: amsfonts 2013/01/14 v3.01 Basic AMSFonts support
\symAMSa=\mathgroup7
\symAMSb=\mathgroup8
LaTeX Font Info:    Overwriting math alphabet `\mathfrak' in version `bold'
(Font)                  U/euf/m/n --> U/euf/b/n on input line 106.
LaTeX Font Info:    Redeclaring math symbol \square on input line 141.
LaTeX Font Info:    Redeclaring math symbol \lozenge on input line 142.
)
LaTeX Font Info:    Redeclaring math symbol \boxdot on input line 44.
LaTeX Font Info:    Redeclaring math symbol \boxplus on input line 45.
LaTeX Font Info:    Redeclaring math symbol \boxtimes on input line 46.
LaTeX Font Info:    Redeclaring math symbol \blacksquare on input line 48.
LaTeX Font Info:    Redeclaring math symbol \centerdot on input line 49.
LaTeX Font Info:    Redeclaring math symbol \leftrightharpoons on input line 56
.
LaTeX Font Info:    Redeclaring math symbol \boxminus on input line 57.
LaTeX Font Info:    Redeclaring math symbol \Vdash on input line 58.
LaTeX Font Info:    Redeclaring math symbol \Vvdash on input line 59.
LaTeX Font Info:    Redeclaring math symbol \vDash on input line 60.
LaTeX Font Info:    Redeclaring math symbol \circeq on input line 82.
LaTeX Font Info:    Redeclaring math symbol \succsim on input line 83.
LaTeX Font Info:    Redeclaring math symbol \gtrsim on input line 84.
LaTeX Font Info:    Redeclaring math symbol \therefore on input line 87.
LaTeX Font Info:    Redeclaring math symbol \because on input line 88.
LaTeX Font Info:    Redeclaring math symbol \doteqdot on input line 89.
LaTeX Font Info:    Redeclaring math symbol \triangleq on input line 91.
LaTeX Font Info:    Redeclaring math symbol \precsim on input line 92.
LaTeX Font Info:    Redeclaring math symbol \lesssim on input line 93.
LaTeX Font Info:    Redeclaring math symbol \curlyeqprec on input line 97.
LaTeX Font Info:    Redeclaring math symbol \curlyeqsucc on input line 98.
LaTeX Font Info:    Redeclaring math symbol \preccurlyeq on input line 99.
LaTeX Font Info:    Redeclaring math symbol \leqq on input line 100.
LaTeX Font Info:    Redeclaring math symbol \lessgtr on input line 102.
LaTeX Font Info:    Redeclaring math symbol \backprime on input line 103.
LaTeX Font Info:    Redeclaring math symbol \risingdotseq on input line 104.
LaTeX Font Info:    Redeclaring math symbol \fallingdotseq on input line 105.
LaTeX Font Info:    Redeclaring math symbol \succcurlyeq on input line 106.
LaTeX Font Info:    Redeclaring math symbol \geqq on input line 107.
LaTeX Font Info:    Redeclaring math symbol \gtrless on input line 109.
LaTeX Font Info:    Redeclaring math symbol \between on input line 118.
LaTeX Font Info:    Redeclaring math symbol \blacktriangledown on input line 11
9.
LaTeX Font Info:    Redeclaring math symbol \blacktriangleright on input line 1
20.
LaTeX Font Info:    Redeclaring math symbol \blacktriangleleft on input line 12
1.
LaTeX Font Info:    Redeclaring math symbol \triangledown on input line 124.
LaTeX Font Info:    Redeclaring math symbol \eqcirc on input line 125.
LaTeX Font Info:    Redeclaring math symbol \lesseqgtr on input line 126.
LaTeX Font Info:    Redeclaring math symbol \gtreqless on input line 127.
LaTeX Font Info:    Redeclaring math symbol \measuredangle on input line 137.
LaTeX Font Info:    Redeclaring math symbol \sphericalangle on input line 138.
LaTeX Font Info:    Redeclaring math symbol \curlywedge on input line 148.
LaTeX Font Info:    Redeclaring math symbol \curlyvee on input line 149.
LaTeX Font Info:    Redeclaring math symbol \bumpeq on input line 154.
LaTeX Font Info:    Redeclaring math symbol \Bumpeq on input line 155.
LaTeX Font Info:    Redeclaring math symbol \lll on input line 156.
LaTeX Font Info:    Redeclaring math symbol \ggg on input line 158.
LaTeX Font Info:    Redeclaring math symbol \dotplus on input line 162.
LaTeX Font Info:    Redeclaring math symbol \backsim on input line 163.
LaTeX Font Info:    Redeclaring math symbol \backsimeq on input line 164.
LaTeX Font Info:    Redeclaring math symbol \complement on input line 165.
LaTeX Font Info:    Redeclaring math symbol \circledcirc on input line 167.
LaTeX Font Info:    Redeclaring math symbol \circledast on input line 168.
LaTeX Font Info:    Redeclaring math symbol \circleddash on input line 169.
LaTeX Font Info:    Redeclaring math symbol \nleq on input line 173.
LaTeX Font Info:    Redeclaring math symbol \ngeq on input line 174.
LaTeX Font Info:    Redeclaring math symbol \nless on input line 175.
LaTeX Font Info:    Redeclaring math symbol \ngtr on input line 176.
LaTeX Font Info:    Redeclaring math symbol \nprec on input line 177.
LaTeX Font Info:    Redeclaring math symbol \nsucc on input line 178.
LaTeX Font Info:    Redeclaring math symbol \lneqq on input line 179.
LaTeX Font Info:    Redeclaring math symbol \gneqq on input line 180.
LaTeX Font Info:    Redeclaring math symbol \precnsim on input line 187.
LaTeX Font Info:    Redeclaring math symbol \succnsim on input line 188.
LaTeX Font Info:    Redeclaring math symbol \lnsim on input line 189.
LaTeX Font Info:    Redeclaring math symbol \gnsim on input line 190.
LaTeX Font Info:    Redeclaring math symbol \precneqq on input line 193.
LaTeX Font Info:    Redeclaring math symbol \succneqq on input line 194.
LaTeX Font Info:    Redeclaring math symbol \nsim on input line 199.
LaTeX Font Info:    Redeclaring math symbol \ncong on input line 200.
LaTeX Font Info:    Redeclaring math symbol \subsetneq on input line 211.
LaTeX Font Info:    Redeclaring math symbol \supsetneq on input line 212.
LaTeX Font Info:    Redeclaring math symbol \nsubseteq on input line 213.
LaTeX Font Info:    Redeclaring math symbol \nsupseteq on input line 214.
LaTeX Font Info:    Redeclaring math symbol \nparallel on input line 215.
LaTeX Font Info:    Redeclaring math symbol \nmid on input line 216.
LaTeX Font Info:    Redeclaring math symbol \nvdash on input line 219.
LaTeX Font Info:    Redeclaring math symbol \nVdash on input line 220.
LaTeX Font Info:    Redeclaring math symbol \nvDash on input line 221.
LaTeX Font Info:    Redeclaring math symbol \nVDash on input line 222.
LaTeX Font Info:    Redeclaring math symbol \ntrianglerighteq on input line 223
.
LaTeX Font Info:    Redeclaring math symbol \ntrianglelefteq on input line 224.

LaTeX Font Info:    Redeclaring math symbol \nleftarrow on input line 227.
LaTeX Font Info:    Redeclaring math symbol \nrightarrow on input line 228.
LaTeX Font Info:    Redeclaring math symbol \nLeftarrow on input line 229.
LaTeX Font Info:    Redeclaring math symbol \nRightarrow on input line 230.
LaTeX Font Info:    Redeclaring math symbol \nLeftrightarrow on input line 231.

LaTeX Font Info:    Redeclaring math symbol \nleftrightarrow on input line 232.

LaTeX Font Info:    Redeclaring math symbol \varnothing on input line 234.
LaTeX Font Info:    Redeclaring math symbol \nexists on input line 235.
LaTeX Font Info:    Redeclaring math symbol \Finv on input line 236.
LaTeX Font Info:    Redeclaring math symbol \Game on input line 237.
LaTeX Font Info:    Redeclaring math symbol \eqsim on input line 241.
LaTeX Font Info:    Redeclaring math symbol \beth on input line 242.
LaTeX Font Info:    Redeclaring math symbol \gimel on input line 243.
LaTeX Font Info:    Redeclaring math symbol \daleth on input line 244.
LaTeX Font Info:    Redeclaring math symbol \lessdot on input line 245.
LaTeX Font Info:    Redeclaring math symbol \gtrdot on input line 246.
LaTeX Font Info:    Redeclaring math symbol \ltimes on input line 247.
LaTeX Font Info:    Redeclaring math symbol \rtimes on input line 248.
LaTeX Font Info:    Redeclaring math symbol \smallsetminus on input line 251.
LaTeX Font Info:    Redeclaring math symbol \thicksim on input line 252.
LaTeX Font Info:    Redeclaring math symbol \thickapprox on input line 253.
LaTeX Font Info:    Redeclaring math symbol \approxeq on input line 254.
LaTeX Font Info:    Redeclaring math symbol \digamma on input line 259.
LaTeX Font Info:    Redeclaring math symbol \varkappa on input line 260.
LaTeX Font Info:    Redeclaring math symbol \hslash on input line 262.
LaTeX Font Info:    Redeclaring math symbol \backepsilon on input line 265.
) (C:\Users\kevin\AppData\Local\Programs\MiKTeX\tex/latex/amscls\amsthm.sty
Package: amsthm 2020/05/29 v2.20.6
\thm@style=\toks25
\thm@bodyfont=\toks26
\thm@headfont=\toks27
\thm@notefont=\toks28
\thm@headpunct=\toks29
\thm@preskip=\skip52
\thm@postskip=\skip53
\thm@headsep=\skip54
\dth@everypar=\toks30
)
(C:\Users\kevin\AppData\Local\Programs\MiKTeX\tex/latex/mathtools\mathtools.sty
Package: mathtools 2021/04/12 v1.27 mathematical typesetting tools
(C:\Users\kevin\AppData\Local\Programs\MiKTeX\tex/latex/tools\calc.sty
Package: calc 2017/05/25 v4.3 Infix arithmetic (KKT,FJ)
\calc@Acount=\count271
\calc@Bcount=\count272
\calc@Adimen=\dimen149
\calc@Bdimen=\dimen150
\calc@Askip=\skip55
\calc@Bskip=\skip56
LaTeX Info: Redefining \setlength on input line 80.
LaTeX Info: Redefining \addtolength on input line 81.
\calc@Ccount=\count273
\calc@Cskip=\skip57
)
(C:\Users\kevin\AppData\Local\Programs\MiKTeX\tex/latex/mathtools\mhsetup.sty
Package: mhsetup 2021/03/18 v1.4 programming setup (MH)
)
LaTeX Info: Thecontrolsequence`\('isalreadyrobust on input line 130.
LaTeX Info: Thecontrolsequence`\)'isalreadyrobust on input line 130.
LaTeX Info: Thecontrolsequence`\['isalreadyrobust on input line 130.
LaTeX Info: Thecontrolsequence`\]'isalreadyrobust on input line 130.
\g_MT_multlinerow_int=\count274
\l_MT_multwidth_dim=\dimen151
\origjot=\skip58
\l_MT_shortvdotswithinadjustabove_dim=\dimen152
\l_MT_shortvdotswithinadjustbelow_dim=\dimen153
\l_MT_above_intertext_sep=\dimen154
\l_MT_below_intertext_sep=\dimen155
\l_MT_above_shortintertext_sep=\dimen156
\l_MT_below_shortintertext_sep=\dimen157
\xmathstrut@box=\box52
\xmathstrut@dim=\dimen158
)
(C:\Users\kevin\AppData\Local\Programs\MiKTeX\tex/latex/microtype\microtype.sty
Package: microtype 2021/03/14 v2.8c Micro-typographical refinements (RS)
\MT@toks=\toks31
\MT@count=\count275
LaTeX Info: Redefining \textls on input line 790.
\MT@outer@kern=\dimen159
LaTeX Info: Redefining \textmicrotypecontext on input line 1374.
\MT@listname@count=\count276

(C:\Users\kevin\AppData\Local\Programs\MiKTeX\tex/latex/microtype\microtype-pdf
tex.def
File: microtype-pdftex.def 2021/03/14 v2.8c Definitions specific to pdftex (RS)

LaTeX Info: Redefining \lsstyle on input line 915.
LaTeX Info: Redefining \lslig on input line 915.
\MT@outer@space=\skip59
)
Package microtype Info: Loading configuration file microtype.cfg.

(C:\Users\kevin\AppData\Local\Programs\MiKTeX\tex/latex/microtype\microtype.cfg
File: microtype.cfg 2021/03/14 v2.8c microtype main configuration file (RS)
)) (C:\Users\kevin\AppData\Local\Programs\MiKTeX\tex/latex/parskip\parskip.sty
Package: parskip 2021-03-14 v2.0h non-zero parskip adjustments

(C:\Users\kevin\AppData\Local\Programs\MiKTeX\tex/latex/kvoptions\kvoptions.sty
Package: kvoptions 2020-10-07 v3.14 Key value format for package options (HO)
(C:\Users\kevin\AppData\Local\Programs\MiKTeX\tex/generic/ltxcmds\ltxcmds.sty
Package: ltxcmds 2020-05-10 v1.25 LaTeX kernel commands for general use (HO)
)
(C:\Users\kevin\AppData\Local\Programs\MiKTeX\tex/generic/kvsetkeys\kvsetkeys.s
ty
Package: kvsetkeys 2019/12/15 v1.18 Key value parser (HO)
))
(C:\Users\kevin\AppData\Local\Programs\MiKTeX\tex/latex/etoolbox\etoolbox.sty
Package: etoolbox 2020/10/05 v2.5k e-TeX tools for LaTeX (JAW)
\etb@tempcnta=\count277
)) (C:\Users\kevin\AppData\Local\Programs\MiKTeX\tex/latex/hyperref\hyperref.st
y
Package: hyperref 2021-06-07 v7.00m Hypertext links for LaTeX

(C:\Users\kevin\AppData\Local\Programs\MiKTeX\tex/generic/pdftexcmds\pdftexcmds
.sty
Package: pdftexcmds 2020-06-27 v0.33 Utility functions of pdfTeX for LuaTeX (HO
)

(C:\Users\kevin\AppData\Local\Programs\MiKTeX\tex/generic/infwarerr\infwarerr.s
ty
Package: infwarerr 2019/12/03 v1.5 Providing info/warning/error messages (HO)
)
Package pdftexcmds Info: \pdf@primitive is available.
Package pdftexcmds Info: \pdf@ifprimitive is available.
Package pdftexcmds Info: \pdfdraftmode found.
)
(C:\Users\kevin\AppData\Local\Programs\MiKTeX\tex/generic/kvdefinekeys\kvdefine
keys.sty
Package: kvdefinekeys 2019-12-19 v1.6 Define keys (HO)
)
(C:\Users\kevin\AppData\Local\Programs\MiKTeX\tex/generic/pdfescape\pdfescape.s
ty
Package: pdfescape 2019/12/09 v1.15 Implements pdfTeX's escape features (HO)
) (C:\Users\kevin\AppData\Local\Programs\MiKTeX\tex/latex/hycolor\hycolor.sty
Package: hycolor 2020-01-27 v1.10 Color options for hyperref/bookmark (HO)
)
(C:\Users\kevin\AppData\Local\Programs\MiKTeX\tex/latex/letltxmacro\letltxmacro
.sty
Package: letltxmacro 2019/12/03 v1.6 Let assignment for LaTeX macros (HO)
)
(C:\Users\kevin\AppData\Local\Programs\MiKTeX\tex/latex/auxhook\auxhook.sty
Package: auxhook 2019-12-17 v1.6 Hooks for auxiliary files (HO)
)
\@linkdim=\dimen160
\Hy@linkcounter=\count278
\Hy@pagecounter=\count279

(C:\Users\kevin\AppData\Local\Programs\MiKTeX\tex/latex/hyperref\pd1enc.def
File: pd1enc.def 2021-06-07 v7.00m Hyperref: PDFDocEncoding definition (HO)
Now handling font encoding PD1 ...
... no UTF-8 mapping file for font encoding PD1
)
(C:\Users\kevin\AppData\Local\Programs\MiKTeX\tex/latex/hyperref\hyperref-langp
atches.def
File: hyperref-langpatches.def 2021-06-07 v7.00m Hyperref: patches for babel la
nguages
)
(C:\Users\kevin\AppData\Local\Programs\MiKTeX\tex/generic/intcalc\intcalc.sty
Package: intcalc 2019/12/15 v1.3 Expandable calculations with integers (HO)
)
(C:\Users\kevin\AppData\Local\Programs\MiKTeX\tex/generic/etexcmds\etexcmds.sty
Package: etexcmds 2019/12/15 v1.7 Avoid name clashes with e-TeX commands (HO)
)
\Hy@SavedSpaceFactor=\count280
 (C:\Users\kevin\AppData\Local\Programs\MiKTeX\tex/latex/hyperref\puenc.def
File: puenc.def 2021-06-07 v7.00m Hyperref: PDF Unicode definition (HO)
Now handling font encoding PU ...
... no UTF-8 mapping file for font encoding PU
)
Package hyperref Info: Option `pdfusetitle' set `true' on input line 4073.
Package hyperref Info: Hyper figures OFF on input line 4192.
Package hyperref Info: Link nesting OFF on input line 4197.
Package hyperref Info: Hyper index ON on input line 4200.
Package hyperref Info: Plain pages OFF on input line 4207.
Package hyperref Info: Backreferencing OFF on input line 4212.
Package hyperref Info: Implicit mode ON; LaTeX internals redefined.
Package hyperref Info: Bookmarks ON on input line 4445.
\c@Hy@tempcnt=\count281

(C:\Users\kevin\AppData\Local\Programs\MiKTeX\tex/latex/url\url.sty
\Urlmuskip=\muskip17
Package: url 2013/09/16  ver 3.4  Verb mode for urls, etc.
)
LaTeX Info: Redefining \url on input line 4804.
\XeTeXLinkMargin=\dimen161

(C:\Users\kevin\AppData\Local\Programs\MiKTeX\tex/generic/bitset\bitset.sty
Package: bitset 2019/12/09 v1.3 Handle bit-vector datatype (HO)

(C:\Users\kevin\AppData\Local\Programs\MiKTeX\tex/generic/bigintcalc\bigintcalc
.sty
Package: bigintcalc 2019/12/15 v1.5 Expandable calculations on big integers (HO
)
))
\Fld@menulength=\count282
\Field@Width=\dimen162
\Fld@charsize=\dimen163
Package hyperref Info: Hyper figures OFF on input line 6076.
Package hyperref Info: Link nesting OFF on input line 6081.
Package hyperref Info: Hyper index ON on input line 6084.
Package hyperref Info: backreferencing OFF on input line 6091.
Package hyperref Info: Link coloring OFF on input line 6096.
Package hyperref Info: Link coloring with OCG OFF on input line 6101.
Package hyperref Info: PDF/A mode OFF on input line 6106.
LaTeX Info: Redefining \ref on input line 6146.
LaTeX Info: Redefining \pageref on input line 6150.

(C:\Users\kevin\AppData\Local\Programs\MiKTeX\tex/latex/base\atbegshi-ltx.sty
Package: atbegshi-ltx 2021/01/10 v1.0c Emulation of the original atbegshi
package with kernel methods
)
\Hy@abspage=\count283
\c@Item=\count284
\c@Hfootnote=\count285
)
Package hyperref Info: Driver (autodetected): hpdftex.
(C:\Users\kevin\AppData\Local\Programs\MiKTeX\tex/latex/hyperref\hpdftex.def
File: hpdftex.def 2021-06-07 v7.00m Hyperref driver for pdfTeX

(C:\Users\kevin\AppData\Local\Programs\MiKTeX\tex/latex/base\atveryend-ltx.sty
Package: atveryend-ltx 2020/08/19 v1.0a Emulation of the original atvery packag
e
with kernel methods
)
\Fld@listcount=\count286
\c@bookmark@seq@number=\count287

(C:\Users\kevin\AppData\Local\Programs\MiKTeX\tex/latex/rerunfilecheck\rerunfil
echeck.sty
Package: rerunfilecheck 2019/12/05 v1.9 Rerun checks for auxiliary files (HO)

(C:\Users\kevin\AppData\Local\Programs\MiKTeX\tex/generic/uniquecounter\uniquec
ounter.sty
Package: uniquecounter 2019/12/15 v1.4 Provide unlimited unique counter (HO)
)
Package uniquecounter Info: New unique counter `rerunfilecheck' on input line 2
86.
)
\Hy@SectionHShift=\skip60
)
(C:\Users\kevin\AppData\Local\Programs\MiKTeX\tex/latex/geometry\geometry.sty
Package: geometry 2020/01/02 v5.9 Page Geometry

(C:\Users\kevin\AppData\Local\Programs\MiKTeX\tex/generic/iftex\ifvtex.sty
Package: ifvtex 2019/10/25 v1.7 ifvtex legacy package. Use iftex instead.
)
\Gm@cnth=\count288
\Gm@cntv=\count289
\c@Gm@tempcnt=\count290
\Gm@bindingoffset=\dimen164
\Gm@wd@mp=\dimen165
\Gm@odd@mp=\dimen166
\Gm@even@mp=\dimen167
\Gm@layoutwidth=\dimen168
\Gm@layoutheight=\dimen169
\Gm@layouthoffset=\dimen170
\Gm@layoutvoffset=\dimen171
\Gm@dimlist=\toks32

(C:\Users\kevin\AppData\Local\Programs\MiKTeX\tex/latex/geometry\geometry.cfg))
LaTeX Font Info:    Redeclaring math symbol \circ on input line 134.
LaTeX Font Info:    Redeclaring math symbol \epsilon on input line 135.
LaTeX Font Info:    Redeclaring math symbol \eqcolon on input line 142.
) (C:\Users\kevin\AppData\Local\Programs\MiKTeX\tex/latex/tools\bm.sty
Package: bm 2021/04/25 v1.2e Bold Symbol Support (DPC/FMi)
\symboldoperators=\mathgroup9
\symboldletters=\mathgroup10
Package bm Info: No bold for \LS2/libertinust1mathsym/m/n, using \pmb.
Package bm Info: No bold for \LS2/libertinust1mathex/m/n, using \pmb.
Package bm Info: No bold for \LS1/libertinust1mathbb/m/n, using \pmb.
Package bm Info: No bold for \LS1/libertinust1math/b/n, using \pmb.
Package bm Info: No bold for \LS1/libertinust1math/b/it, using \pmb.
Package bm Info: No bold for \U/msa/m/n, using \pmb.
Package bm Info: No bold for \U/msb/m/n, using \pmb.
)
(C:\Users\kevin\AppData\Local\Programs\MiKTeX\tex/latex/l3backend\l3backend-pdf
tex.def
File: l3backend-pdftex.def 2021-08-04 L3 backend support: PDF output (pdfTeX)
\l__color_backend_stack_int=\count291
\l__pdf_internal_box=\box53
) (hw6.aux)
\openout1 = `hw6.aux'.

LaTeX Font Info:    Checking defaults for OML/cmm/m/it on input line 8.
LaTeX Font Info:    ... okay on input line 8.
LaTeX Font Info:    Checking defaults for OMS/cmsy/m/n on input line 8.
LaTeX Font Info:    ... okay on input line 8.
LaTeX Font Info:    Checking defaults for OT1/cmr/m/n on input line 8.
LaTeX Font Info:    ... okay on input line 8.
LaTeX Font Info:    Checking defaults for T1/cmr/m/n on input line 8.
LaTeX Font Info:    ... okay on input line 8.
LaTeX Font Info:    Checking defaults for TS1/cmr/m/n on input line 8.
LaTeX Font Info:    ... okay on input line 8.
LaTeX Font Info:    Checking defaults for OMX/cmex/m/n on input line 8.
LaTeX Font Info:    ... okay on input line 8.
LaTeX Font Info:    Checking defaults for U/cmr/m/n on input line 8.
LaTeX Font Info:    ... okay on input line 8.
LaTeX Font Info:    Checking defaults for LS1/libertinust1math/m/n on input lin
e 8.
LaTeX Font Info:    Trying to load font information for LS1+libertinust1math on
 input line 8.

(C:\Users\kevin\AppData\Local\Programs\MiKTeX\tex/latex/libertinust1math\ls1lib
ertinust1math.fd
File: ls1libertinust1math.fd 2016/03/23 Fontinst v1.933 font definitions for LS
1/libertinust1math.
)
LaTeX Font Info:    ... okay on input line 8.
LaTeX Font Info:    Checking defaults for LS2/libertinust1mathsym/m/n on input 
line 8.
LaTeX Font Info:    Trying to load font information for LS2+libertinust1mathsym
 on input line 8.

(C:\Users\kevin\AppData\Local\Programs\MiKTeX\tex/latex/libertinust1math\ls2lib
ertinust1mathsym.fd
File: ls2libertinust1mathsym.fd 2015/04/17 v1.1.2-latex LibertinusT1Mathsym LS2
 font definitions
)
LaTeX Font Info:    ... okay on input line 8.
LaTeX Font Info:    Checking defaults for PD1/pdf/m/n on input line 8.
LaTeX Font Info:    ... okay on input line 8.
LaTeX Font Info:    Checking defaults for PU/pdf/m/n on input line 8.
LaTeX Font Info:    ... okay on input line 8.
\c@mv@tabular=\count292
\c@mv@boldtabular=\count293

(C:\Users\kevin\AppData\Local\Programs\MiKTeX\tex/latex/graphics\graphicx.sty
Package: graphicx 2020/12/05 v1.2c Enhanced LaTeX Graphics (DPC,SPQR)

(C:\Users\kevin\AppData\Local\Programs\MiKTeX\tex/latex/graphics\graphics.sty
Package: graphics 2021/03/04 v1.4d Standard LaTeX Graphics (DPC,SPQR)

(C:\Users\kevin\AppData\Local\Programs\MiKTeX\tex/latex/graphics\trig.sty
Package: trig 2016/01/03 v1.10 sin cos tan (DPC)
)
(C:\Users\kevin\AppData\Local\Programs\MiKTeX\tex/latex/graphics-cfg\graphics.c
fg
File: graphics.cfg 2016/06/04 v1.11 sample graphics configuration
)
Package graphics Info: Driver file: pdftex.def on input line 107.

(C:\Users\kevin\AppData\Local\Programs\MiKTeX\tex/latex/graphics-def\pdftex.def
File: pdftex.def 2020/10/05 v1.2a Graphics/color driver for pdftex

(C:\Users\kevin\AppData\Local\Programs\MiKTeX\tex/context/base/mkii\supp-pdf.mk
ii
[Loading MPS to PDF converter (version 2006.09.02).]
\scratchcounter=\count294
\scratchdimen=\dimen172
\scratchbox=\box54
\nofMPsegments=\count295
\nofMParguments=\count296
\everyMPshowfont=\toks33
\MPscratchCnt=\count297
\MPscratchDim=\dimen173
\MPnumerator=\count298
\makeMPintoPDFobject=\count299
\everyMPtoPDFconversion=\toks34
)))
(C:\Users\kevin\AppData\Local\Programs\MiKTeX\tex/latex/epstopdf-pkg\epstopdf-b
ase.sty
Package: epstopdf-base 2020-01-24 v2.11 Base part for package epstopdf
Package epstopdf-base Info: Redefining graphics rule for `.eps' on input line 4
85.

(C:\Users\kevin\AppData\Local\Programs\MiKTeX\tex/latex/00miktex\epstopdf-sys.c
fg
File: epstopdf-sys.cfg 2021/03/18 v2.0 Configuration of epstopdf for MiKTeX
))
\Gin@req@height=\dimen174
\Gin@req@width=\dimen175
)
LaTeX Info: Redefining \microtypecontext on input line 8.
Package microtype Info: Generating PDF output.
Package microtype Info: Character protrusion enabled (level 2).
Package microtype Info: Using default protrusion set `alltext'.
Package microtype Info: Automatic font expansion enabled (level 2),
(microtype)             stretch: 20, shrink: 20, step: 1, non-selected.
Package microtype Info: Using default expansion set `alltext-nott'.
LaTeX Info: Redefining \showhyphens on input line 8.
Package microtype Info: No adjustment of tracking.
Package microtype Info: No adjustment of interword spacing.
Package microtype Info: No adjustment of character kerning.
Package microtype Info: Loading generic protrusion settings for font family
(microtype)             `LibertinusSerif-TLF' (encoding: T1).
(microtype)             For optimal results, create family-specific settings.
(microtype)             See the microtype manual for details.
Package hyperref Info: Link coloring OFF on input line 8.

(C:\Users\kevin\AppData\Local\Programs\MiKTeX\tex/latex/hyperref\nameref.sty
Package: nameref 2021-04-02 v2.47 Cross-referencing by name of section

(C:\Users\kevin\AppData\Local\Programs\MiKTeX\tex/latex/refcount\refcount.sty
Package: refcount 2019/12/15 v3.6 Data extraction from label references (HO)
)
(C:\Users\kevin\AppData\Local\Programs\MiKTeX\tex/generic/gettitlestring\gettit
lestring.sty
Package: gettitlestring 2019/12/15 v1.6 Cleanup title references (HO)
)
\c@section@level=\count300
)
LaTeX Info: Redefining \ref on input line 8.
LaTeX Info: Redefining \pageref on input line 8.
LaTeX Info: Redefining \nameref on input line 8.
 (hw6.out) (hw6.out)
\@outlinefile=\write3
\openout3 = `hw6.out'.


*geometry* driver: auto-detecting
*geometry* detected driver: pdftex
*geometry* verbose mode - [ preamble ] result:
* driver: pdftex
* paper: <default>
* layout: <same size as paper>
* layoutoffset:(h,v)=(0.0pt,0.0pt)
* modes: 
* h-part:(L,W,R)=(72.26999pt, 452.9679pt, 72.26999pt)
* v-part:(T,H,B)=(72.26999pt, 700.50687pt, 72.26999pt)
* \paperwidth=597.50787pt
* \paperheight=845.04684pt
* \textwidth=452.9679pt
* \textheight=700.50687pt
* \oddsidemargin=0.0pt
* \evensidemargin=0.0pt
* \topmargin=-37.0pt
* \headheight=12.0pt
* \headsep=25.0pt
* \topskip=12.0pt
* \footskip=30.0pt
* \marginparwidth=35.0pt
* \marginparsep=10.0pt
* \columnsep=10.0pt
* \skip\footins=10.8pt plus 4.0pt minus 2.0pt
* \hoffset=0.0pt
* \voffset=0.0pt
* \mag=1000
* \@twocolumnfalse
* \@twosidefalse
* \@mparswitchfalse
* \@reversemarginfalse
* (1in=72.27pt=25.4mm, 1cm=28.453pt)

LaTeX Font Info:    Font shape `T1/LibertinusSerif-TLF/m/n' will be
(Font)              scaled to size 20.74pt on input line 11.
LaTeX Font Info:    Font shape `T1/LibertinusSerif-TLF/m/n' will be
(Font)              scaled to size 14.4pt on input line 11.
LaTeX Font Info:    Font shape `LS1/libertinust1math/m/n' will be
(Font)              scaled to size 14.4pt on input line 11.
LaTeX Font Info:    Font shape `LS1/libertinust1math/m/n' will be
(Font)              scaled to size 10.0pt on input line 11.
LaTeX Font Info:    Font shape `LS1/libertinust1math/m/n' will be
(Font)              scaled to size 7.0pt on input line 11.
LaTeX Font Info:    Font shape `LS1/libertinust1math/m/it' will be
(Font)              scaled to size 14.4pt on input line 11.
LaTeX Font Info:    Font shape `LS1/libertinust1math/m/it' will be
(Font)              scaled to size 10.0pt on input line 11.
LaTeX Font Info:    Font shape `LS1/libertinust1math/m/it' will be
(Font)              scaled to size 7.0pt on input line 11.
LaTeX Font Info:    Font shape `LS2/libertinust1mathsym/m/n' will be
(Font)              scaled to size 14.4pt on input line 11.
LaTeX Font Info:    Font shape `LS2/libertinust1mathsym/m/n' will be
(Font)              scaled to size 10.0pt on input line 11.
LaTeX Font Info:    Font shape `LS2/libertinust1mathsym/m/n' will be
(Font)              scaled to size 7.0pt on input line 11.
LaTeX Font Info:    Trying to load font information for LS2+libertinust1mathex 
on input line 11.

(C:\Users\kevin\AppData\Local\Programs\MiKTeX\tex/latex/libertinust1math\ls2lib
ertinust1mathex.fd
File: ls2libertinust1mathex.fd 2016/03/15 v1.0.0-latex LibertinusMath extension
s LS2 font definitions
)
LaTeX Font Info:    Font shape `LS2/libertinust1mathex/m/n' will be
(Font)              scaled to size 14.4pt on input line 11.
LaTeX Font Info:    Font shape `LS2/libertinust1mathex/m/n' will be
(Font)              scaled to size 10.0pt on input line 11.
LaTeX Font Info:    Font shape `LS2/libertinust1mathex/m/n' will be
(Font)              scaled to size 7.0pt on input line 11.
LaTeX Font Info:    Trying to load font information for LS1+libertinust1mathbb 
on input line 11.

(C:\Users\kevin\AppData\Local\Programs\MiKTeX\tex/latex/libertinust1math\ls1lib
ertinust1mathbb.fd
File: ls1libertinust1mathbb.fd 2016/08/22 latex LibertinusT1Mathbb LS1 font def
initions
)
LaTeX Font Info:    Font shape `LS1/libertinust1mathbb/m/n' will be
(Font)              scaled to size 14.4pt on input line 11.
LaTeX Font Info:    Font shape `LS1/libertinust1mathbb/m/n' will be
(Font)              scaled to size 10.0pt on input line 11.
LaTeX Font Info:    Font shape `LS1/libertinust1mathbb/m/n' will be
(Font)              scaled to size 7.0pt on input line 11.
LaTeX Font Info:    Font shape `LS1/libertinust1math/b/n' will be
(Font)              scaled to size 14.4pt on input line 11.
LaTeX Font Info:    Font shape `LS1/libertinust1math/b/n' will be
(Font)              scaled to size 10.0pt on input line 11.
LaTeX Font Info:    Font shape `LS1/libertinust1math/b/n' will be
(Font)              scaled to size 7.0pt on input line 11.
LaTeX Font Info:    Font shape `LS1/libertinust1math/b/it' will be
(Font)              scaled to size 14.4pt on input line 11.
LaTeX Font Info:    Font shape `LS1/libertinust1math/b/it' will be
(Font)              scaled to size 10.0pt on input line 11.
LaTeX Font Info:    Font shape `LS1/libertinust1math/b/it' will be
(Font)              scaled to size 7.0pt on input line 11.
LaTeX Font Info:    Trying to load font information for U+msa on input line 11.


(C:\Users\kevin\AppData\Local\Programs\MiKTeX\tex/latex/amsfonts\umsa.fd
File: umsa.fd 2013/01/14 v3.01 AMS symbols A
)
(C:\Users\kevin\AppData\Local\Programs\MiKTeX\tex/latex/microtype\mt-msa.cfg
File: mt-msa.cfg 2006/02/04 v1.1 microtype config. file: AMS symbols (a) (RS)
)
LaTeX Font Info:    Trying to load font information for U+msb on input line 11.


(C:\Users\kevin\AppData\Local\Programs\MiKTeX\tex/latex/amsfonts\umsb.fd
File: umsb.fd 2013/01/14 v3.01 AMS symbols B
)
(C:\Users\kevin\AppData\Local\Programs\MiKTeX\tex/latex/microtype\mt-msb.cfg
File: mt-msb.cfg 2005/06/01 v1.0 microtype config. file: AMS symbols (b) (RS)
)
LaTeX Font Info:    Font shape `T1/LibertinusSerif-TLF/m/n' will be
(Font)              scaled to size 24.88pt on input line 12.
LaTeX Font Info:    Font shape `T1/LibertinusSerif-TLF/m/n' will be
(Font)              scaled to size 10.95pt on input line 13.
LaTeX Font Info:    Font shape `T1/LibertinusSerif-TLF/m/n' will be
(Font)              scaled to size 17.28pt on input line 15.
LaTeX Font Info:    Font shape `T1/LibertinusSerif-TLF/b/n' will be
(Font)              scaled to size 17.28pt on input line 15.
<figures/sample_observe.png, id=3, 584.1825pt x 388.45125pt>
File: figures/sample_observe.png Graphic file (type png)
<use figures/sample_observe.png>
Package pdftex.def Info: figures/sample_observe.png  used on input line 17.
(pdftex.def)             Requested size: 292.09053pt x 194.22514pt.
<figures/smc_observe.png, id=5, 581.17125pt x 142.73325pt>
File: figures/smc_observe.png Graphic file (type png)
<use figures/smc_observe.png>
Package pdftex.def Info: figures/smc_observe.png  used on input line 19.
(pdftex.def)             Requested size: 290.58492pt x 71.36644pt.
<figures/resample_particles.png, id=6, 582.37575pt x 189.70876pt>
File: figures/resample_particles.png Graphic file (type png)
<use figures/resample_particles.png>
Package pdftex.def Info: figures/resample_particles.png  used on input line 21.

(pdftex.def)             Requested size: 291.18715pt x 94.85414pt.

[1

{C:/Users/kevin/AppData/Local/MiKTeX/pdftex/config/pdftex.map} <./figures/sampl
e_observe.png> <./figures/smc_observe.png> <./figures/resample_particles.png>]
<figures/program2/program2.png, id=18, 1049.72176pt x 602.25pt>
File: figures/program2/program2.png Graphic file (type png)
<use figures/program2/program2.png>
Package pdftex.def Info: figures/program2/program2.png  used on input line 30.
(pdftex.def)             Requested size: 524.8596pt x 301.12425pt.

Overfull \hbox (45.26433pt too wide) in paragraph at lines 29--31
 |  [] 
 []

[2 <./figures/program2/program2.png>]
<figures/program3/1_particles.png, id=25, 722.7pt x 1084.05pt>
File: figures/program3/1_particles.png Graphic file (type png)
<use figures/program3/1_particles.png>
Package pdftex.def Info: figures/program3/1_particles.png  used on input line 3
8.
(pdftex.def)             Requested size: 361.3491pt x 542.02368pt.
 [3 <./figures/program3/1_particles.png>]
<figures/program3/10_particles.png, id=32, 722.7pt x 1084.05pt>
File: figures/program3/10_particles.png Graphic file (type png)
<use figures/program3/10_particles.png>
Package pdftex.def Info: figures/program3/10_particles.png  used on input line 
44.
(pdftex.def)             Requested size: 361.3491pt x 542.02368pt.

[4 <./figures/program3/10_particles.png>]
<figures/program3/100_particles.png, id=38, 722.7pt x 1084.05pt>
File: figures/program3/100_particles.png Graphic file (type png)
<use figures/program3/100_particles.png>
Package pdftex.def Info: figures/program3/100_particles.png  used on input line
 50.
(pdftex.def)             Requested size: 361.3491pt x 542.02368pt.
 [5 <./figures/program3/100_particles.png>]
<figures/program3/1000_particles.png, id=44, 722.7pt x 1084.05pt>
File: figures/program3/1000_particles.png Graphic file (type png)
<use figures/program3/1000_particles.png>
Package pdftex.def Info: figures/program3/1000_particles.png  used on input lin
e 56.
(pdftex.def)             Requested size: 361.3491pt x 542.02368pt.
 [6 <./figures/program3/1000_particles.png>]
<figures/program3/10000_particles.png, id=50, 722.7pt x 1084.05pt>
File: figures/program3/10000_particles.png Graphic file (type png)
<use figures/program3/10000_particles.png>
Package pdftex.def Info: figures/program3/10000_particles.png  used on input li
ne 61.
(pdftex.def)             Requested size: 361.3491pt x 542.02368pt.
 [7 <./figures/program3/10000_particles.png>]
<figures/program3/100000_particles.png, id=57, 722.7pt x 1084.05pt>
File: figures/program3/100000_particles.png Graphic file (type png)
<use figures/program3/100000_particles.png>
Package pdftex.def Info: figures/program3/100000_particles.png  used on input l
ine 67.
(pdftex.def)             Requested size: 361.3491pt x 542.02368pt.
 [8 <./figures/program3/100000_particles.png>]
<figures/program4/program4.png, id=63, 1093.686pt x 621.522pt>
File: figures/program4/program4.png Graphic file (type png)
<use figures/program4/program4.png>
Package pdftex.def Info: figures/program4/program4.png  used on input line 76.
(pdftex.def)             Requested size: 546.84166pt x 310.76024pt.

Overfull \hbox (38.79362pt too wide) in paragraph at lines 75--77
 |  [] 
 []

[9 <./figures/program4/program4.png>] (hw6.aux)
Package rerunfilecheck Info: File `hw6.out' has not changed.
(rerunfilecheck)             Checksum: D41D8CD98F00B204E9800998ECF8427E;0.
 ) 
Here is how much of TeX's memory you used:
 14840 strings out of 478868
 235201 string characters out of 2848809
 565522 words of memory out of 3000000
 32427 multiletter control sequences out of 15000+600000
 463758 words of font info for 94 fonts, out of 8000000 for 9000
 1141 hyphenation exceptions out of 8191
 86i,6n,94p,499b,376s stack positions out of 5000i,500n,10000p,200000b,80000s
{C:/Users/kevin/AppData/Local/Programs/MiKTeX/fonts/enc/dvips/libertinus-type
1/lbts_sfissr.enc}{C:/Users/kevin/AppData/Local/Programs/MiKTeX/fonts/enc/dvips
/libertinus-type1/lbts_75t36g.enc}<C:/Users/kevin/AppData/Local/Programs/MiKTeX
/fonts/type1/public/libertinus-type1/LibertinusSerif-Bold.pfb><C:/Users/kevin/A
ppData/Local/Programs/MiKTeX/fonts/type1/public/libertinus-type1/LibertinusSeri
f-Regular.pfb>
Output written on hw6.pdf (9 pages, 1145331 bytes).
PDF statistics:
 87 PDF objects out of 1000 (max. 8388607)
 14 named destinations out of 1000 (max. 500000)
 26680 words of extra memory for PDF output out of 29859 (max. 10000000)

